2021-10-26 17:22:12.033 INFO  rainclassv3.config.RainClassV3Application         :55   [32m                  [0;39m Starting RainClassV3Application using Java 1.8.0_261 on DESKTOP-6AM15DO with PID 14732 (F:\private\rain-class-v3-main\target\classes started by Administrator in F:\private\rain-class-v3-main)
2021-10-26 17:22:12.033 INFO  org.hibernate.validator.internal.util.Version     :21   [32m                  [0;39m HV000001: Hibernate Validator 6.2.0.Final
2021-10-26 17:22:12.036 INFO  rainclassv3.config.RainClassV3Application         :659  [32m                  [0;39m No active profile set, falling back to default profiles: default
2021-10-26 17:22:12.178 INFO  o.s.b.d.env.DevToolsPropertyDefaultsPostProcessor :255  [32m                  [0;39m Devtools property defaults active! Set 'spring.devtools.add-properties' to 'false' to disable
2021-10-26 17:22:12.179 INFO  o.s.b.d.env.DevToolsPropertyDefaultsPostProcessor :255  [32m                  [0;39m For additional web related logging consider setting the 'logging.level.web' property to 'DEBUG'
2021-10-26 17:22:16.147 INFO  o.s.d.r.config.RepositoryConfigurationDelegate    :262  [32m                  [0;39m Multiple Spring Data modules found, entering strict repository configuration mode!
2021-10-26 17:22:16.147 INFO  o.s.d.r.config.RepositoryConfigurationDelegate    :132  [32m                  [0;39m Bootstrapping Spring Data JDBC repositories in DEFAULT mode.
2021-10-26 17:22:16.172 INFO  o.s.d.r.config.RepositoryConfigurationDelegate    :201  [32m                  [0;39m Finished Spring Data repository scanning in 20 ms. Found 0 JDBC repository interfaces.
2021-10-26 17:22:16.209 INFO  o.s.d.r.config.RepositoryConfigurationDelegate    :262  [32m                  [0;39m Multiple Spring Data modules found, entering strict repository configuration mode!
2021-10-26 17:22:16.210 INFO  o.s.d.r.config.RepositoryConfigurationDelegate    :132  [32m                  [0;39m Bootstrapping Spring Data Redis repositories in DEFAULT mode.
2021-10-26 17:22:16.254 INFO  o.s.d.r.config.RepositoryConfigurationDelegate    :201  [32m                  [0;39m Finished Spring Data repository scanning in 0 ms. Found 0 Redis repository interfaces.
2021-10-26 17:22:18.376 INFO  o.s.boot.web.embedded.tomcat.TomcatWebServer      :108  [32m                  [0;39m Tomcat initialized with port(s): 9000 (http)
2021-10-26 17:22:18.406 INFO  org.apache.coyote.http11.Http11NioProtocol        :173  [32m                  [0;39m Initializing ProtocolHandler ["http-nio-9000"]
2021-10-26 17:22:18.407 INFO  org.apache.catalina.core.StandardService          :173  [32m                  [0;39m Starting service [Tomcat]
2021-10-26 17:22:18.407 INFO  org.apache.catalina.core.StandardEngine           :173  [32m                  [0;39m Starting Servlet engine: [Apache Tomcat/9.0.46]
2021-10-26 17:22:18.546 INFO  o.a.c.core.ContainerBase.[Tomcat].[localhost].[/] :173  [32m                  [0;39m Initializing Spring embedded WebApplicationContext
2021-10-26 17:22:18.546 INFO  o.s.b.w.s.c.ServletWebServerApplicationContext    :290  [32m                  [0;39m Root WebApplicationContext: initialization completed in 6367 ms
2021-10-26 17:22:20.987 INFO  rainclassv3.config.CorsConfig                     :43   [32m                  [0;39m 外部尝试访问磁盘图片
2021-10-26 17:22:20.987 INFO  rainclassv3.config.CorsConfig                     :44   [32m                  [0;39m 拦截器中设置的路径为:file:G:\root\disPic
2021-10-26 17:22:21.266 WARN  o.s.b.a.t.ThymeleafAutoConfiguration$DefaultTemplateResolverConfiguration:105  [32m                  [0;39m Cannot find template location: classpath:/templates/ (please add some templates or check your Thymeleaf configuration)
2021-10-26 17:22:21.384 INFO  com.zaxxer.hikari.HikariDataSource                :110  [32m                  [0;39m HikariPool-1 - Starting...
2021-10-26 17:22:22.622 ERROR com.zaxxer.hikari.pool.HikariPool                 :594  [32m                  [0;39m HikariPool-1 - Exception during pool initialization.
java.sql.SQLException: Access denied for user 'root'@'localhost' (using password: YES)
	at com.mysql.cj.jdbc.exceptions.SQLError.createSQLException(SQLError.java:129)
	at com.mysql.cj.jdbc.exceptions.SQLExceptionsMapping.translateException(SQLExceptionsMapping.java:122)
	at com.mysql.cj.jdbc.ConnectionImpl.createNewIO(ConnectionImpl.java:833)
	at com.mysql.cj.jdbc.ConnectionImpl.<init>(ConnectionImpl.java:453)
	at com.mysql.cj.jdbc.ConnectionImpl.getInstance(ConnectionImpl.java:246)
	at com.mysql.cj.jdbc.NonRegisteringDriver.connect(NonRegisteringDriver.java:198)
	at com.zaxxer.hikari.util.DriverDataSource.getConnection(DriverDataSource.java:138)
	at com.zaxxer.hikari.pool.PoolBase.newConnection(PoolBase.java:364)
	at com.zaxxer.hikari.pool.PoolBase.newPoolEntry(PoolBase.java:206)
	at com.zaxxer.hikari.pool.HikariPool.createPoolEntry(HikariPool.java:476)
	at com.zaxxer.hikari.pool.HikariPool.checkFailFast(HikariPool.java:561)
	at com.zaxxer.hikari.pool.HikariPool.<init>(HikariPool.java:115)
	at com.zaxxer.hikari.HikariDataSource.getConnection(HikariDataSource.java:112)
	at org.springframework.jdbc.datasource.DataSourceUtils.fetchConnection(DataSourceUtils.java:158)
	at org.springframework.jdbc.datasource.DataSourceUtils.doGetConnection(DataSourceUtils.java:116)
	at org.springframework.jdbc.datasource.DataSourceUtils.getConnection(DataSourceUtils.java:79)
	at org.springframework.jdbc.core.JdbcTemplate.execute(JdbcTemplate.java:330)
	at org.springframework.boot.jdbc.EmbeddedDatabaseConnection.isEmbedded(EmbeddedDatabaseConnection.java:184)
	at org.springframework.boot.jdbc.init.DataSourceScriptDatabaseInitializer.isEmbeddedDatabase(DataSourceScriptDatabaseInitializer.java:64)
	at org.springframework.boot.sql.init.AbstractScriptDatabaseInitializer.isEnabled(AbstractScriptDatabaseInitializer.java:87)
	at org.springframework.boot.sql.init.AbstractScriptDatabaseInitializer.initializeDatabase(AbstractScriptDatabaseInitializer.java:74)
	at org.springframework.boot.sql.init.AbstractScriptDatabaseInitializer.afterPropertiesSet(AbstractScriptDatabaseInitializer.java:65)
	at org.springframework.beans.factory.support.AbstractAutowireCapableBeanFactory.invokeInitMethods(AbstractAutowireCapableBeanFactory.java:1845)
	at org.springframework.beans.factory.support.AbstractAutowireCapableBeanFactory.initializeBean(AbstractAutowireCapableBeanFactory.java:1782)
	at org.springframework.beans.factory.support.AbstractAutowireCapableBeanFactory.doCreateBean(AbstractAutowireCapableBeanFactory.java:602)
	at org.springframework.beans.factory.support.AbstractAutowireCapableBeanFactory.createBean(AbstractAutowireCapableBeanFactory.java:524)
	at org.springframework.beans.factory.support.AbstractBeanFactory.lambda$doGetBean$0(AbstractBeanFactory.java:335)
	at org.springframework.beans.factory.support.DefaultSingletonBeanRegistry.getSingleton(DefaultSingletonBeanRegistry.java:234)
	at org.springframework.beans.factory.support.AbstractBeanFactory.doGetBean(AbstractBeanFactory.java:333)
	at org.springframework.beans.factory.support.AbstractBeanFactory.getBean(AbstractBeanFactory.java:208)
	at org.springframework.beans.factory.support.AbstractBeanFactory.doGetBean(AbstractBeanFactory.java:322)
	at org.springframework.beans.factory.support.AbstractBeanFactory.getBean(AbstractBeanFactory.java:208)
	at org.springframework.beans.factory.support.DefaultListableBeanFactory.preInstantiateSingletons(DefaultListableBeanFactory.java:944)
	at org.springframework.context.support.AbstractApplicationContext.finishBeanFactoryInitialization(AbstractApplicationContext.java:918)
	at org.springframework.context.support.AbstractApplicationContext.refresh(AbstractApplicationContext.java:583)
	at org.springframework.boot.web.servlet.context.ServletWebServerApplicationContext.refresh(ServletWebServerApplicationContext.java:145)
	at org.springframework.boot.SpringApplication.refresh(SpringApplication.java:754)
	at org.springframework.boot.SpringApplication.refreshContext(SpringApplication.java:434)
	at org.springframework.boot.SpringApplication.run(SpringApplication.java:338)
	at org.springframework.boot.SpringApplication.run(SpringApplication.java:1343)
	at org.springframework.boot.SpringApplication.run(SpringApplication.java:1332)
	at rainclassv3.config.RainClassV3Application.main(RainClassV3Application.java:14)
	at sun.reflect.NativeMethodAccessorImpl.invoke0(Native Method)
	at sun.reflect.NativeMethodAccessorImpl.invoke(NativeMethodAccessorImpl.java:62)
	at sun.reflect.DelegatingMethodAccessorImpl.invoke(DelegatingMethodAccessorImpl.java:43)
	at java.lang.reflect.Method.invoke(Method.java:498)
	at org.springframework.boot.devtools.restart.RestartLauncher.run(RestartLauncher.java:49)
2021-10-26 17:22:22.751 INFO  com.zaxxer.hikari.HikariDataSource                :110  [32m                  [0;39m HikariPool-1 - Starting...
2021-10-26 17:22:23.754 ERROR com.zaxxer.hikari.pool.HikariPool                 :594  [32m                  [0;39m HikariPool-1 - Exception during pool initialization.
java.sql.SQLException: Access denied for user 'root'@'localhost' (using password: YES)
	at com.mysql.cj.jdbc.exceptions.SQLError.createSQLException(SQLError.java:129)
	at com.mysql.cj.jdbc.exceptions.SQLExceptionsMapping.translateException(SQLExceptionsMapping.java:122)
	at com.mysql.cj.jdbc.ConnectionImpl.createNewIO(ConnectionImpl.java:833)
	at com.mysql.cj.jdbc.ConnectionImpl.<init>(ConnectionImpl.java:453)
	at com.mysql.cj.jdbc.ConnectionImpl.getInstance(ConnectionImpl.java:246)
	at com.mysql.cj.jdbc.NonRegisteringDriver.connect(NonRegisteringDriver.java:198)
	at com.zaxxer.hikari.util.DriverDataSource.getConnection(DriverDataSource.java:138)
	at com.zaxxer.hikari.pool.PoolBase.newConnection(PoolBase.java:364)
	at com.zaxxer.hikari.pool.PoolBase.newPoolEntry(PoolBase.java:206)
	at com.zaxxer.hikari.pool.HikariPool.createPoolEntry(HikariPool.java:476)
	at com.zaxxer.hikari.pool.HikariPool.checkFailFast(HikariPool.java:561)
	at com.zaxxer.hikari.pool.HikariPool.<init>(HikariPool.java:115)
	at com.zaxxer.hikari.HikariDataSource.getConnection(HikariDataSource.java:112)
	at org.springframework.jdbc.datasource.DataSourceUtils.fetchConnection(DataSourceUtils.java:158)
	at org.springframework.jdbc.datasource.DataSourceUtils.doGetConnection(DataSourceUtils.java:116)
	at org.springframework.jdbc.datasource.DataSourceUtils.getConnection(DataSourceUtils.java:79)
	at org.springframework.jdbc.core.JdbcTemplate.execute(JdbcTemplate.java:330)
	at org.springframework.data.jdbc.repository.config.DialectResolver$DefaultDialectProvider.getDialect(DialectResolver.java:107)
	at org.springframework.data.jdbc.repository.config.DialectResolver.lambda$getDialect$0(DialectResolver.java:77)
	at java.util.stream.ReferencePipeline$3$1.accept(ReferencePipeline.java:193)
	at java.util.ArrayList$ArrayListSpliterator.tryAdvance(ArrayList.java:1361)
	at java.util.stream.ReferencePipeline.forEachWithCancel(ReferencePipeline.java:126)
	at java.util.stream.AbstractPipeline.copyIntoWithCancel(AbstractPipeline.java:499)
	at java.util.stream.AbstractPipeline.copyInto(AbstractPipeline.java:486)
	at java.util.stream.AbstractPipeline.wrapAndCopyInto(AbstractPipeline.java:472)
	at java.util.stream.FindOps$FindOp.evaluateSequential(FindOps.java:152)
	at java.util.stream.AbstractPipeline.evaluate(AbstractPipeline.java:234)
	at java.util.stream.ReferencePipeline.findFirst(ReferencePipeline.java:464)
	at org.springframework.data.jdbc.repository.config.DialectResolver.getDialect(DialectResolver.java:79)
	at org.springframework.data.jdbc.repository.config.AbstractJdbcConfiguration.jdbcDialect(AbstractJdbcConfiguration.java:144)
	at sun.reflect.NativeMethodAccessorImpl.invoke0(Native Method)
	at sun.reflect.NativeMethodAccessorImpl.invoke(NativeMethodAccessorImpl.java:62)
	at sun.reflect.DelegatingMethodAccessorImpl.invoke(DelegatingMethodAccessorImpl.java:43)
	at java.lang.reflect.Method.invoke(Method.java:498)
	at org.springframework.beans.factory.support.SimpleInstantiationStrategy.instantiate(SimpleInstantiationStrategy.java:154)
	at org.springframework.beans.factory.support.ConstructorResolver.instantiate(ConstructorResolver.java:653)
	at org.springframework.beans.factory.support.ConstructorResolver.instantiateUsingFactoryMethod(ConstructorResolver.java:638)
	at org.springframework.beans.factory.support.AbstractAutowireCapableBeanFactory.instantiateUsingFactoryMethod(AbstractAutowireCapableBeanFactory.java:1334)
	at org.springframework.beans.factory.support.AbstractAutowireCapableBeanFactory.createBeanInstance(AbstractAutowireCapableBeanFactory.java:1177)
	at org.springframework.beans.factory.support.AbstractAutowireCapableBeanFactory.doCreateBean(AbstractAutowireCapableBeanFactory.java:564)
	at org.springframework.beans.factory.support.AbstractAutowireCapableBeanFactory.createBean(AbstractAutowireCapableBeanFactory.java:524)
	at org.springframework.beans.factory.support.AbstractBeanFactory.lambda$doGetBean$0(AbstractBeanFactory.java:335)
	at org.springframework.beans.factory.support.DefaultSingletonBeanRegistry.getSingleton(DefaultSingletonBeanRegistry.java:234)
	at org.springframework.beans.factory.support.AbstractBeanFactory.doGetBean(AbstractBeanFactory.java:333)
	at org.springframework.beans.factory.support.AbstractBeanFactory.getBean(AbstractBeanFactory.java:208)
	at org.springframework.beans.factory.config.DependencyDescriptor.resolveCandidate(DependencyDescriptor.java:276)
	at org.springframework.beans.factory.support.DefaultListableBeanFactory.doResolveDependency(DefaultListableBeanFactory.java:1380)
	at org.springframework.beans.factory.support.DefaultListableBeanFactory.resolveDependency(DefaultListableBeanFactory.java:1300)
	at org.springframework.beans.factory.support.ConstructorResolver.resolveAutowiredArgument(ConstructorResolver.java:887)
	at org.springframework.beans.factory.support.ConstructorResolver.createArgumentArray(ConstructorResolver.java:791)
	at org.springframework.beans.factory.support.ConstructorResolver.instantiateUsingFactoryMethod(ConstructorResolver.java:541)
	at org.springframework.beans.factory.support.AbstractAutowireCapableBeanFactory.instantiateUsingFactoryMethod(AbstractAutowireCapableBeanFactory.java:1334)
	at org.springframework.beans.factory.support.AbstractAutowireCapableBeanFactory.createBeanInstance(AbstractAutowireCapableBeanFactory.java:1177)
	at org.springframework.beans.factory.support.AbstractAutowireCapableBeanFactory.doCreateBean(AbstractAutowireCapableBeanFactory.java:564)
	at org.springframework.beans.factory.support.AbstractAutowireCapableBeanFactory.createBean(AbstractAutowireCapableBeanFactory.java:524)
	at org.springframework.beans.factory.support.AbstractBeanFactory.lambda$doGetBean$0(AbstractBeanFactory.java:335)
	at org.springframework.beans.factory.support.DefaultSingletonBeanRegistry.getSingleton(DefaultSingletonBeanRegistry.java:234)
	at org.springframework.beans.factory.support.AbstractBeanFactory.doGetBean(AbstractBeanFactory.java:333)
	at org.springframework.beans.factory.support.AbstractBeanFactory.getBean(AbstractBeanFactory.java:208)
	at org.springframework.beans.factory.support.DefaultListableBeanFactory.preInstantiateSingletons(DefaultListableBeanFactory.java:944)
	at org.springframework.context.support.AbstractApplicationContext.finishBeanFactoryInitialization(AbstractApplicationContext.java:918)
	at org.springframework.context.support.AbstractApplicationContext.refresh(AbstractApplicationContext.java:583)
	at org.springframework.boot.web.servlet.context.ServletWebServerApplicationContext.refresh(ServletWebServerApplicationContext.java:145)
	at org.springframework.boot.SpringApplication.refresh(SpringApplication.java:754)
	at org.springframework.boot.SpringApplication.refreshContext(SpringApplication.java:434)
	at org.springframework.boot.SpringApplication.run(SpringApplication.java:338)
	at org.springframework.boot.SpringApplication.run(SpringApplication.java:1343)
	at org.springframework.boot.SpringApplication.run(SpringApplication.java:1332)
	at rainclassv3.config.RainClassV3Application.main(RainClassV3Application.java:14)
	at sun.reflect.NativeMethodAccessorImpl.invoke0(Native Method)
	at sun.reflect.NativeMethodAccessorImpl.invoke(NativeMethodAccessorImpl.java:62)
	at sun.reflect.DelegatingMethodAccessorImpl.invoke(DelegatingMethodAccessorImpl.java:43)
	at java.lang.reflect.Method.invoke(Method.java:498)
	at org.springframework.boot.devtools.restart.RestartLauncher.run(RestartLauncher.java:49)
2021-10-26 17:22:23.760 WARN  o.s.b.w.s.c.AnnotationConfigServletWebServerApplicationContext:591  [32m                  [0;39m Exception encountered during context initialization - cancelling refresh attempt: org.springframework.beans.factory.UnsatisfiedDependencyException: Error creating bean with name 'jdbcConverter' defined in class path resource [org/springframework/boot/autoconfigure/data/jdbc/JdbcRepositoriesAutoConfiguration$SpringBootJdbcConfiguration.class]: Unsatisfied dependency expressed through method 'jdbcConverter' parameter 4; nested exception is org.springframework.beans.factory.BeanCreationException: Error creating bean with name 'jdbcDialect' defined in class path resource [org/springframework/boot/autoconfigure/data/jdbc/JdbcRepositoriesAutoConfiguration$SpringBootJdbcConfiguration.class]: Bean instantiation via factory method failed; nested exception is org.springframework.beans.BeanInstantiationException: Failed to instantiate [org.springframework.data.relational.core.dialect.Dialect]: Factory method 'jdbcDialect' threw exception; nested exception is org.springframework.jdbc.CannotGetJdbcConnectionException: Failed to obtain JDBC Connection; nested exception is java.sql.SQLException: Access denied for user 'root'@'localhost' (using password: YES)
2021-10-26 17:22:23.840 INFO  org.apache.catalina.core.StandardService          :173  [32m                  [0;39m Stopping service [Tomcat]
2021-10-26 17:22:23.850 INFO  o.s.b.a.l.ConditionEvaluationReportLoggingListener:136  [32m                  [0;39m 

Error starting ApplicationContext. To display the conditions report re-run your application with 'debug' enabled.
2021-10-26 17:22:23.891 ERROR org.springframework.boot.SpringApplication        :843  [32m                  [0;39m Application run failed
org.springframework.beans.factory.UnsatisfiedDependencyException: Error creating bean with name 'jdbcConverter' defined in class path resource [org/springframework/boot/autoconfigure/data/jdbc/JdbcRepositoriesAutoConfiguration$SpringBootJdbcConfiguration.class]: Unsatisfied dependency expressed through method 'jdbcConverter' parameter 4; nested exception is org.springframework.beans.factory.BeanCreationException: Error creating bean with name 'jdbcDialect' defined in class path resource [org/springframework/boot/autoconfigure/data/jdbc/JdbcRepositoriesAutoConfiguration$SpringBootJdbcConfiguration.class]: Bean instantiation via factory method failed; nested exception is org.springframework.beans.BeanInstantiationException: Failed to instantiate [org.springframework.data.relational.core.dialect.Dialect]: Factory method 'jdbcDialect' threw exception; nested exception is org.springframework.jdbc.CannotGetJdbcConnectionException: Failed to obtain JDBC Connection; nested exception is java.sql.SQLException: Access denied for user 'root'@'localhost' (using password: YES)
	at org.springframework.beans.factory.support.ConstructorResolver.createArgumentArray(ConstructorResolver.java:800)
	at org.springframework.beans.factory.support.ConstructorResolver.instantiateUsingFactoryMethod(ConstructorResolver.java:541)
	at org.springframework.beans.factory.support.AbstractAutowireCapableBeanFactory.instantiateUsingFactoryMethod(AbstractAutowireCapableBeanFactory.java:1334)
	at org.springframework.beans.factory.support.AbstractAutowireCapableBeanFactory.createBeanInstance(AbstractAutowireCapableBeanFactory.java:1177)
	at org.springframework.beans.factory.support.AbstractAutowireCapableBeanFactory.doCreateBean(AbstractAutowireCapableBeanFactory.java:564)
	at org.springframework.beans.factory.support.AbstractAutowireCapableBeanFactory.createBean(AbstractAutowireCapableBeanFactory.java:524)
	at org.springframework.beans.factory.support.AbstractBeanFactory.lambda$doGetBean$0(AbstractBeanFactory.java:335)
	at org.springframework.beans.factory.support.DefaultSingletonBeanRegistry.getSingleton(DefaultSingletonBeanRegistry.java:234)
	at org.springframework.beans.factory.support.AbstractBeanFactory.doGetBean(AbstractBeanFactory.java:333)
	at org.springframework.beans.factory.support.AbstractBeanFactory.getBean(AbstractBeanFactory.java:208)
	at org.springframework.beans.factory.support.DefaultListableBeanFactory.preInstantiateSingletons(DefaultListableBeanFactory.java:944)
	at org.springframework.context.support.AbstractApplicationContext.finishBeanFactoryInitialization(AbstractApplicationContext.java:918)
	at org.springframework.context.support.AbstractApplicationContext.refresh(AbstractApplicationContext.java:583)
	at org.springframework.boot.web.servlet.context.ServletWebServerApplicationContext.refresh(ServletWebServerApplicationContext.java:145)
	at org.springframework.boot.SpringApplication.refresh(SpringApplication.java:754)
	at org.springframework.boot.SpringApplication.refreshContext(SpringApplication.java:434)
	at org.springframework.boot.SpringApplication.run(SpringApplication.java:338)
	at org.springframework.boot.SpringApplication.run(SpringApplication.java:1343)
	at org.springframework.boot.SpringApplication.run(SpringApplication.java:1332)
	at rainclassv3.config.RainClassV3Application.main(RainClassV3Application.java:14)
	at sun.reflect.NativeMethodAccessorImpl.invoke0(Native Method)
	at sun.reflect.NativeMethodAccessorImpl.invoke(NativeMethodAccessorImpl.java:62)
	at sun.reflect.DelegatingMethodAccessorImpl.invoke(DelegatingMethodAccessorImpl.java:43)
	at java.lang.reflect.Method.invoke(Method.java:498)
	at org.springframework.boot.devtools.restart.RestartLauncher.run(RestartLauncher.java:49)
Caused by: org.springframework.beans.factory.BeanCreationException: Error creating bean with name 'jdbcDialect' defined in class path resource [org/springframework/boot/autoconfigure/data/jdbc/JdbcRepositoriesAutoConfiguration$SpringBootJdbcConfiguration.class]: Bean instantiation via factory method failed; nested exception is org.springframework.beans.BeanInstantiationException: Failed to instantiate [org.springframework.data.relational.core.dialect.Dialect]: Factory method 'jdbcDialect' threw exception; nested exception is org.springframework.jdbc.CannotGetJdbcConnectionException: Failed to obtain JDBC Connection; nested exception is java.sql.SQLException: Access denied for user 'root'@'localhost' (using password: YES)
	at org.springframework.beans.factory.support.ConstructorResolver.instantiate(ConstructorResolver.java:658)
	at org.springframework.beans.factory.support.ConstructorResolver.instantiateUsingFactoryMethod(ConstructorResolver.java:638)
	at org.springframework.beans.factory.support.AbstractAutowireCapableBeanFactory.instantiateUsingFactoryMethod(AbstractAutowireCapableBeanFactory.java:1334)
	at org.springframework.beans.factory.support.AbstractAutowireCapableBeanFactory.createBeanInstance(AbstractAutowireCapableBeanFactory.java:1177)
	at org.springframework.beans.factory.support.AbstractAutowireCapableBeanFactory.doCreateBean(AbstractAutowireCapableBeanFactory.java:564)
	at org.springframework.beans.factory.support.AbstractAutowireCapableBeanFactory.createBean(AbstractAutowireCapableBeanFactory.java:524)
	at org.springframework.beans.factory.support.AbstractBeanFactory.lambda$doGetBean$0(AbstractBeanFactory.java:335)
	at org.springframework.beans.factory.support.DefaultSingletonBeanRegistry.getSingleton(DefaultSingletonBeanRegistry.java:234)
	at org.springframework.beans.factory.support.AbstractBeanFactory.doGetBean(AbstractBeanFactory.java:333)
	at org.springframework.beans.factory.support.AbstractBeanFactory.getBean(AbstractBeanFactory.java:208)
	at org.springframework.beans.factory.config.DependencyDescriptor.resolveCandidate(DependencyDescriptor.java:276)
	at org.springframework.beans.factory.support.DefaultListableBeanFactory.doResolveDependency(DefaultListableBeanFactory.java:1380)
	at org.springframework.beans.factory.support.DefaultListableBeanFactory.resolveDependency(DefaultListableBeanFactory.java:1300)
	at org.springframework.beans.factory.support.ConstructorResolver.resolveAutowiredArgument(ConstructorResolver.java:887)
	at org.springframework.beans.factory.support.ConstructorResolver.createArgumentArray(ConstructorResolver.java:791)
	... 24 common frames omitted
Caused by: org.springframework.beans.BeanInstantiationException: Failed to instantiate [org.springframework.data.relational.core.dialect.Dialect]: Factory method 'jdbcDialect' threw exception; nested exception is org.springframework.jdbc.CannotGetJdbcConnectionException: Failed to obtain JDBC Connection; nested exception is java.sql.SQLException: Access denied for user 'root'@'localhost' (using password: YES)
	at org.springframework.beans.factory.support.SimpleInstantiationStrategy.instantiate(SimpleInstantiationStrategy.java:185)
	at org.springframework.beans.factory.support.ConstructorResolver.instantiate(ConstructorResolver.java:653)
	... 38 common frames omitted
Caused by: org.springframework.jdbc.CannotGetJdbcConnectionException: Failed to obtain JDBC Connection; nested exception is java.sql.SQLException: Access denied for user 'root'@'localhost' (using password: YES)
	at org.springframework.jdbc.datasource.DataSourceUtils.getConnection(DataSourceUtils.java:82)
	at org.springframework.jdbc.core.JdbcTemplate.execute(JdbcTemplate.java:330)
	at org.springframework.data.jdbc.repository.config.DialectResolver$DefaultDialectProvider.getDialect(DialectResolver.java:107)
	at org.springframework.data.jdbc.repository.config.DialectResolver.lambda$getDialect$0(DialectResolver.java:77)
	at java.util.stream.ReferencePipeline$3$1.accept(ReferencePipeline.java:193)
	at java.util.ArrayList$ArrayListSpliterator.tryAdvance(ArrayList.java:1361)
	at java.util.stream.ReferencePipeline.forEachWithCancel(ReferencePipeline.java:126)
	at java.util.stream.AbstractPipeline.copyIntoWithCancel(AbstractPipeline.java:499)
	at java.util.stream.AbstractPipeline.copyInto(AbstractPipeline.java:486)
	at java.util.stream.AbstractPipeline.wrapAndCopyInto(AbstractPipeline.java:472)
	at java.util.stream.FindOps$FindOp.evaluateSequential(FindOps.java:152)
	at java.util.stream.AbstractPipeline.evaluate(AbstractPipeline.java:234)
	at java.util.stream.ReferencePipeline.findFirst(ReferencePipeline.java:464)
	at org.springframework.data.jdbc.repository.config.DialectResolver.getDialect(DialectResolver.java:79)
	at org.springframework.data.jdbc.repository.config.AbstractJdbcConfiguration.jdbcDialect(AbstractJdbcConfiguration.java:144)
	at sun.reflect.NativeMethodAccessorImpl.invoke0(Native Method)
	at sun.reflect.NativeMethodAccessorImpl.invoke(NativeMethodAccessorImpl.java:62)
	at sun.reflect.DelegatingMethodAccessorImpl.invoke(DelegatingMethodAccessorImpl.java:43)
	at java.lang.reflect.Method.invoke(Method.java:498)
	at org.springframework.beans.factory.support.SimpleInstantiationStrategy.instantiate(SimpleInstantiationStrategy.java:154)
	... 39 common frames omitted
Caused by: java.sql.SQLException: Access denied for user 'root'@'localhost' (using password: YES)
	at com.mysql.cj.jdbc.exceptions.SQLError.createSQLException(SQLError.java:129)
	at com.mysql.cj.jdbc.exceptions.SQLExceptionsMapping.translateException(SQLExceptionsMapping.java:122)
	at com.mysql.cj.jdbc.ConnectionImpl.createNewIO(ConnectionImpl.java:833)
	at com.mysql.cj.jdbc.ConnectionImpl.<init>(ConnectionImpl.java:453)
	at com.mysql.cj.jdbc.ConnectionImpl.getInstance(ConnectionImpl.java:246)
	at com.mysql.cj.jdbc.NonRegisteringDriver.connect(NonRegisteringDriver.java:198)
	at com.zaxxer.hikari.util.DriverDataSource.getConnection(DriverDataSource.java:138)
	at com.zaxxer.hikari.pool.PoolBase.newConnection(PoolBase.java:364)
	at com.zaxxer.hikari.pool.PoolBase.newPoolEntry(PoolBase.java:206)
	at com.zaxxer.hikari.pool.HikariPool.createPoolEntry(HikariPool.java:476)
	at com.zaxxer.hikari.pool.HikariPool.checkFailFast(HikariPool.java:561)
	at com.zaxxer.hikari.pool.HikariPool.<init>(HikariPool.java:115)
	at com.zaxxer.hikari.HikariDataSource.getConnection(HikariDataSource.java:112)
	at org.springframework.jdbc.datasource.DataSourceUtils.fetchConnection(DataSourceUtils.java:158)
	at org.springframework.jdbc.datasource.DataSourceUtils.doGetConnection(DataSourceUtils.java:116)
	at org.springframework.jdbc.datasource.DataSourceUtils.getConnection(DataSourceUtils.java:79)
	... 58 common frames omitted
2021-10-26 17:23:02.313 INFO  rainclassv3.config.RainClassV3Application         :55   [32m                  [0;39m Starting RainClassV3Application using Java 1.8.0_261 on DESKTOP-6AM15DO with PID 9616 (F:\private\rain-class-v3-main\target\classes started by Administrator in F:\private\rain-class-v3-main)
2021-10-26 17:23:02.312 INFO  org.hibernate.validator.internal.util.Version     :21   [32m                  [0;39m HV000001: Hibernate Validator 6.2.0.Final
2021-10-26 17:23:02.314 INFO  rainclassv3.config.RainClassV3Application         :659  [32m                  [0;39m No active profile set, falling back to default profiles: default
2021-10-26 17:23:02.359 INFO  o.s.b.d.env.DevToolsPropertyDefaultsPostProcessor :255  [32m                  [0;39m Devtools property defaults active! Set 'spring.devtools.add-properties' to 'false' to disable
2021-10-26 17:23:02.359 INFO  o.s.b.d.env.DevToolsPropertyDefaultsPostProcessor :255  [32m                  [0;39m For additional web related logging consider setting the 'logging.level.web' property to 'DEBUG'
2021-10-26 17:23:02.884 INFO  o.s.d.r.config.RepositoryConfigurationDelegate    :262  [32m                  [0;39m Multiple Spring Data modules found, entering strict repository configuration mode!
2021-10-26 17:23:02.885 INFO  o.s.d.r.config.RepositoryConfigurationDelegate    :132  [32m                  [0;39m Bootstrapping Spring Data JDBC repositories in DEFAULT mode.
2021-10-26 17:23:02.891 INFO  o.s.d.r.config.RepositoryConfigurationDelegate    :201  [32m                  [0;39m Finished Spring Data repository scanning in 3 ms. Found 0 JDBC repository interfaces.
2021-10-26 17:23:02.900 INFO  o.s.d.r.config.RepositoryConfigurationDelegate    :262  [32m                  [0;39m Multiple Spring Data modules found, entering strict repository configuration mode!
2021-10-26 17:23:02.901 INFO  o.s.d.r.config.RepositoryConfigurationDelegate    :132  [32m                  [0;39m Bootstrapping Spring Data Redis repositories in DEFAULT mode.
2021-10-26 17:23:02.907 INFO  o.s.d.r.config.RepositoryConfigurationDelegate    :201  [32m                  [0;39m Finished Spring Data repository scanning in 0 ms. Found 0 Redis repository interfaces.
2021-10-26 17:23:03.459 INFO  o.s.boot.web.embedded.tomcat.TomcatWebServer      :108  [32m                  [0;39m Tomcat initialized with port(s): 9000 (http)
2021-10-26 17:23:03.465 INFO  org.apache.coyote.http11.Http11NioProtocol        :173  [32m                  [0;39m Initializing ProtocolHandler ["http-nio-9000"]
2021-10-26 17:23:03.466 INFO  org.apache.catalina.core.StandardService          :173  [32m                  [0;39m Starting service [Tomcat]
2021-10-26 17:23:03.466 INFO  org.apache.catalina.core.StandardEngine           :173  [32m                  [0;39m Starting Servlet engine: [Apache Tomcat/9.0.46]
2021-10-26 17:23:03.519 INFO  o.a.c.core.ContainerBase.[Tomcat].[localhost].[/] :173  [32m                  [0;39m Initializing Spring embedded WebApplicationContext
2021-10-26 17:23:03.519 INFO  o.s.b.w.s.c.ServletWebServerApplicationContext    :290  [32m                  [0;39m Root WebApplicationContext: initialization completed in 1160 ms
2021-10-26 17:23:04.332 INFO  rainclassv3.config.CorsConfig                     :43   [32m                  [0;39m 外部尝试访问磁盘图片
2021-10-26 17:23:04.332 INFO  rainclassv3.config.CorsConfig                     :44   [32m                  [0;39m 拦截器中设置的路径为:file:G:\root\disPic
2021-10-26 17:23:04.365 WARN  o.s.b.a.t.ThymeleafAutoConfiguration$DefaultTemplateResolverConfiguration:105  [32m                  [0;39m Cannot find template location: classpath:/templates/ (please add some templates or check your Thymeleaf configuration)
2021-10-26 17:23:04.440 INFO  com.zaxxer.hikari.HikariDataSource                :110  [32m                  [0;39m HikariPool-1 - Starting...
2021-10-26 17:23:04.573 INFO  com.zaxxer.hikari.HikariDataSource                :123  [32m                  [0;39m HikariPool-1 - Start completed.
2021-10-26 17:23:04.787 INFO  o.s.b.d.autoconfigure.OptionalLiveReloadServer    :58   [32m                  [0;39m LiveReload server is running on port 35729
2021-10-26 17:23:04.802 INFO  org.apache.coyote.http11.Http11NioProtocol        :173  [32m                  [0;39m Starting ProtocolHandler ["http-nio-9000"]
2021-10-26 17:23:04.827 INFO  o.s.boot.web.embedded.tomcat.TomcatWebServer      :220  [32m                  [0;39m Tomcat started on port(s): 9000 (http) with context path ''
2021-10-26 17:23:04.837 INFO  rainclassv3.config.RainClassV3Application         :61   [32m                  [0;39m Started RainClassV3Application in 2.836 seconds (JVM running for 3.498)
2021-10-26 17:24:51.825 INFO  o.a.c.core.ContainerBase.[Tomcat].[localhost].[/] :173  [32m                  [0;39m Initializing Spring DispatcherServlet 'dispatcherServlet'
2021-10-26 17:24:51.825 INFO  org.springframework.web.servlet.DispatcherServlet :525  [32m                  [0;39m Initializing Servlet 'dispatcherServlet'
2021-10-26 17:24:51.826 INFO  org.springframework.web.servlet.DispatcherServlet :547  [32m                  [0;39m Completed initialization in 1 ms
2021-10-26 17:24:51.958 INFO  rainclassv3.aspect.LogAspect                      :62   [32m108133737119748096[0;39m ------------- 开始 -------------
2021-10-26 17:24:51.959 INFO  rainclassv3.aspect.LogAspect                      :63   [32m108133737119748096[0;39m 请求地址: http://127.0.0.1:9000/user/login POST
2021-10-26 17:24:51.959 INFO  rainclassv3.aspect.LogAspect                      :64   [32m108133737119748096[0;39m 类名方法: rainclassv3.controller.UserController.login
2021-10-26 17:24:51.959 INFO  rainclassv3.aspect.LogAspect                      :65   [32m108133737119748096[0;39m 远程地址: 127.0.0.1
2021-10-26 17:24:52.020 INFO  rainclassv3.aspect.LogAspect                      :87   [32m108133737119748096[0;39m 请求参数: [{"loginname":"teacher","role":"teacher"}]
2021-10-26 17:24:52.023 INFO  rainclassv3.controller.UserController             :53   [32m108133737119748096[0;39m 传入的密码信息为:teacher
2021-10-26 17:24:52.024 INFO  rainclassv3.service.impl.UserServiceImpl          :63   [32m108133737119748096[0;39m 登录的角色为:teacher
2021-10-26 17:24:52.157 INFO  rainclassv3.service.impl.UserServiceImpl          :86   [32m108133737119748096[0;39m 查询出的教师信息为:[Teacher [Hash = 1494828274, id=1, loginname=teacher, realname=吴林峰（测试）, password=teacher, email=null, createtime=null, logintime=null]]
2021-10-26 17:24:52.161 INFO  rainclassv3.controller.UserController             :62   [32m108133737119748096[0;39m 生成的用户 token 为:108133737971191808
2021-10-26 17:24:52.850 INFO  rainclassv3.aspect.LogAspect                      :99   [32m108133737119748096[0;39m 返回结果: {"content":{"id":1,"loginname":"teacher","realname":"吴林峰（测试）","role":"teacher","token":"108133737971191808"},"success":true}
2021-10-26 17:24:52.851 INFO  rainclassv3.aspect.LogAspect                      :100  [32m108133737119748096[0;39m ------------- 结束 耗时：894 ms -------------
2021-10-26 17:24:58.699 INFO  rainclassv3.aspect.LogAspect                      :62   [32m108133765397745664[0;39m ------------- 开始 -------------
2021-10-26 17:24:58.700 INFO  rainclassv3.aspect.LogAspect                      :63   [32m108133765397745664[0;39m 请求地址: http://127.0.0.1:9000/teacher/myClass GET
2021-10-26 17:24:58.700 INFO  rainclassv3.aspect.LogAspect                      :64   [32m108133765397745664[0;39m 类名方法: rainclassv3.controller.TeacherController.myClass
2021-10-26 17:24:58.700 INFO  rainclassv3.aspect.LogAspect                      :65   [32m108133765397745664[0;39m 远程地址: 127.0.0.1
2021-10-26 17:24:58.703 INFO  rainclassv3.aspect.LogAspect                      :87   [32m108133765397745664[0;39m 请求参数: [{"classname":"","pageNum":1,"pageSize":3,"teacherid":"1"}]
2021-10-26 17:24:58.785 INFO  rainclassv3.aspect.LogAspect                      :99   [32m108133765397745664[0;39m 返回结果: {"content":{"list":[],"pageNum":1,"pageSize":3,"total":0},"success":true}
2021-10-26 17:24:58.785 INFO  rainclassv3.aspect.LogAspect                      :100  [32m108133765397745664[0;39m ------------- 结束 耗时：86 ms -------------
2021-10-26 17:25:02.881 INFO  rainclassv3.aspect.LogAspect                      :62   [32m108133782938324992[0;39m ------------- 开始 -------------
2021-10-26 17:25:02.881 INFO  rainclassv3.aspect.LogAspect                      :63   [32m108133782938324992[0;39m 请求地址: http://127.0.0.1:9000/class/list GET
2021-10-26 17:25:02.882 INFO  rainclassv3.aspect.LogAspect                      :64   [32m108133782938324992[0;39m 类名方法: rainclassv3.controller.ClassController.list
2021-10-26 17:25:02.882 INFO  rainclassv3.aspect.LogAspect                      :65   [32m108133782938324992[0;39m 远程地址: 127.0.0.1
2021-10-26 17:25:02.885 INFO  rainclassv3.aspect.LogAspect                      :87   [32m108133782938324992[0;39m 请求参数: [{"classname":"","pageNum":1,"pageSize":3}]
2021-10-26 17:25:02.902 INFO  rainclassv3.aspect.LogAspect                      :99   [32m108133782938324992[0;39m 返回结果: {"content":{"list":[],"pageNum":1,"pageSize":3,"total":0},"success":true}
2021-10-26 17:25:02.903 INFO  rainclassv3.aspect.LogAspect                      :100  [32m108133782938324992[0;39m ------------- 结束 耗时：22 ms -------------
2021-10-26 17:25:08.187 INFO  rainclassv3.aspect.LogAspect                      :62   [32m108133805193302016[0;39m ------------- 开始 -------------
2021-10-26 17:25:08.187 INFO  rainclassv3.aspect.LogAspect                      :63   [32m108133805193302016[0;39m 请求地址: http://127.0.0.1:9000/user/logout/undefined POST
2021-10-26 17:25:08.188 INFO  rainclassv3.aspect.LogAspect                      :64   [32m108133805193302016[0;39m 类名方法: rainclassv3.controller.UserController.logout
2021-10-26 17:25:08.188 INFO  rainclassv3.aspect.LogAspect                      :65   [32m108133805193302016[0;39m 远程地址: 127.0.0.1
2021-10-26 17:25:08.188 INFO  rainclassv3.aspect.LogAspect                      :87   [32m108133805193302016[0;39m 请求参数: ["undefined"]
2021-10-26 17:25:08.191 INFO  rainclassv3.aspect.LogAspect                      :99   [32m108133805193302016[0;39m 返回结果: {"success":true}
2021-10-26 17:25:08.191 INFO  rainclassv3.aspect.LogAspect                      :100  [32m108133805193302016[0;39m ------------- 结束 耗时：4 ms -------------
2021-10-26 17:25:18.631 INFO  rainclassv3.aspect.LogAspect                      :62   [32m108133848998612992[0;39m ------------- 开始 -------------
2021-10-26 17:25:18.632 INFO  rainclassv3.aspect.LogAspect                      :63   [32m108133848998612992[0;39m 请求地址: http://127.0.0.1:9000/user/login POST
2021-10-26 17:25:18.632 INFO  rainclassv3.aspect.LogAspect                      :64   [32m108133848998612992[0;39m 类名方法: rainclassv3.controller.UserController.login
2021-10-26 17:25:18.633 INFO  rainclassv3.aspect.LogAspect                      :65   [32m108133848998612992[0;39m 远程地址: 127.0.0.1
2021-10-26 17:25:18.633 INFO  rainclassv3.aspect.LogAspect                      :87   [32m108133848998612992[0;39m 请求参数: [{"loginname":"admin","role":"admin"}]
2021-10-26 17:25:18.633 INFO  rainclassv3.controller.UserController             :53   [32m108133848998612992[0;39m 传入的密码信息为:admin
2021-10-26 17:25:18.633 INFO  rainclassv3.service.impl.UserServiceImpl          :63   [32m108133848998612992[0;39m 登录的角色为:admin
2021-10-26 17:25:18.641 INFO  rainclassv3.controller.UserController             :62   [32m108133848998612992[0;39m 生成的用户 token 为:108133849040556032
2021-10-26 17:25:18.644 INFO  rainclassv3.aspect.LogAspect                      :99   [32m108133848998612992[0;39m 返回结果: {"content":{"id":1,"loginname":"admin","realname":"吴林峰","role":"admin","token":"108133849040556032"},"success":true}
2021-10-26 17:25:18.645 INFO  rainclassv3.aspect.LogAspect                      :100  [32m108133848998612992[0;39m ------------- 结束 耗时：14 ms -------------
2021-10-26 17:25:38.484 INFO  rainclassv3.aspect.LogAspect                      :62   [32m108133932268130304[0;39m ------------- 开始 -------------
2021-10-26 17:25:38.485 INFO  rainclassv3.aspect.LogAspect                      :63   [32m108133932268130304[0;39m 请求地址: http://127.0.0.1:9000/class/list GET
2021-10-26 17:25:38.485 INFO  rainclassv3.aspect.LogAspect                      :64   [32m108133932268130304[0;39m 类名方法: rainclassv3.controller.ClassController.list
2021-10-26 17:25:38.485 INFO  rainclassv3.aspect.LogAspect                      :65   [32m108133932268130304[0;39m 远程地址: 127.0.0.1
2021-10-26 17:25:38.486 INFO  rainclassv3.aspect.LogAspect                      :87   [32m108133932268130304[0;39m 请求参数: [{"classname":"","pageNum":1,"pageSize":3}]
2021-10-26 17:25:38.489 INFO  rainclassv3.aspect.LogAspect                      :99   [32m108133932268130304[0;39m 返回结果: {"content":{"list":[],"pageNum":1,"pageSize":3,"total":0},"success":true}
2021-10-26 17:25:38.489 INFO  rainclassv3.aspect.LogAspect                      :100  [32m108133932268130304[0;39m ------------- 结束 耗时：5 ms -------------
2021-10-26 17:25:40.002 INFO  rainclassv3.aspect.LogAspect                      :62   [32m108133938635083776[0;39m ------------- 开始 -------------
2021-10-26 17:25:40.002 INFO  rainclassv3.aspect.LogAspect                      :63   [32m108133938635083776[0;39m 请求地址: http://127.0.0.1:9000/teacher/getAll GET
2021-10-26 17:25:40.002 INFO  rainclassv3.aspect.LogAspect                      :64   [32m108133938635083776[0;39m 类名方法: rainclassv3.controller.TeacherController.getAll
2021-10-26 17:25:40.002 INFO  rainclassv3.aspect.LogAspect                      :65   [32m108133938635083776[0;39m 远程地址: 127.0.0.1
2021-10-26 17:25:40.003 INFO  rainclassv3.aspect.LogAspect                      :87   [32m108133938635083776[0;39m 请求参数: []
2021-10-26 17:25:40.008 INFO  rainclassv3.aspect.LogAspect                      :99   [32m108133938635083776[0;39m 返回结果: {"content":[{"id":1,"loginname":"teacher","realname":"吴林峰（测试）"}],"success":true}
2021-10-26 17:25:40.009 INFO  rainclassv3.aspect.LogAspect                      :100  [32m108133938635083776[0;39m ------------- 结束 耗时：7 ms -------------
2021-10-26 17:25:46.875 INFO  rainclassv3.aspect.LogAspect                      :62   [32m108133967462535168[0;39m ------------- 开始 -------------
2021-10-26 17:25:46.875 INFO  rainclassv3.aspect.LogAspect                      :63   [32m108133967462535168[0;39m 请求地址: http://127.0.0.1:9000/class/uploadPic POST
2021-10-26 17:25:46.875 INFO  rainclassv3.aspect.LogAspect                      :64   [32m108133967462535168[0;39m 类名方法: rainclassv3.controller.ClassController.uploadPic
2021-10-26 17:25:46.875 INFO  rainclassv3.aspect.LogAspect                      :65   [32m108133967462535168[0;39m 远程地址: 127.0.0.1
2021-10-26 17:25:46.875 INFO  rainclassv3.aspect.LogAspect                      :87   [32m108133967462535168[0;39m 请求参数: [null]
2021-10-26 17:25:46.876 INFO  rainclassv3.service.impl.ClassServiceImpl         :172  [32m108133967462535168[0;39m 获取的文件名为:1632969912(1).jpg
2021-10-26 17:25:46.876 INFO  rainclassv3.service.impl.ClassServiceImpl         :178  [32m108133967462535168[0;39m 获取的文件后缀为:.jpg
2021-10-26 17:25:46.950 INFO  rainclassv3.aspect.LogAspect                      :99   [32m108133967462535168[0;39m 返回结果: {"content":{"path":"108133967470923776.jpg","showPath":"http://127.0.0.1:9000/disPic/108133967470923776.jpg"},"success":true}
2021-10-26 17:25:46.950 INFO  rainclassv3.aspect.LogAspect                      :100  [32m108133967462535168[0;39m ------------- 结束 耗时：75 ms -------------
2021-10-26 17:26:49.596 INFO  rainclassv3.aspect.LogAspect                      :62   [32m108134230533476352[0;39m ------------- 开始 -------------
2021-10-26 17:26:49.597 INFO  rainclassv3.aspect.LogAspect                      :63   [32m108134230533476352[0;39m 请求地址: http://127.0.0.1:9000/class/save POST
2021-10-26 17:26:49.597 INFO  rainclassv3.aspect.LogAspect                      :64   [32m108134230533476352[0;39m 类名方法: rainclassv3.controller.ClassController.save
2021-10-26 17:26:49.597 INFO  rainclassv3.aspect.LogAspect                      :65   [32m108134230533476352[0;39m 远程地址: 127.0.0.1
2021-10-26 17:26:49.600 INFO  rainclassv3.aspect.LogAspect                      :87   [32m108134230533476352[0;39m 请求参数: [{"classname":"宋丹妮","code":"","credit":2,"desc":"她的唇钉真的感觉很不一样\n","notice":"越漂亮的女人越危险","path":"108133967470923776.jpg","place":"area","starttime":"周四","teacherid":1,"type":"专业主干课"}]
2021-10-26 17:26:49.773 INFO  rainclassv3.aspect.LogAspect                      :99   [32m108134230533476352[0;39m 返回结果: {"success":true}
2021-10-26 17:26:49.774 INFO  rainclassv3.aspect.LogAspect                      :100  [32m108134230533476352[0;39m ------------- 结束 耗时：178 ms -------------
2021-10-26 17:26:49.807 INFO  rainclassv3.aspect.LogAspect                      :62   [32m108134231418474496[0;39m ------------- 开始 -------------
2021-10-26 17:26:49.807 INFO  rainclassv3.aspect.LogAspect                      :63   [32m108134231418474496[0;39m 请求地址: http://127.0.0.1:9000/class/list GET
2021-10-26 17:26:49.807 INFO  rainclassv3.aspect.LogAspect                      :64   [32m108134231418474496[0;39m 类名方法: rainclassv3.controller.ClassController.list
2021-10-26 17:26:49.808 INFO  rainclassv3.aspect.LogAspect                      :65   [32m108134231418474496[0;39m 远程地址: 127.0.0.1
2021-10-26 17:26:49.808 INFO  rainclassv3.aspect.LogAspect                      :87   [32m108134231418474496[0;39m 请求参数: [{"classname":"","pageNum":1,"pageSize":3}]
2021-10-26 17:26:49.826 INFO  rainclassv3.aspect.LogAspect                      :99   [32m108134231418474496[0;39m 返回结果: {"content":{"list":[{"classname":"宋丹妮","code":"","credit":2,"desc":"她的唇钉真的感觉很不一样\n","id":108134230550253568,"notice":"越漂亮的女人越危险","path":"108133967470923776.jpg","place":"area","starttime":"周四","teacher":{"id":1,"loginname":"teacher","realname":"吴林峰（测试）"},"teacherid":1,"type":"专业主干课"}],"pageNum":1,"pageSize":3,"total":1},"success":true}
2021-10-26 17:26:49.826 INFO  rainclassv3.aspect.LogAspect                      :100  [32m108134231418474496[0;39m ------------- 结束 耗时：19 ms -------------
2021-10-26 17:27:54.149 INFO  rainclassv3.aspect.LogAspect                      :62   [32m108134501288382464[0;39m ------------- 开始 -------------
2021-10-26 17:27:54.150 INFO  rainclassv3.aspect.LogAspect                      :63   [32m108134501288382464[0;39m 请求地址: http://127.0.0.1:9000/class/list GET
2021-10-26 17:27:54.150 INFO  rainclassv3.aspect.LogAspect                      :64   [32m108134501288382464[0;39m 类名方法: rainclassv3.controller.ClassController.list
2021-10-26 17:27:54.151 INFO  rainclassv3.aspect.LogAspect                      :65   [32m108134501288382464[0;39m 远程地址: 127.0.0.1
2021-10-26 17:27:54.151 INFO  rainclassv3.aspect.LogAspect                      :87   [32m108134501288382464[0;39m 请求参数: [{"classname":"","pageNum":1,"pageSize":3}]
2021-10-26 17:27:54.160 INFO  rainclassv3.aspect.LogAspect                      :99   [32m108134501288382464[0;39m 返回结果: {"content":{"list":[{"classname":"宋丹妮","code":"","credit":2,"desc":"她的唇钉真的感觉很不一样\n","id":108134230550253568,"notice":"越漂亮的女人越危险","path":"108133967470923776.jpg","place":"area","starttime":"周四","teacher":{"id":1,"loginname":"teacher","realname":"吴林峰（测试）"},"teacherid":1,"type":"专业主干课"}],"pageNum":1,"pageSize":3,"total":1},"success":true}
2021-10-26 17:27:54.160 INFO  rainclassv3.aspect.LogAspect                      :100  [32m108134501288382464[0;39m ------------- 结束 耗时：11 ms -------------
2021-10-26 17:27:55.241 INFO  rainclassv3.aspect.LogAspect                      :62   [32m108134505864368128[0;39m ------------- 开始 -------------
2021-10-26 17:27:55.241 INFO  rainclassv3.aspect.LogAspect                      :63   [32m108134505864368128[0;39m 请求地址: http://127.0.0.1:9000/teacher/getAll GET
2021-10-26 17:27:55.241 INFO  rainclassv3.aspect.LogAspect                      :64   [32m108134505864368128[0;39m 类名方法: rainclassv3.controller.TeacherController.getAll
2021-10-26 17:27:55.241 INFO  rainclassv3.aspect.LogAspect                      :65   [32m108134505864368128[0;39m 远程地址: 127.0.0.1
2021-10-26 17:27:55.242 INFO  rainclassv3.aspect.LogAspect                      :87   [32m108134505864368128[0;39m 请求参数: []
2021-10-26 17:27:55.247 INFO  rainclassv3.aspect.LogAspect                      :99   [32m108134505864368128[0;39m 返回结果: {"content":[{"id":1,"loginname":"teacher","realname":"吴林峰（测试）"}],"success":true}
2021-10-26 17:27:55.248 INFO  rainclassv3.aspect.LogAspect                      :100  [32m108134505864368128[0;39m ------------- 结束 耗时：8 ms -------------
2021-10-26 17:28:01.924 INFO  rainclassv3.aspect.LogAspect                      :62   [32m108134533899096064[0;39m ------------- 开始 -------------
2021-10-26 17:28:01.924 INFO  rainclassv3.aspect.LogAspect                      :63   [32m108134533899096064[0;39m 请求地址: http://127.0.0.1:9000/class/uploadPic POST
2021-10-26 17:28:01.925 INFO  rainclassv3.aspect.LogAspect                      :64   [32m108134533899096064[0;39m 类名方法: rainclassv3.controller.ClassController.uploadPic
2021-10-26 17:28:01.925 INFO  rainclassv3.aspect.LogAspect                      :65   [32m108134533899096064[0;39m 远程地址: 127.0.0.1
2021-10-26 17:28:01.925 INFO  rainclassv3.aspect.LogAspect                      :87   [32m108134533899096064[0;39m 请求参数: [null]
2021-10-26 17:28:01.925 INFO  rainclassv3.service.impl.ClassServiceImpl         :172  [32m108134533899096064[0;39m 获取的文件名为:栈.jpg
2021-10-26 17:28:01.925 INFO  rainclassv3.service.impl.ClassServiceImpl         :178  [32m108134533899096064[0;39m 获取的文件后缀为:.jpg
2021-10-26 17:28:01.927 INFO  rainclassv3.aspect.LogAspect                      :99   [32m108134533899096064[0;39m 返回结果: {"content":{"path":"108134533903290368.jpg","showPath":"http://127.0.0.1:9000/disPic/108134533903290368.jpg"},"success":true}
2021-10-26 17:28:01.927 INFO  rainclassv3.aspect.LogAspect                      :100  [32m108134533899096064[0;39m ------------- 结束 耗时：3 ms -------------
2021-10-26 17:28:49.501 INFO  rainclassv3.aspect.LogAspect                      :62   [32m108134733451497472[0;39m ------------- 开始 -------------
2021-10-26 17:28:49.501 INFO  rainclassv3.aspect.LogAspect                      :63   [32m108134733451497472[0;39m 请求地址: http://127.0.0.1:9000/class/save POST
2021-10-26 17:28:49.501 INFO  rainclassv3.aspect.LogAspect                      :64   [32m108134733451497472[0;39m 类名方法: rainclassv3.controller.ClassController.save
2021-10-26 17:28:49.501 INFO  rainclassv3.aspect.LogAspect                      :65   [32m108134733451497472[0;39m 远程地址: 127.0.0.1
2021-10-26 17:28:49.502 INFO  rainclassv3.aspect.LogAspect                      :87   [32m108134733451497472[0;39m 请求参数: [{"classname":"数据结构","code":"","credit":3,"desc":"后进先出","notice":"认真学习","path":"108134533903290368.jpg","place":"厚德楼","starttime":"周六晚上","teacherid":1,"type":"专业主干课"}]
2021-10-26 17:28:49.641 INFO  rainclassv3.aspect.LogAspect                      :99   [32m108134733451497472[0;39m 返回结果: {"success":true}
2021-10-26 17:28:49.641 INFO  rainclassv3.aspect.LogAspect                      :100  [32m108134733451497472[0;39m ------------- 结束 耗时：140 ms -------------
2021-10-26 17:28:49.667 INFO  rainclassv3.aspect.LogAspect                      :62   [32m108134734147751936[0;39m ------------- 开始 -------------
2021-10-26 17:28:49.667 INFO  rainclassv3.aspect.LogAspect                      :63   [32m108134734147751936[0;39m 请求地址: http://127.0.0.1:9000/class/list GET
2021-10-26 17:28:49.668 INFO  rainclassv3.aspect.LogAspect                      :64   [32m108134734147751936[0;39m 类名方法: rainclassv3.controller.ClassController.list
2021-10-26 17:28:49.668 INFO  rainclassv3.aspect.LogAspect                      :65   [32m108134734147751936[0;39m 远程地址: 127.0.0.1
2021-10-26 17:28:49.668 INFO  rainclassv3.aspect.LogAspect                      :87   [32m108134734147751936[0;39m 请求参数: [{"classname":"","pageNum":1,"pageSize":3}]
2021-10-26 17:28:49.681 INFO  rainclassv3.aspect.LogAspect                      :99   [32m108134734147751936[0;39m 返回结果: {"content":{"list":[{"classname":"宋丹妮","code":"","credit":2,"desc":"她的唇钉真的感觉很不一样\n","id":108134230550253568,"notice":"越漂亮的女人越危险","path":"108133967470923776.jpg","place":"area","starttime":"周四","teacher":{"id":1,"loginname":"teacher","realname":"吴林峰（测试）"},"teacherid":1,"type":"专业主干课"},{"classname":"数据结构","code":"","credit":3,"desc":"后进先出","id":108134733455691776,"notice":"认真学习","path":"108134533903290368.jpg","place":"厚德楼","starttime":"周六晚上","teacher":{"$ref":"$.content.list[0].teacher"},"teacherid":1,"type":"专业主干课"}],"pageNum":1,"pageSize":3,"total":2},"success":true}
2021-10-26 17:28:49.682 INFO  rainclassv3.aspect.LogAspect                      :100  [32m108134734147751936[0;39m ------------- 结束 耗时：15 ms -------------
2021-10-26 17:29:05.684 INFO  rainclassv3.aspect.LogAspect                      :62   [32m108134801327919104[0;39m ------------- 开始 -------------
2021-10-26 17:29:05.684 INFO  rainclassv3.aspect.LogAspect                      :63   [32m108134801327919104[0;39m 请求地址: http://127.0.0.1:9000/class/list GET
2021-10-26 17:29:05.684 INFO  rainclassv3.aspect.LogAspect                      :64   [32m108134801327919104[0;39m 类名方法: rainclassv3.controller.ClassController.list
2021-10-26 17:29:05.684 INFO  rainclassv3.aspect.LogAspect                      :65   [32m108134801327919104[0;39m 远程地址: 127.0.0.1
2021-10-26 17:29:05.684 INFO  rainclassv3.aspect.LogAspect                      :87   [32m108134801327919104[0;39m 请求参数: [{"classname":"","pageNum":1,"pageSize":3}]
2021-10-26 17:29:05.692 INFO  rainclassv3.aspect.LogAspect                      :99   [32m108134801327919104[0;39m 返回结果: {"content":{"list":[{"classname":"宋丹妮","code":"","credit":2,"desc":"她的唇钉真的感觉很不一样\n","id":108134230550253568,"notice":"越漂亮的女人越危险","path":"108133967470923776.jpg","place":"area","starttime":"周四","teacher":{"id":1,"loginname":"teacher","realname":"吴林峰（测试）"},"teacherid":1,"type":"专业主干课"},{"classname":"数据结构","code":"","credit":3,"desc":"后进先出","id":108134733455691776,"notice":"认真学习","path":"108134533903290368.jpg","place":"厚德楼","starttime":"周六晚上","teacher":{"$ref":"$.content.list[0].teacher"},"teacherid":1,"type":"专业主干课"}],"pageNum":1,"pageSize":3,"total":2},"success":true}
2021-10-26 17:29:05.692 INFO  rainclassv3.aspect.LogAspect                      :100  [32m108134801327919104[0;39m ------------- 结束 耗时：8 ms -------------
2021-10-26 17:29:07.250 INFO  rainclassv3.aspect.LogAspect                      :62   [32m108134807896199168[0;39m ------------- 开始 -------------
2021-10-26 17:29:07.251 INFO  rainclassv3.aspect.LogAspect                      :63   [32m108134807896199168[0;39m 请求地址: http://127.0.0.1:9000/class/list GET
2021-10-26 17:29:07.252 INFO  rainclassv3.aspect.LogAspect                      :64   [32m108134807896199168[0;39m 类名方法: rainclassv3.controller.ClassController.list
2021-10-26 17:29:07.252 INFO  rainclassv3.aspect.LogAspect                      :65   [32m108134807896199168[0;39m 远程地址: 127.0.0.1
2021-10-26 17:29:07.253 INFO  rainclassv3.aspect.LogAspect                      :87   [32m108134807896199168[0;39m 请求参数: [{"classname":"","pageNum":1,"pageSize":3}]
2021-10-26 17:29:07.268 INFO  rainclassv3.aspect.LogAspect                      :99   [32m108134807896199168[0;39m 返回结果: {"content":{"list":[{"classname":"宋丹妮","code":"","credit":2,"desc":"她的唇钉真的感觉很不一样\n","id":108134230550253568,"notice":"越漂亮的女人越危险","path":"108133967470923776.jpg","place":"area","starttime":"周四","teacher":{"id":1,"loginname":"teacher","realname":"吴林峰（测试）"},"teacherid":1,"type":"专业主干课"},{"classname":"数据结构","code":"","credit":3,"desc":"后进先出","id":108134733455691776,"notice":"认真学习","path":"108134533903290368.jpg","place":"厚德楼","starttime":"周六晚上","teacher":{"$ref":"$.content.list[0].teacher"},"teacherid":1,"type":"专业主干课"}],"pageNum":1,"pageSize":3,"total":2},"success":true}
2021-10-26 17:29:07.269 INFO  rainclassv3.aspect.LogAspect                      :100  [32m108134807896199168[0;39m ------------- 结束 耗时：19 ms -------------
2021-10-26 17:29:31.777 INFO  rainclassv3.aspect.LogAspect                      :62   [32m108134910769893376[0;39m ------------- 开始 -------------
2021-10-26 17:29:31.777 INFO  rainclassv3.aspect.LogAspect                      :63   [32m108134910769893376[0;39m 请求地址: http://127.0.0.1:9000/class/list GET
2021-10-26 17:29:31.778 INFO  rainclassv3.aspect.LogAspect                      :64   [32m108134910769893376[0;39m 类名方法: rainclassv3.controller.ClassController.list
2021-10-26 17:29:31.778 INFO  rainclassv3.aspect.LogAspect                      :65   [32m108134910769893376[0;39m 远程地址: 127.0.0.1
2021-10-26 17:29:31.778 INFO  rainclassv3.aspect.LogAspect                      :87   [32m108134910769893376[0;39m 请求参数: [{"classname":"","pageNum":1,"pageSize":3}]
2021-10-26 17:29:31.788 INFO  rainclassv3.aspect.LogAspect                      :99   [32m108134910769893376[0;39m 返回结果: {"content":{"list":[{"classname":"宋丹妮","code":"","credit":2,"desc":"她的唇钉真的感觉很不一样\n","id":108134230550253568,"notice":"越漂亮的女人越危险","path":"108133967470923776.jpg","place":"area","starttime":"周四","teacher":{"id":1,"loginname":"teacher","realname":"吴林峰（测试）"},"teacherid":1,"type":"专业主干课"},{"classname":"数据结构","code":"","credit":3,"desc":"后进先出","id":108134733455691776,"notice":"认真学习","path":"108134533903290368.jpg","place":"厚德楼","starttime":"周六晚上","teacher":{"$ref":"$.content.list[0].teacher"},"teacherid":1,"type":"专业主干课"}],"pageNum":1,"pageSize":3,"total":2},"success":true}
2021-10-26 17:29:31.789 INFO  rainclassv3.aspect.LogAspect                      :100  [32m108134910769893376[0;39m ------------- 结束 耗时：12 ms -------------
2021-10-26 17:34:02.377 INFO  rainclassv3.aspect.LogAspect                      :62   [32m108136045748555776[0;39m ------------- 开始 -------------
2021-10-26 17:34:02.377 INFO  rainclassv3.aspect.LogAspect                      :63   [32m108136045748555776[0;39m 请求地址: http://127.0.0.1:9000/class/list GET
2021-10-26 17:34:02.377 INFO  rainclassv3.aspect.LogAspect                      :64   [32m108136045748555776[0;39m 类名方法: rainclassv3.controller.ClassController.list
2021-10-26 17:34:02.378 INFO  rainclassv3.aspect.LogAspect                      :65   [32m108136045748555776[0;39m 远程地址: 127.0.0.1
2021-10-26 17:34:02.378 INFO  rainclassv3.aspect.LogAspect                      :87   [32m108136045748555776[0;39m 请求参数: [{"classname":"","pageNum":1,"pageSize":3}]
2021-10-26 17:34:02.385 INFO  rainclassv3.aspect.LogAspect                      :99   [32m108136045748555776[0;39m 返回结果: {"content":{"list":[{"classname":"宋丹妮","code":"","credit":2,"desc":"她的唇钉真的感觉很不一样\n","id":108134230550253568,"notice":"越漂亮的女人越危险","path":"108133967470923776.jpg","place":"area","starttime":"周四","teacher":{"id":1,"loginname":"teacher","realname":"吴林峰（测试）"},"teacherid":1,"type":"专业主干课"},{"classname":"数据结构","code":"","credit":3,"desc":"后进先出","id":108134733455691776,"notice":"认真学习","path":"108134533903290368.jpg","place":"厚德楼","starttime":"周六晚上","teacher":{"$ref":"$.content.list[0].teacher"},"teacherid":1,"type":"专业主干课"}],"pageNum":1,"pageSize":3,"total":2},"success":true}
2021-10-26 17:34:02.385 INFO  rainclassv3.aspect.LogAspect                      :100  [32m108136045748555776[0;39m ------------- 结束 耗时：8 ms -------------
2021-10-26 17:34:14.529 INFO  rainclassv3.aspect.LogAspect                      :62   [32m108136096717737984[0;39m ------------- 开始 -------------
2021-10-26 17:34:14.530 INFO  rainclassv3.aspect.LogAspect                      :63   [32m108136096717737984[0;39m 请求地址: http://127.0.0.1:9000/user/logout/undefined POST
2021-10-26 17:34:14.530 INFO  rainclassv3.aspect.LogAspect                      :64   [32m108136096717737984[0;39m 类名方法: rainclassv3.controller.UserController.logout
2021-10-26 17:34:14.530 INFO  rainclassv3.aspect.LogAspect                      :65   [32m108136096717737984[0;39m 远程地址: 127.0.0.1
2021-10-26 17:34:14.530 INFO  rainclassv3.aspect.LogAspect                      :87   [32m108136096717737984[0;39m 请求参数: ["undefined"]
2021-10-26 17:34:14.531 INFO  rainclassv3.aspect.LogAspect                      :99   [32m108136096717737984[0;39m 返回结果: {"success":true}
2021-10-26 17:34:14.531 INFO  rainclassv3.aspect.LogAspect                      :100  [32m108136096717737984[0;39m ------------- 结束 耗时：2 ms -------------
2021-10-26 17:34:14.613 INFO  rainclassv3.aspect.LogAspect                      :62   [32m108136097070059520[0;39m ------------- 开始 -------------
2021-10-26 17:34:14.613 INFO  rainclassv3.aspect.LogAspect                      :63   [32m108136097070059520[0;39m 请求地址: http://127.0.0.1:9000/class/list GET
2021-10-26 17:34:14.613 INFO  rainclassv3.aspect.LogAspect                      :64   [32m108136097070059520[0;39m 类名方法: rainclassv3.controller.ClassController.list
2021-10-26 17:34:14.614 INFO  rainclassv3.aspect.LogAspect                      :65   [32m108136097070059520[0;39m 远程地址: 127.0.0.1
2021-10-26 17:34:14.614 INFO  rainclassv3.aspect.LogAspect                      :87   [32m108136097070059520[0;39m 请求参数: [{"classname":"","pageNum":1,"pageSize":3}]
2021-10-26 17:34:14.625 INFO  rainclassv3.aspect.LogAspect                      :99   [32m108136097070059520[0;39m 返回结果: {"content":{"list":[{"classname":"宋丹妮","code":"","credit":2,"desc":"她的唇钉真的感觉很不一样\n","id":108134230550253568,"notice":"越漂亮的女人越危险","path":"108133967470923776.jpg","place":"area","starttime":"周四","teacher":{"id":1,"loginname":"teacher","realname":"吴林峰（测试）"},"teacherid":1,"type":"专业主干课"},{"classname":"数据结构","code":"","credit":3,"desc":"后进先出","id":108134733455691776,"notice":"认真学习","path":"108134533903290368.jpg","place":"厚德楼","starttime":"周六晚上","teacher":{"$ref":"$.content.list[0].teacher"},"teacherid":1,"type":"专业主干课"}],"pageNum":1,"pageSize":3,"total":2},"success":true}
2021-10-26 17:34:14.626 INFO  rainclassv3.aspect.LogAspect                      :100  [32m108136097070059520[0;39m ------------- 结束 耗时：13 ms -------------
2021-10-26 17:34:50.864 INFO  rainclassv3.aspect.LogAspect                      :62   [32m108136249117773824[0;39m ------------- 开始 -------------
2021-10-26 17:34:50.864 INFO  rainclassv3.aspect.LogAspect                      :63   [32m108136249117773824[0;39m 请求地址: http://127.0.0.1:9000/user/register POST
2021-10-26 17:34:50.864 INFO  rainclassv3.aspect.LogAspect                      :64   [32m108136249117773824[0;39m 类名方法: rainclassv3.controller.UserController.register
2021-10-26 17:34:50.865 INFO  rainclassv3.aspect.LogAspect                      :65   [32m108136249117773824[0;39m 远程地址: 127.0.0.1
2021-10-26 17:34:50.868 INFO  rainclassv3.aspect.LogAspect                      :87   [32m108136249117773824[0;39m 请求参数: [{"loginname":"wulinfeng","realname":"吴林峰"}]
2021-10-26 17:34:50.966 INFO  rainclassv3.aspect.LogAspect                      :99   [32m108136249117773824[0;39m 返回结果: {"success":true}
2021-10-26 17:34:50.967 INFO  rainclassv3.aspect.LogAspect                      :100  [32m108136249117773824[0;39m ------------- 结束 耗时：103 ms -------------
2021-10-26 17:36:21.512 INFO  rainclassv3.aspect.LogAspect                      :62   [32m108136629323042816[0;39m ------------- 开始 -------------
2021-10-26 17:36:21.512 INFO  rainclassv3.aspect.LogAspect                      :63   [32m108136629323042816[0;39m 请求地址: http://127.0.0.1:9000/class/list GET
2021-10-26 17:36:21.512 INFO  rainclassv3.aspect.LogAspect                      :64   [32m108136629323042816[0;39m 类名方法: rainclassv3.controller.ClassController.list
2021-10-26 17:36:21.513 INFO  rainclassv3.aspect.LogAspect                      :65   [32m108136629323042816[0;39m 远程地址: 127.0.0.1
2021-10-26 17:36:21.513 INFO  rainclassv3.aspect.LogAspect                      :87   [32m108136629323042816[0;39m 请求参数: [{"classname":"","pageNum":1,"pageSize":3}]
2021-10-26 17:36:21.530 INFO  rainclassv3.aspect.LogAspect                      :99   [32m108136629323042816[0;39m 返回结果: {"content":{"list":[{"classname":"宋丹妮","code":"","credit":2,"desc":"她的唇钉真的感觉很不一样\n","id":108134230550253568,"notice":"越漂亮的女人越危险","path":"108133967470923776.jpg","place":"area","starttime":"周四","teacher":{"id":1,"loginname":"teacher","realname":"吴林峰（测试）"},"teacherid":1,"type":"专业主干课"},{"classname":"数据结构","code":"","credit":3,"desc":"后进先出","id":108134733455691776,"notice":"认真学习","path":"108134533903290368.jpg","place":"厚德楼","starttime":"周六晚上","teacher":{"$ref":"$.content.list[0].teacher"},"teacherid":1,"type":"专业主干课"}],"pageNum":1,"pageSize":3,"total":2},"success":true}
2021-10-26 17:36:21.530 INFO  rainclassv3.aspect.LogAspect                      :100  [32m108136629323042816[0;39m ------------- 结束 耗时：18 ms -------------
2021-10-26 17:36:26.898 INFO  rainclassv3.aspect.LogAspect                      :62   [32m108136651913564160[0;39m ------------- 开始 -------------
2021-10-26 17:36:26.899 INFO  rainclassv3.aspect.LogAspect                      :63   [32m108136651913564160[0;39m 请求地址: http://127.0.0.1:9000/class/list GET
2021-10-26 17:36:26.899 INFO  rainclassv3.aspect.LogAspect                      :64   [32m108136651913564160[0;39m 类名方法: rainclassv3.controller.ClassController.list
2021-10-26 17:36:26.899 INFO  rainclassv3.aspect.LogAspect                      :65   [32m108136651913564160[0;39m 远程地址: 127.0.0.1
2021-10-26 17:36:26.899 INFO  rainclassv3.aspect.LogAspect                      :87   [32m108136651913564160[0;39m 请求参数: [{"classname":"宋","pageNum":1,"pageSize":3}]
2021-10-26 17:36:26.913 INFO  rainclassv3.aspect.LogAspect                      :99   [32m108136651913564160[0;39m 返回结果: {"content":{"list":[{"classname":"宋丹妮","code":"","credit":2,"desc":"她的唇钉真的感觉很不一样\n","id":108134230550253568,"notice":"越漂亮的女人越危险","path":"108133967470923776.jpg","place":"area","starttime":"周四","teacher":{"id":1,"loginname":"teacher","realname":"吴林峰（测试）"},"teacherid":1,"type":"专业主干课"}],"pageNum":1,"pageSize":3,"total":1},"success":true}
2021-10-26 17:36:26.913 INFO  rainclassv3.aspect.LogAspect                      :100  [32m108136651913564160[0;39m ------------- 结束 耗时：15 ms -------------
2021-10-26 17:36:32.506 INFO  rainclassv3.aspect.LogAspect                      :62   [32m108136675435220992[0;39m ------------- 开始 -------------
2021-10-26 17:36:32.507 INFO  rainclassv3.aspect.LogAspect                      :63   [32m108136675435220992[0;39m 请求地址: http://127.0.0.1:9000/class/list GET
2021-10-26 17:36:32.507 INFO  rainclassv3.aspect.LogAspect                      :64   [32m108136675435220992[0;39m 类名方法: rainclassv3.controller.ClassController.list
2021-10-26 17:36:32.507 INFO  rainclassv3.aspect.LogAspect                      :65   [32m108136675435220992[0;39m 远程地址: 127.0.0.1
2021-10-26 17:36:32.507 INFO  rainclassv3.aspect.LogAspect                      :87   [32m108136675435220992[0;39m 请求参数: [{"classname":"宋","pageNum":1,"pageSize":3}]
2021-10-26 17:36:32.515 INFO  rainclassv3.aspect.LogAspect                      :99   [32m108136675435220992[0;39m 返回结果: {"content":{"list":[{"classname":"宋丹妮","code":"","credit":2,"desc":"她的唇钉真的感觉很不一样\n","id":108134230550253568,"notice":"越漂亮的女人越危险","path":"108133967470923776.jpg","place":"area","starttime":"周四","teacher":{"id":1,"loginname":"teacher","realname":"吴林峰（测试）"},"teacherid":1,"type":"专业主干课"}],"pageNum":1,"pageSize":3,"total":1},"success":true}
2021-10-26 17:36:32.516 INFO  rainclassv3.aspect.LogAspect                      :100  [32m108136675435220992[0;39m ------------- 结束 耗时：10 ms -------------
2021-10-26 17:38:05.914 INFO  rainclassv3.aspect.LogAspect                      :62   [32m108137067216769024[0;39m ------------- 开始 -------------
2021-10-26 17:38:05.914 INFO  rainclassv3.aspect.LogAspect                      :63   [32m108137067216769024[0;39m 请求地址: http://127.0.0.1:9000/class/list GET
2021-10-26 17:38:05.914 INFO  rainclassv3.aspect.LogAspect                      :64   [32m108137067216769024[0;39m 类名方法: rainclassv3.controller.ClassController.list
2021-10-26 17:38:05.914 INFO  rainclassv3.aspect.LogAspect                      :65   [32m108137067216769024[0;39m 远程地址: 127.0.0.1
2021-10-26 17:38:05.915 INFO  rainclassv3.aspect.LogAspect                      :87   [32m108137067216769024[0;39m 请求参数: [{"classname":"宋","pageNum":1,"pageSize":3}]
2021-10-26 17:38:05.923 INFO  rainclassv3.aspect.LogAspect                      :99   [32m108137067216769024[0;39m 返回结果: {"content":{"list":[{"classname":"宋丹妮","code":"","credit":2,"desc":"她的唇钉真的感觉很不一样\n","id":108134230550253568,"notice":"越漂亮的女人越危险","path":"108133967470923776.jpg","place":"area","starttime":"周四","teacher":{"id":1,"loginname":"teacher","realname":"吴林峰（测试）"},"teacherid":1,"type":"专业主干课"}],"pageNum":1,"pageSize":3,"total":1},"success":true}
2021-10-26 17:38:05.924 INFO  rainclassv3.aspect.LogAspect                      :100  [32m108137067216769024[0;39m ------------- 结束 耗时：10 ms -------------
2021-10-26 17:38:06.869 INFO  rainclassv3.aspect.LogAspect                      :62   [32m108137071222329344[0;39m ------------- 开始 -------------
2021-10-26 17:38:06.870 INFO  rainclassv3.aspect.LogAspect                      :63   [32m108137071222329344[0;39m 请求地址: http://127.0.0.1:9000/class/list GET
2021-10-26 17:38:06.870 INFO  rainclassv3.aspect.LogAspect                      :64   [32m108137071222329344[0;39m 类名方法: rainclassv3.controller.ClassController.list
2021-10-26 17:38:06.870 INFO  rainclassv3.aspect.LogAspect                      :65   [32m108137071222329344[0;39m 远程地址: 127.0.0.1
2021-10-26 17:38:06.870 INFO  rainclassv3.aspect.LogAspect                      :87   [32m108137071222329344[0;39m 请求参数: [{"classname":"","pageNum":1,"pageSize":3}]
2021-10-26 17:38:06.878 INFO  rainclassv3.aspect.LogAspect                      :99   [32m108137071222329344[0;39m 返回结果: {"content":{"list":[{"classname":"宋丹妮","code":"","credit":2,"desc":"她的唇钉真的感觉很不一样\n","id":108134230550253568,"notice":"越漂亮的女人越危险","path":"108133967470923776.jpg","place":"area","starttime":"周四","teacher":{"id":1,"loginname":"teacher","realname":"吴林峰（测试）"},"teacherid":1,"type":"专业主干课"},{"classname":"数据结构","code":"","credit":3,"desc":"后进先出","id":108134733455691776,"notice":"认真学习","path":"108134533903290368.jpg","place":"厚德楼","starttime":"周六晚上","teacher":{"$ref":"$.content.list[0].teacher"},"teacherid":1,"type":"专业主干课"}],"pageNum":1,"pageSize":3,"total":2},"success":true}
2021-10-26 17:38:06.878 INFO  rainclassv3.aspect.LogAspect                      :100  [32m108137071222329344[0;39m ------------- 结束 耗时：9 ms -------------
2021-10-26 17:38:08.826 INFO  rainclassv3.aspect.LogAspect                      :62   [32m108137079430582272[0;39m ------------- 开始 -------------
2021-10-26 17:38:08.826 INFO  rainclassv3.aspect.LogAspect                      :63   [32m108137079430582272[0;39m 请求地址: http://127.0.0.1:9000/class/list GET
2021-10-26 17:38:08.827 INFO  rainclassv3.aspect.LogAspect                      :64   [32m108137079430582272[0;39m 类名方法: rainclassv3.controller.ClassController.list
2021-10-26 17:38:08.827 INFO  rainclassv3.aspect.LogAspect                      :65   [32m108137079430582272[0;39m 远程地址: 127.0.0.1
2021-10-26 17:38:08.827 INFO  rainclassv3.aspect.LogAspect                      :87   [32m108137079430582272[0;39m 请求参数: [{"classname":"","pageNum":1,"pageSize":3}]
2021-10-26 17:38:08.840 INFO  rainclassv3.aspect.LogAspect                      :99   [32m108137079430582272[0;39m 返回结果: {"content":{"list":[{"classname":"宋丹妮","code":"","credit":2,"desc":"她的唇钉真的感觉很不一样\n","id":108134230550253568,"notice":"越漂亮的女人越危险","path":"108133967470923776.jpg","place":"area","starttime":"周四","teacher":{"id":1,"loginname":"teacher","realname":"吴林峰（测试）"},"teacherid":1,"type":"专业主干课"},{"classname":"数据结构","code":"","credit":3,"desc":"后进先出","id":108134733455691776,"notice":"认真学习","path":"108134533903290368.jpg","place":"厚德楼","starttime":"周六晚上","teacher":{"$ref":"$.content.list[0].teacher"},"teacherid":1,"type":"专业主干课"}],"pageNum":1,"pageSize":3,"total":2},"success":true}
2021-10-26 17:38:08.840 INFO  rainclassv3.aspect.LogAspect                      :100  [32m108137079430582272[0;39m ------------- 结束 耗时：14 ms -------------
2021-10-26 17:38:14.393 INFO  rainclassv3.aspect.LogAspect                      :62   [32m108137102780272640[0;39m ------------- 开始 -------------
2021-10-26 17:38:14.393 INFO  rainclassv3.aspect.LogAspect                      :63   [32m108137102780272640[0;39m 请求地址: http://127.0.0.1:9000/class/list GET
2021-10-26 17:38:14.393 INFO  rainclassv3.aspect.LogAspect                      :64   [32m108137102780272640[0;39m 类名方法: rainclassv3.controller.ClassController.list
2021-10-26 17:38:14.393 INFO  rainclassv3.aspect.LogAspect                      :65   [32m108137102780272640[0;39m 远程地址: 127.0.0.1
2021-10-26 17:38:14.393 INFO  rainclassv3.aspect.LogAspect                      :87   [32m108137102780272640[0;39m 请求参数: [{"classname":"数据","pageNum":1,"pageSize":3}]
2021-10-26 17:38:14.401 INFO  rainclassv3.aspect.LogAspect                      :99   [32m108137102780272640[0;39m 返回结果: {"content":{"list":[{"classname":"数据结构","code":"","credit":3,"desc":"后进先出","id":108134733455691776,"notice":"认真学习","path":"108134533903290368.jpg","place":"厚德楼","starttime":"周六晚上","teacher":{"id":1,"loginname":"teacher","realname":"吴林峰（测试）"},"teacherid":1,"type":"专业主干课"}],"pageNum":1,"pageSize":3,"total":1},"success":true}
2021-10-26 17:38:14.401 INFO  rainclassv3.aspect.LogAspect                      :100  [32m108137102780272640[0;39m ------------- 结束 耗时：8 ms -------------
2021-10-26 17:38:19.635 INFO  rainclassv3.aspect.LogAspect                      :62   [32m108137124766814208[0;39m ------------- 开始 -------------
2021-10-26 17:38:19.636 INFO  rainclassv3.aspect.LogAspect                      :63   [32m108137124766814208[0;39m 请求地址: http://127.0.0.1:9000/class/list GET
2021-10-26 17:38:19.636 INFO  rainclassv3.aspect.LogAspect                      :64   [32m108137124766814208[0;39m 类名方法: rainclassv3.controller.ClassController.list
2021-10-26 17:38:19.636 INFO  rainclassv3.aspect.LogAspect                      :65   [32m108137124766814208[0;39m 远程地址: 127.0.0.1
2021-10-26 17:38:19.637 INFO  rainclassv3.aspect.LogAspect                      :87   [32m108137124766814208[0;39m 请求参数: [{"classname":"数据","pageNum":1,"pageSize":3}]
2021-10-26 17:38:19.647 INFO  rainclassv3.aspect.LogAspect                      :99   [32m108137124766814208[0;39m 返回结果: {"content":{"list":[{"classname":"数据结构","code":"","credit":3,"desc":"后进先出","id":108134733455691776,"notice":"认真学习","path":"108134533903290368.jpg","place":"厚德楼","starttime":"周六晚上","teacher":{"id":1,"loginname":"teacher","realname":"吴林峰（测试）"},"teacherid":1,"type":"专业主干课"}],"pageNum":1,"pageSize":3,"total":1},"success":true}
2021-10-26 17:38:19.647 INFO  rainclassv3.aspect.LogAspect                      :100  [32m108137124766814208[0;39m ------------- 结束 耗时：12 ms -------------
2021-10-26 17:40:27.825 INFO  rainclassv3.aspect.LogAspect                      :62   [32m108137662434643968[0;39m ------------- 开始 -------------
2021-10-26 17:40:27.825 INFO  rainclassv3.aspect.LogAspect                      :63   [32m108137662434643968[0;39m 请求地址: http://127.0.0.1:9000/user/login POST
2021-10-26 17:40:27.826 INFO  rainclassv3.aspect.LogAspect                      :64   [32m108137662434643968[0;39m 类名方法: rainclassv3.controller.UserController.login
2021-10-26 17:40:27.826 INFO  rainclassv3.aspect.LogAspect                      :65   [32m108137662434643968[0;39m 远程地址: 127.0.0.1
2021-10-26 17:40:27.826 INFO  rainclassv3.aspect.LogAspect                      :87   [32m108137662434643968[0;39m 请求参数: [{"loginname":"admin","role":"admin"}]
2021-10-26 17:40:27.826 INFO  rainclassv3.controller.UserController             :53   [32m108137662434643968[0;39m 传入的密码信息为:admin
2021-10-26 17:40:27.827 INFO  rainclassv3.service.impl.UserServiceImpl          :63   [32m108137662434643968[0;39m 登录的角色为:admin
2021-10-26 17:40:27.830 INFO  rainclassv3.controller.UserController             :62   [32m108137662434643968[0;39m 生成的用户 token 为:108137662455615488
2021-10-26 17:40:27.833 INFO  rainclassv3.aspect.LogAspect                      :99   [32m108137662434643968[0;39m 返回结果: {"content":{"id":1,"loginname":"admin","realname":"吴林峰","role":"admin","token":"108137662455615488"},"success":true}
2021-10-26 17:40:27.833 INFO  rainclassv3.aspect.LogAspect                      :100  [32m108137662434643968[0;39m ------------- 结束 耗时：8 ms -------------
2021-10-26 17:49:33.306 INFO  rainclassv3.aspect.LogAspect                      :62   [32m108139950347784192[0;39m ------------- 开始 -------------
2021-10-26 17:49:33.307 INFO  rainclassv3.aspect.LogAspect                      :63   [32m108139950347784192[0;39m 请求地址: http://127.0.0.1:9000/class/selectById/108134733455691776 GET
2021-10-26 17:49:33.307 INFO  rainclassv3.aspect.LogAspect                      :64   [32m108139950347784192[0;39m 类名方法: rainclassv3.controller.ClassController.selectById
2021-10-26 17:49:33.307 INFO  rainclassv3.aspect.LogAspect                      :65   [32m108139950347784192[0;39m 远程地址: 127.0.0.1
2021-10-26 17:49:33.307 INFO  rainclassv3.aspect.LogAspect                      :87   [32m108139950347784192[0;39m 请求参数: ["108134733455691776"]
2021-10-26 17:49:33.313 INFO  rainclassv3.aspect.LogAspect                      :99   [32m108139950347784192[0;39m 返回结果: {"content":{"classname":"数据结构","code":"","credit":3,"desc":"后进先出","id":108134733455691776,"notice":"认真学习","path":"108134533903290368.jpg","place":"厚德楼","starttime":"周六晚上","teacher":{"id":1,"loginname":"teacher","realname":"吴林峰（测试）"},"teacherid":1,"type":"专业主干课"},"success":true}
2021-10-26 17:49:33.314 INFO  rainclassv3.aspect.LogAspect                      :100  [32m108139950347784192[0;39m ------------- 结束 耗时：8 ms -------------
2021-10-26 17:54:22.689 INFO  rainclassv3.aspect.LogAspect                      :62   [32m108141164108058624[0;39m ------------- 开始 -------------
2021-10-26 17:54:22.689 INFO  rainclassv3.aspect.LogAspect                      :63   [32m108141164108058624[0;39m 请求地址: http://127.0.0.1:9000/user/logout/undefined POST
2021-10-26 17:54:22.689 INFO  rainclassv3.aspect.LogAspect                      :64   [32m108141164108058624[0;39m 类名方法: rainclassv3.controller.UserController.logout
2021-10-26 17:54:22.690 INFO  rainclassv3.aspect.LogAspect                      :65   [32m108141164108058624[0;39m 远程地址: 127.0.0.1
2021-10-26 17:54:22.690 INFO  rainclassv3.aspect.LogAspect                      :87   [32m108141164108058624[0;39m 请求参数: ["undefined"]
2021-10-26 17:54:22.692 INFO  rainclassv3.aspect.LogAspect                      :99   [32m108141164108058624[0;39m 返回结果: {"success":true}
2021-10-26 17:54:22.692 INFO  rainclassv3.aspect.LogAspect                      :100  [32m108141164108058624[0;39m ------------- 结束 耗时：3 ms -------------
2021-10-26 17:54:22.777 INFO  rainclassv3.aspect.LogAspect                      :62   [32m108141164477157376[0;39m ------------- 开始 -------------
2021-10-26 17:54:22.777 INFO  rainclassv3.aspect.LogAspect                      :63   [32m108141164477157376[0;39m 请求地址: http://127.0.0.1:9000/class/list GET
2021-10-26 17:54:22.778 INFO  rainclassv3.aspect.LogAspect                      :64   [32m108141164477157376[0;39m 类名方法: rainclassv3.controller.ClassController.list
2021-10-26 17:54:22.778 INFO  rainclassv3.aspect.LogAspect                      :65   [32m108141164477157376[0;39m 远程地址: 127.0.0.1
2021-10-26 17:54:22.778 INFO  rainclassv3.aspect.LogAspect                      :87   [32m108141164477157376[0;39m 请求参数: [{"classname":"","pageNum":1,"pageSize":3}]
2021-10-26 17:54:22.790 INFO  rainclassv3.aspect.LogAspect                      :99   [32m108141164477157376[0;39m 返回结果: {"content":{"list":[{"classname":"宋丹妮","code":"","credit":2,"desc":"她的唇钉真的感觉很不一样\n","id":108134230550253568,"notice":"越漂亮的女人越危险","path":"108133967470923776.jpg","place":"area","starttime":"周四","teacher":{"id":1,"loginname":"teacher","realname":"吴林峰（测试）"},"teacherid":1,"type":"专业主干课"},{"classname":"数据结构","code":"","credit":3,"desc":"后进先出","id":108134733455691776,"notice":"认真学习","path":"108134533903290368.jpg","place":"厚德楼","starttime":"周六晚上","teacher":{"$ref":"$.content.list[0].teacher"},"teacherid":1,"type":"专业主干课"}],"pageNum":1,"pageSize":3,"total":2},"success":true}
2021-10-26 17:54:22.792 INFO  rainclassv3.aspect.LogAspect                      :100  [32m108141164477157376[0;39m ------------- 结束 耗时：15 ms -------------
2021-10-26 17:54:30.915 INFO  rainclassv3.aspect.LogAspect                      :62   [32m108141198610403328[0;39m ------------- 开始 -------------
2021-10-26 17:54:30.916 INFO  rainclassv3.aspect.LogAspect                      :63   [32m108141198610403328[0;39m 请求地址: http://127.0.0.1:9000/class/list GET
2021-10-26 17:54:30.916 INFO  rainclassv3.aspect.LogAspect                      :64   [32m108141198610403328[0;39m 类名方法: rainclassv3.controller.ClassController.list
2021-10-26 17:54:30.916 INFO  rainclassv3.aspect.LogAspect                      :65   [32m108141198610403328[0;39m 远程地址: 127.0.0.1
2021-10-26 17:54:30.916 INFO  rainclassv3.aspect.LogAspect                      :87   [32m108141198610403328[0;39m 请求参数: [{"classname":"","pageNum":1,"pageSize":3}]
2021-10-26 17:54:30.923 INFO  rainclassv3.aspect.LogAspect                      :99   [32m108141198610403328[0;39m 返回结果: {"content":{"list":[{"classname":"宋丹妮","code":"","credit":2,"desc":"她的唇钉真的感觉很不一样\n","id":108134230550253568,"notice":"越漂亮的女人越危险","path":"108133967470923776.jpg","place":"area","starttime":"周四","teacher":{"id":1,"loginname":"teacher","realname":"吴林峰（测试）"},"teacherid":1,"type":"专业主干课"},{"classname":"数据结构","code":"","credit":3,"desc":"后进先出","id":108134733455691776,"notice":"认真学习","path":"108134533903290368.jpg","place":"厚德楼","starttime":"周六晚上","teacher":{"$ref":"$.content.list[0].teacher"},"teacherid":1,"type":"专业主干课"}],"pageNum":1,"pageSize":3,"total":2},"success":true}
2021-10-26 17:54:30.924 INFO  rainclassv3.aspect.LogAspect                      :100  [32m108141198610403328[0;39m ------------- 结束 耗时：9 ms -------------
2021-10-26 17:54:41.669 INFO  rainclassv3.aspect.LogAspect                      :62   [32m108141243715948544[0;39m ------------- 开始 -------------
2021-10-26 17:54:41.669 INFO  rainclassv3.aspect.LogAspect                      :63   [32m108141243715948544[0;39m 请求地址: http://127.0.0.1:9000/user/login POST
2021-10-26 17:54:41.669 INFO  rainclassv3.aspect.LogAspect                      :64   [32m108141243715948544[0;39m 类名方法: rainclassv3.controller.UserController.login
2021-10-26 17:54:41.669 INFO  rainclassv3.aspect.LogAspect                      :65   [32m108141243715948544[0;39m 远程地址: 127.0.0.1
2021-10-26 17:54:41.669 INFO  rainclassv3.aspect.LogAspect                      :87   [32m108141243715948544[0;39m 请求参数: [{"loginname":"adf","role":"admin"}]
2021-10-26 17:54:41.669 INFO  rainclassv3.controller.UserController             :53   [32m108141243715948544[0;39m 传入的密码信息为:fasd
2021-10-26 17:54:41.670 INFO  rainclassv3.service.impl.UserServiceImpl          :63   [32m108141243715948544[0;39m 登录的角色为:admin
2021-10-26 17:54:41.711 WARN  rainclassv3.controller.ControllerExceptionHandler :54   [32m108141243715948544[0;39m 业务异常：用户名不存在或密码错误
2021-10-26 17:54:41.712 WARN  o.s.w.s.m.m.a.ExceptionHandlerExceptionResolver   :207  [32m108141243715948544[0;39m Resolved [rainclassv3.exception.BusinessException: 用户名不存在或密码错误]
2021-10-26 17:55:33.723 INFO  rainclassv3.aspect.LogAspect                      :62   [32m108141462046248960[0;39m ------------- 开始 -------------
2021-10-26 17:55:33.723 INFO  rainclassv3.aspect.LogAspect                      :63   [32m108141462046248960[0;39m 请求地址: http://127.0.0.1:9000/user/login POST
2021-10-26 17:55:33.723 INFO  rainclassv3.aspect.LogAspect                      :64   [32m108141462046248960[0;39m 类名方法: rainclassv3.controller.UserController.login
2021-10-26 17:55:33.723 INFO  rainclassv3.aspect.LogAspect                      :65   [32m108141462046248960[0;39m 远程地址: 127.0.0.1
2021-10-26 17:55:33.724 INFO  rainclassv3.aspect.LogAspect                      :87   [32m108141462046248960[0;39m 请求参数: [{"loginname":"adf","role":"admin"}]
2021-10-26 17:55:33.724 INFO  rainclassv3.controller.UserController             :53   [32m108141462046248960[0;39m 传入的密码信息为:fasd
2021-10-26 17:55:33.724 INFO  rainclassv3.service.impl.UserServiceImpl          :63   [32m108141462046248960[0;39m 登录的角色为:admin
2021-10-26 17:55:33.728 WARN  rainclassv3.controller.ControllerExceptionHandler :54   [32m108141462046248960[0;39m 业务异常：用户名不存在或密码错误
2021-10-26 17:55:33.730 WARN  o.s.w.s.m.m.a.ExceptionHandlerExceptionResolver   :207  [32m108141462046248960[0;39m Resolved [rainclassv3.exception.BusinessException: 用户名不存在或密码错误]
2021-10-26 17:55:51.569 INFO  rainclassv3.aspect.LogAspect                      :62   [32m108141536897798144[0;39m ------------- 开始 -------------
2021-10-26 17:55:51.569 INFO  rainclassv3.aspect.LogAspect                      :63   [32m108141536897798144[0;39m 请求地址: http://127.0.0.1:9000/user/login POST
2021-10-26 17:55:51.569 INFO  rainclassv3.aspect.LogAspect                      :64   [32m108141536897798144[0;39m 类名方法: rainclassv3.controller.UserController.login
2021-10-26 17:55:51.569 INFO  rainclassv3.aspect.LogAspect                      :65   [32m108141536897798144[0;39m 远程地址: 127.0.0.1
2021-10-26 17:55:51.570 INFO  rainclassv3.aspect.LogAspect                      :87   [32m108141536897798144[0;39m 请求参数: [{"loginname":"admin","role":"admin"}]
2021-10-26 17:55:51.570 INFO  rainclassv3.controller.UserController             :53   [32m108141536897798144[0;39m 传入的密码信息为:fasd
2021-10-26 17:55:51.570 INFO  rainclassv3.service.impl.UserServiceImpl          :63   [32m108141536897798144[0;39m 登录的角色为:admin
2021-10-26 17:55:51.572 WARN  rainclassv3.controller.ControllerExceptionHandler :54   [32m108141536897798144[0;39m 业务异常：用户名不存在或密码错误
2021-10-26 17:55:51.573 WARN  o.s.w.s.m.m.a.ExceptionHandlerExceptionResolver   :207  [32m108141536897798144[0;39m Resolved [rainclassv3.exception.BusinessException: 用户名不存在或密码错误]
