2021-10-13 14:17:03.404 INFO  rainclassv3.config.RainClassV3Application         :55   [32m                  [0;39m Starting RainClassV3Application using Java 1.8.0_261 on DESKTOP-6AM15DO with PID 11152 (F:\private\rain-class-v3-main\target\classes started by Administrator in F:\private\rain-class-v3-main)
2021-10-13 14:17:03.392 INFO  org.hibernate.validator.internal.util.Version     :21   [32m                  [0;39m HV000001: Hibernate Validator 6.2.0.Final
2021-10-13 14:17:03.411 INFO  rainclassv3.config.RainClassV3Application         :659  [32m                  [0;39m No active profile set, falling back to default profiles: default
2021-10-13 14:17:03.668 INFO  o.s.b.d.env.DevToolsPropertyDefaultsPostProcessor :255  [32m                  [0;39m Devtools property defaults active! Set 'spring.devtools.add-properties' to 'false' to disable
2021-10-13 14:17:03.668 INFO  o.s.b.d.env.DevToolsPropertyDefaultsPostProcessor :255  [32m                  [0;39m For additional web related logging consider setting the 'logging.level.web' property to 'DEBUG'
2021-10-13 14:17:07.949 INFO  o.s.d.r.config.RepositoryConfigurationDelegate    :262  [32m                  [0;39m Multiple Spring Data modules found, entering strict repository configuration mode!
2021-10-13 14:17:07.950 INFO  o.s.d.r.config.RepositoryConfigurationDelegate    :132  [32m                  [0;39m Bootstrapping Spring Data JDBC repositories in DEFAULT mode.
2021-10-13 14:17:07.958 INFO  o.s.d.r.config.RepositoryConfigurationDelegate    :201  [32m                  [0;39m Finished Spring Data repository scanning in 4 ms. Found 0 JDBC repository interfaces.
2021-10-13 14:17:08.000 INFO  o.s.d.r.config.RepositoryConfigurationDelegate    :262  [32m                  [0;39m Multiple Spring Data modules found, entering strict repository configuration mode!
2021-10-13 14:17:08.001 INFO  o.s.d.r.config.RepositoryConfigurationDelegate    :132  [32m                  [0;39m Bootstrapping Spring Data Redis repositories in DEFAULT mode.
2021-10-13 14:17:08.052 INFO  o.s.d.r.config.RepositoryConfigurationDelegate    :201  [32m                  [0;39m Finished Spring Data repository scanning in 0 ms. Found 0 Redis repository interfaces.
2021-10-13 14:17:10.364 INFO  o.s.boot.web.embedded.tomcat.TomcatWebServer      :108  [32m                  [0;39m Tomcat initialized with port(s): 9000 (http)
2021-10-13 14:17:10.412 INFO  org.apache.coyote.http11.Http11NioProtocol        :173  [32m                  [0;39m Initializing ProtocolHandler ["http-nio-9000"]
2021-10-13 14:17:10.413 INFO  org.apache.catalina.core.StandardService          :173  [32m                  [0;39m Starting service [Tomcat]
2021-10-13 14:17:10.414 INFO  org.apache.catalina.core.StandardEngine           :173  [32m                  [0;39m Starting Servlet engine: [Apache Tomcat/9.0.46]
2021-10-13 14:17:10.633 INFO  o.a.c.core.ContainerBase.[Tomcat].[localhost].[/] :173  [32m                  [0;39m Initializing Spring embedded WebApplicationContext
2021-10-13 14:17:10.634 INFO  o.s.b.w.s.c.ServletWebServerApplicationContext    :290  [32m                  [0;39m Root WebApplicationContext: initialization completed in 6965 ms
2021-10-13 14:17:22.440 INFO  rainclassv3.config.CorsConfig                     :43   [32m                  [0;39m 外部尝试访问磁盘图片
2021-10-13 14:17:22.441 INFO  rainclassv3.config.CorsConfig                     :44   [32m                  [0;39m 拦截器中设置的路径为:file:/root/disPic
2021-10-13 14:17:22.563 WARN  o.s.b.a.t.ThymeleafAutoConfiguration$DefaultTemplateResolverConfiguration:105  [32m                  [0;39m Cannot find template location: classpath:/templates/ (please add some templates or check your Thymeleaf configuration)
2021-10-13 14:17:22.807 INFO  com.zaxxer.hikari.HikariDataSource                :110  [32m                  [0;39m HikariPool-1 - Starting...
2021-10-13 14:17:23.391 INFO  com.zaxxer.hikari.HikariDataSource                :123  [32m                  [0;39m HikariPool-1 - Start completed.
2021-10-13 14:17:24.071 INFO  o.s.b.d.autoconfigure.OptionalLiveReloadServer    :58   [32m                  [0;39m LiveReload server is running on port 35729
2021-10-13 14:17:24.135 INFO  org.apache.coyote.http11.Http11NioProtocol        :173  [32m                  [0;39m Starting ProtocolHandler ["http-nio-9000"]
2021-10-13 14:17:24.256 INFO  o.s.boot.web.embedded.tomcat.TomcatWebServer      :220  [32m                  [0;39m Tomcat started on port(s): 9000 (http) with context path ''
2021-10-13 14:17:24.267 INFO  rainclassv3.config.RainClassV3Application         :61   [32m                  [0;39m Started RainClassV3Application in 22.588 seconds (JVM running for 24.231)
2021-10-13 14:30:34.832 INFO  o.a.c.core.ContainerBase.[Tomcat].[localhost].[/] :173  [32m                  [0;39m Initializing Spring DispatcherServlet 'dispatcherServlet'
2021-10-13 14:30:34.832 INFO  org.springframework.web.servlet.DispatcherServlet :525  [32m                  [0;39m Initializing Servlet 'dispatcherServlet'
2021-10-13 14:30:34.833 INFO  org.springframework.web.servlet.DispatcherServlet :547  [32m                  [0;39m Completed initialization in 1 ms
2021-10-13 14:30:34.987 INFO  rainclassv3.aspect.LogAspect                      :62   [32m103378835147460608[0;39m ------------- 开始 -------------
2021-10-13 14:30:34.987 INFO  rainclassv3.aspect.LogAspect                      :63   [32m103378835147460608[0;39m 请求地址: http://127.0.0.1:9000/class/list GET
2021-10-13 14:30:34.988 INFO  rainclassv3.aspect.LogAspect                      :64   [32m103378835147460608[0;39m 类名方法: rainclassv3.controller.ClassController.list
2021-10-13 14:30:34.988 INFO  rainclassv3.aspect.LogAspect                      :65   [32m103378835147460608[0;39m 远程地址: 127.0.0.1
2021-10-13 14:30:35.163 INFO  rainclassv3.aspect.LogAspect                      :87   [32m103378835147460608[0;39m 请求参数: [{"classname":"","pageNum":1,"pageSize":3}]
2021-10-13 14:30:35.727 INFO  rainclassv3.aspect.LogAspect                      :99   [32m103378835147460608[0;39m 返回结果: {"content":{"list":[{"classname":"tset","code":"","credit":1,"desc":"asdgasdg","id":102661292975853568,"notice":"","path":"102661134905118720.jpg","place":"","starttime":"","teacher":{"id":1,"loginname":"admin","realname":"admin"},"teacherid":1,"type":"专业主干课"},{"classname":"","code":"","desc":"","id":102671213423366144,"notice":"","path":"","place":"","starttime":"","type":"博雅课"}],"pageNum":1,"pageSize":3,"total":2},"success":true}
2021-10-13 14:30:35.728 INFO  rainclassv3.aspect.LogAspect                      :100  [32m103378835147460608[0;39m ------------- 结束 耗时：742 ms -------------
2021-10-13 14:30:50.737 INFO  rainclassv3.aspect.LogAspect                      :62   [32m103378901216137216[0;39m ------------- 开始 -------------
2021-10-13 14:30:50.738 INFO  rainclassv3.aspect.LogAspect                      :63   [32m103378901216137216[0;39m 请求地址: http://127.0.0.1:9000/class/selectById/102661292975853568 GET
2021-10-13 14:30:50.739 INFO  rainclassv3.aspect.LogAspect                      :64   [32m103378901216137216[0;39m 类名方法: rainclassv3.controller.ClassController.selectById
2021-10-13 14:30:50.739 INFO  rainclassv3.aspect.LogAspect                      :65   [32m103378901216137216[0;39m 远程地址: 127.0.0.1
2021-10-13 14:30:50.739 INFO  rainclassv3.aspect.LogAspect                      :87   [32m103378901216137216[0;39m 请求参数: ["102661292975853568"]
2021-10-13 14:30:50.774 INFO  rainclassv3.aspect.LogAspect                      :99   [32m103378901216137216[0;39m 返回结果: {"content":{"classname":"tset","code":"","credit":1,"desc":"asdgasdg","id":102661292975853568,"notice":"","path":"102661134905118720.jpg","place":"","starttime":"","teacher":{"id":1,"loginname":"admin","realname":"admin"},"teacherid":1,"type":"专业主干课"},"success":true}
2021-10-13 14:30:50.775 INFO  rainclassv3.aspect.LogAspect                      :100  [32m103378901216137216[0;39m ------------- 结束 耗时：38 ms -------------
2021-10-13 14:31:07.710 INFO  rainclassv3.aspect.LogAspect                      :62   [32m103378972406059008[0;39m ------------- 开始 -------------
2021-10-13 14:31:07.710 INFO  rainclassv3.aspect.LogAspect                      :63   [32m103378972406059008[0;39m 请求地址: http://127.0.0.1:9000/class/list GET
2021-10-13 14:31:07.710 INFO  rainclassv3.aspect.LogAspect                      :64   [32m103378972406059008[0;39m 类名方法: rainclassv3.controller.ClassController.list
2021-10-13 14:31:07.710 INFO  rainclassv3.aspect.LogAspect                      :65   [32m103378972406059008[0;39m 远程地址: 127.0.0.1
2021-10-13 14:31:07.711 INFO  rainclassv3.aspect.LogAspect                      :87   [32m103378972406059008[0;39m 请求参数: [{"classname":"","pageNum":1,"pageSize":3}]
2021-10-13 14:31:07.723 INFO  rainclassv3.aspect.LogAspect                      :99   [32m103378972406059008[0;39m 返回结果: {"content":{"list":[{"classname":"tset","code":"","credit":1,"desc":"asdgasdg","id":102661292975853568,"notice":"","path":"102661134905118720.jpg","place":"","starttime":"","teacher":{"id":1,"loginname":"admin","realname":"admin"},"teacherid":1,"type":"专业主干课"},{"classname":"","code":"","desc":"","id":102671213423366144,"notice":"","path":"","place":"","starttime":"","type":"博雅课"}],"pageNum":1,"pageSize":3,"total":2},"success":true}
2021-10-13 14:31:07.724 INFO  rainclassv3.aspect.LogAspect                      :100  [32m103378972406059008[0;39m ------------- 结束 耗时：14 ms -------------
2021-10-13 14:31:33.995 INFO  rainclassv3.aspect.LogAspect                      :62   [32m103379082653339648[0;39m ------------- 开始 -------------
2021-10-13 14:31:33.995 INFO  rainclassv3.aspect.LogAspect                      :62   [32m103379082653339649[0;39m ------------- 开始 -------------
2021-10-13 14:31:33.996 INFO  rainclassv3.aspect.LogAspect                      :63   [32m103379082653339648[0;39m 请求地址: http://127.0.0.1:9000/user/login POST
2021-10-13 14:31:33.996 INFO  rainclassv3.aspect.LogAspect                      :63   [32m103379082653339649[0;39m 请求地址: http://127.0.0.1:9000/user/login POST
2021-10-13 14:31:33.996 INFO  rainclassv3.aspect.LogAspect                      :64   [32m103379082653339648[0;39m 类名方法: rainclassv3.controller.UserController.login
2021-10-13 14:31:33.996 INFO  rainclassv3.aspect.LogAspect                      :64   [32m103379082653339649[0;39m 类名方法: rainclassv3.controller.UserController.login
2021-10-13 14:31:33.996 INFO  rainclassv3.aspect.LogAspect                      :65   [32m103379082653339648[0;39m 远程地址: 127.0.0.1
2021-10-13 14:31:33.996 INFO  rainclassv3.aspect.LogAspect                      :65   [32m103379082653339649[0;39m 远程地址: 127.0.0.1
2021-10-13 14:31:33.999 INFO  rainclassv3.aspect.LogAspect                      :87   [32m103379082653339648[0;39m 请求参数: [{"loginname":"admin","role":"admin"}]
2021-10-13 14:31:33.999 INFO  rainclassv3.aspect.LogAspect                      :87   [32m103379082653339649[0;39m 请求参数: [{"loginname":"admin","role":"admin"}]
2021-10-13 14:31:34.003 INFO  rainclassv3.controller.UserController             :53   [32m103379082653339649[0;39m 传入的密码信息为:admin
2021-10-13 14:31:34.003 INFO  rainclassv3.controller.UserController             :53   [32m103379082653339648[0;39m 传入的密码信息为:admin
2021-10-13 14:31:34.004 INFO  rainclassv3.service.impl.UserServiceImpl          :63   [32m103379082653339648[0;39m 登录的角色为:admin
2021-10-13 14:31:34.004 INFO  rainclassv3.service.impl.UserServiceImpl          :63   [32m103379082653339649[0;39m 登录的角色为:admin
2021-10-13 14:31:34.102 INFO  rainclassv3.controller.UserController             :62   [32m103379082653339648[0;39m 生成的用户 token 为:103379083102130176
2021-10-13 14:31:34.103 INFO  rainclassv3.controller.UserController             :62   [32m103379082653339649[0;39m 生成的用户 token 为:103379083106324480
2021-10-13 14:31:34.159 INFO  rainclassv3.aspect.LogAspect                      :62   [32m103379083341205504[0;39m ------------- 开始 -------------
2021-10-13 14:31:34.160 INFO  rainclassv3.aspect.LogAspect                      :63   [32m103379083341205504[0;39m 请求地址: http://127.0.0.1:9000/user/login POST
2021-10-13 14:31:34.160 INFO  rainclassv3.aspect.LogAspect                      :64   [32m103379083341205504[0;39m 类名方法: rainclassv3.controller.UserController.login
2021-10-13 14:31:34.160 INFO  rainclassv3.aspect.LogAspect                      :65   [32m103379083341205504[0;39m 远程地址: 127.0.0.1
2021-10-13 14:31:34.161 INFO  rainclassv3.aspect.LogAspect                      :87   [32m103379083341205504[0;39m 请求参数: [{"loginname":"admin","role":"admin"}]
2021-10-13 14:31:34.161 INFO  rainclassv3.controller.UserController             :53   [32m103379083341205504[0;39m 传入的密码信息为:admin
2021-10-13 14:31:34.161 INFO  rainclassv3.service.impl.UserServiceImpl          :63   [32m103379083341205504[0;39m 登录的角色为:admin
2021-10-13 14:31:34.167 INFO  rainclassv3.controller.UserController             :62   [32m103379083341205504[0;39m 生成的用户 token 为:103379083374759936
2021-10-13 14:31:35.209 INFO  rainclassv3.aspect.LogAspect                      :99   [32m103379082653339649[0;39m 返回结果: {"content":{"id":1,"loginname":"admin","realname":"admin","role":"admin","token":"103379083106324480"},"success":true}
2021-10-13 14:31:35.209 INFO  rainclassv3.aspect.LogAspect                      :99   [32m103379082653339648[0;39m 返回结果: {"content":{"id":1,"loginname":"admin","realname":"admin","role":"admin","token":"103379083102130176"},"success":true}
2021-10-13 14:31:35.209 INFO  rainclassv3.aspect.LogAspect                      :99   [32m103379083341205504[0;39m 返回结果: {"content":{"id":1,"loginname":"admin","realname":"admin","role":"admin","token":"103379083374759936"},"success":true}
2021-10-13 14:31:35.210 INFO  rainclassv3.aspect.LogAspect                      :100  [32m103379082653339648[0;39m ------------- 结束 耗时：1215 ms -------------
2021-10-13 14:31:35.210 INFO  rainclassv3.aspect.LogAspect                      :100  [32m103379082653339649[0;39m ------------- 结束 耗时：1215 ms -------------
2021-10-13 14:31:35.210 INFO  rainclassv3.aspect.LogAspect                      :100  [32m103379083341205504[0;39m ------------- 结束 耗时：1051 ms -------------
2021-10-13 14:31:52.813 INFO  rainclassv3.aspect.LogAspect                      :62   [32m103379161581752320[0;39m ------------- 开始 -------------
2021-10-13 14:31:52.814 INFO  rainclassv3.aspect.LogAspect                      :63   [32m103379161581752320[0;39m 请求地址: http://127.0.0.1:9000/class/list GET
2021-10-13 14:31:52.814 INFO  rainclassv3.aspect.LogAspect                      :64   [32m103379161581752320[0;39m 类名方法: rainclassv3.controller.ClassController.list
2021-10-13 14:31:52.814 INFO  rainclassv3.aspect.LogAspect                      :65   [32m103379161581752320[0;39m 远程地址: 127.0.0.1
2021-10-13 14:31:52.815 INFO  rainclassv3.aspect.LogAspect                      :87   [32m103379161581752320[0;39m 请求参数: [{"classname":"","pageNum":1,"pageSize":3}]
2021-10-13 14:31:52.825 INFO  rainclassv3.aspect.LogAspect                      :99   [32m103379161581752320[0;39m 返回结果: {"content":{"list":[{"classname":"tset","code":"","credit":1,"desc":"asdgasdg","id":102661292975853568,"notice":"","path":"102661134905118720.jpg","place":"","starttime":"","teacher":{"id":1,"loginname":"admin","realname":"admin"},"teacherid":1,"type":"专业主干课"},{"classname":"","code":"","desc":"","id":102671213423366144,"notice":"","path":"","place":"","starttime":"","type":"博雅课"}],"pageNum":1,"pageSize":3,"total":2},"success":true}
2021-10-13 14:31:52.826 INFO  rainclassv3.aspect.LogAspect                      :100  [32m103379161581752320[0;39m ------------- 结束 耗时：13 ms -------------
2021-10-13 14:32:52.912 INFO  rainclassv3.aspect.LogAspect                      :62   [32m103379413655228416[0;39m ------------- 开始 -------------
2021-10-13 14:32:52.913 INFO  rainclassv3.aspect.LogAspect                      :63   [32m103379413655228416[0;39m 请求地址: http://127.0.0.1:9000/class/list GET
2021-10-13 14:32:52.913 INFO  rainclassv3.aspect.LogAspect                      :64   [32m103379413655228416[0;39m 类名方法: rainclassv3.controller.ClassController.list
2021-10-13 14:32:52.914 INFO  rainclassv3.aspect.LogAspect                      :65   [32m103379413655228416[0;39m 远程地址: 127.0.0.1
2021-10-13 14:32:52.914 INFO  rainclassv3.aspect.LogAspect                      :87   [32m103379413655228416[0;39m 请求参数: [{"classname":"","pageNum":1,"pageSize":3}]
2021-10-13 14:32:52.927 INFO  rainclassv3.aspect.LogAspect                      :99   [32m103379413655228416[0;39m 返回结果: {"content":{"list":[{"classname":"tset","code":"","credit":1,"desc":"asdgasdg","id":102661292975853568,"notice":"","path":"102661134905118720.jpg","place":"","starttime":"","teacher":{"id":1,"loginname":"admin","realname":"admin"},"teacherid":1,"type":"专业主干课"},{"classname":"","code":"","desc":"","id":102671213423366144,"notice":"","path":"","place":"","starttime":"","type":"博雅课"}],"pageNum":1,"pageSize":3,"total":2},"success":true}
2021-10-13 14:32:52.928 INFO  rainclassv3.aspect.LogAspect                      :100  [32m103379413655228416[0;39m ------------- 结束 耗时：16 ms -------------
2021-10-13 14:32:53.578 INFO  rainclassv3.aspect.LogAspect                      :62   [32m103379416448634880[0;39m ------------- 开始 -------------
2021-10-13 14:32:53.580 INFO  rainclassv3.aspect.LogAspect                      :63   [32m103379416448634880[0;39m 请求地址: http://127.0.0.1:9000/class/list GET
2021-10-13 14:32:53.580 INFO  rainclassv3.aspect.LogAspect                      :64   [32m103379416448634880[0;39m 类名方法: rainclassv3.controller.ClassController.list
2021-10-13 14:32:53.581 INFO  rainclassv3.aspect.LogAspect                      :65   [32m103379416448634880[0;39m 远程地址: 127.0.0.1
2021-10-13 14:32:53.581 INFO  rainclassv3.aspect.LogAspect                      :87   [32m103379416448634880[0;39m 请求参数: [{"classname":"","pageNum":1,"pageSize":3}]
2021-10-13 14:32:53.591 INFO  rainclassv3.aspect.LogAspect                      :99   [32m103379416448634880[0;39m 返回结果: {"content":{"list":[{"classname":"tset","code":"","credit":1,"desc":"asdgasdg","id":102661292975853568,"notice":"","path":"102661134905118720.jpg","place":"","starttime":"","teacher":{"id":1,"loginname":"admin","realname":"admin"},"teacherid":1,"type":"专业主干课"},{"classname":"","code":"","desc":"","id":102671213423366144,"notice":"","path":"","place":"","starttime":"","type":"博雅课"}],"pageNum":1,"pageSize":3,"total":2},"success":true}
2021-10-13 14:32:53.591 INFO  rainclassv3.aspect.LogAspect                      :100  [32m103379416448634880[0;39m ------------- 结束 耗时：13 ms -------------
2021-10-13 14:33:05.005 INFO  rainclassv3.aspect.LogAspect                      :62   [32m103379464376946688[0;39m ------------- 开始 -------------
2021-10-13 14:33:05.006 INFO  rainclassv3.aspect.LogAspect                      :63   [32m103379464376946688[0;39m 请求地址: http://127.0.0.1:9000/class/list GET
2021-10-13 14:33:05.006 INFO  rainclassv3.aspect.LogAspect                      :64   [32m103379464376946688[0;39m 类名方法: rainclassv3.controller.ClassController.list
2021-10-13 14:33:05.006 INFO  rainclassv3.aspect.LogAspect                      :65   [32m103379464376946688[0;39m 远程地址: 127.0.0.1
2021-10-13 14:33:05.006 INFO  rainclassv3.aspect.LogAspect                      :87   [32m103379464376946688[0;39m 请求参数: [{"classname":"","pageNum":1,"pageSize":3}]
2021-10-13 14:33:05.014 INFO  rainclassv3.aspect.LogAspect                      :99   [32m103379464376946688[0;39m 返回结果: {"content":{"list":[{"classname":"tset","code":"","credit":1,"desc":"asdgasdg","id":102661292975853568,"notice":"","path":"102661134905118720.jpg","place":"","starttime":"","teacher":{"id":1,"loginname":"admin","realname":"admin"},"teacherid":1,"type":"专业主干课"},{"classname":"","code":"","desc":"","id":102671213423366144,"notice":"","path":"","place":"","starttime":"","type":"博雅课"}],"pageNum":1,"pageSize":3,"total":2},"success":true}
2021-10-13 14:33:05.015 INFO  rainclassv3.aspect.LogAspect                      :100  [32m103379464376946688[0;39m ------------- 结束 耗时：10 ms -------------
2021-10-13 14:33:31.741 INFO  rainclassv3.aspect.LogAspect                      :62   [32m103379576515858432[0;39m ------------- 开始 -------------
2021-10-13 14:33:31.742 INFO  rainclassv3.aspect.LogAspect                      :63   [32m103379576515858432[0;39m 请求地址: http://127.0.0.1:9000/user/checkPassword GET
2021-10-13 14:33:31.743 INFO  rainclassv3.aspect.LogAspect                      :64   [32m103379576515858432[0;39m 类名方法: rainclassv3.controller.UserController.checkPassword
2021-10-13 14:33:31.743 INFO  rainclassv3.aspect.LogAspect                      :65   [32m103379576515858432[0;39m 远程地址: 127.0.0.1
2021-10-13 14:33:31.745 INFO  rainclassv3.aspect.LogAspect                      :87   [32m103379576515858432[0;39m 请求参数: [{"origin":"admin","token":"103379083106324480"}]
2021-10-13 14:33:31.746 INFO  rainclassv3.controller.UserController             :105  [32m103379576515858432[0;39m 传入的token 信息为:103379083106324480
2021-10-13 14:33:33.813 ERROR rainclassv3.controller.ControllerExceptionHandler :69   [32m103379576515858432[0;39m 系统异常：
org.springframework.dao.QueryTimeoutException: Redis command timed out; nested exception is io.lettuce.core.RedisCommandTimeoutException: Command timed out after 2 second(s)
	at org.springframework.data.redis.connection.lettuce.LettuceExceptionConverter.convert(LettuceExceptionConverter.java:70)
	at org.springframework.data.redis.connection.lettuce.LettuceExceptionConverter.convert(LettuceExceptionConverter.java:41)
	at org.springframework.data.redis.PassThroughExceptionTranslationStrategy.translate(PassThroughExceptionTranslationStrategy.java:44)
	at org.springframework.data.redis.FallbackExceptionTranslationStrategy.translate(FallbackExceptionTranslationStrategy.java:42)
	at org.springframework.data.redis.connection.lettuce.LettuceConnection.convertLettuceAccessException(LettuceConnection.java:271)
	at org.springframework.data.redis.connection.lettuce.LettuceConnection.await(LettuceConnection.java:1062)
	at org.springframework.data.redis.connection.lettuce.LettuceConnection.lambda$doInvoke$4(LettuceConnection.java:919)
	at org.springframework.data.redis.connection.lettuce.LettuceInvoker$Synchronizer.invoke(LettuceInvoker.java:665)
	at org.springframework.data.redis.connection.lettuce.LettuceInvoker.just(LettuceInvoker.java:94)
	at org.springframework.data.redis.connection.lettuce.LettuceStringCommands.get(LettuceStringCommands.java:55)
	at org.springframework.data.redis.connection.DefaultedRedisConnection.get(DefaultedRedisConnection.java:267)
	at org.springframework.data.redis.core.DefaultValueOperations$1.inRedis(DefaultValueOperations.java:57)
	at org.springframework.data.redis.core.AbstractOperations$ValueDeserializingRedisCallback.doInRedis(AbstractOperations.java:60)
	at org.springframework.data.redis.core.RedisTemplate.execute(RedisTemplate.java:222)
	at org.springframework.data.redis.core.RedisTemplate.execute(RedisTemplate.java:189)
	at org.springframework.data.redis.core.AbstractOperations.execute(AbstractOperations.java:96)
	at org.springframework.data.redis.core.DefaultValueOperations.get(DefaultValueOperations.java:53)
	at rainclassv3.controller.UserController.checkPassword(UserController.java:107)
	at rainclassv3.controller.UserController$$FastClassBySpringCGLIB$$5fd8e6ac.invoke(<generated>)
	at org.springframework.cglib.proxy.MethodProxy.invoke(MethodProxy.java:218)
	at org.springframework.aop.framework.CglibAopProxy$CglibMethodInvocation.invokeJoinpoint(CglibAopProxy.java:779)
	at org.springframework.aop.framework.ReflectiveMethodInvocation.proceed(ReflectiveMethodInvocation.java:163)
	at org.springframework.aop.framework.CglibAopProxy$CglibMethodInvocation.proceed(CglibAopProxy.java:750)
	at org.springframework.aop.framework.adapter.MethodBeforeAdviceInterceptor.invoke(MethodBeforeAdviceInterceptor.java:58)
	at org.springframework.aop.framework.ReflectiveMethodInvocation.proceed(ReflectiveMethodInvocation.java:186)
	at org.springframework.aop.framework.CglibAopProxy$CglibMethodInvocation.proceed(CglibAopProxy.java:750)
	at org.springframework.aop.aspectj.MethodInvocationProceedingJoinPoint.proceed(MethodInvocationProceedingJoinPoint.java:89)
	at rainclassv3.aspect.LogAspect.doAround(LogAspect.java:93)
	at sun.reflect.NativeMethodAccessorImpl.invoke0(Native Method)
	at sun.reflect.NativeMethodAccessorImpl.invoke(NativeMethodAccessorImpl.java:62)
	at sun.reflect.DelegatingMethodAccessorImpl.invoke(DelegatingMethodAccessorImpl.java:43)
	at java.lang.reflect.Method.invoke(Method.java:498)
	at org.springframework.aop.aspectj.AbstractAspectJAdvice.invokeAdviceMethodWithGivenArgs(AbstractAspectJAdvice.java:634)
	at org.springframework.aop.aspectj.AbstractAspectJAdvice.invokeAdviceMethod(AbstractAspectJAdvice.java:624)
	at org.springframework.aop.aspectj.AspectJAroundAdvice.invoke(AspectJAroundAdvice.java:72)
	at org.springframework.aop.framework.ReflectiveMethodInvocation.proceed(ReflectiveMethodInvocation.java:186)
	at org.springframework.aop.framework.CglibAopProxy$CglibMethodInvocation.proceed(CglibAopProxy.java:750)
	at org.springframework.aop.interceptor.ExposeInvocationInterceptor.invoke(ExposeInvocationInterceptor.java:97)
	at org.springframework.aop.framework.ReflectiveMethodInvocation.proceed(ReflectiveMethodInvocation.java:186)
	at org.springframework.aop.framework.CglibAopProxy$CglibMethodInvocation.proceed(CglibAopProxy.java:750)
	at org.springframework.aop.framework.CglibAopProxy$DynamicAdvisedInterceptor.intercept(CglibAopProxy.java:692)
	at rainclassv3.controller.UserController$$EnhancerBySpringCGLIB$$13f7009a.checkPassword(<generated>)
	at sun.reflect.NativeMethodAccessorImpl.invoke0(Native Method)
	at sun.reflect.NativeMethodAccessorImpl.invoke(NativeMethodAccessorImpl.java:62)
	at sun.reflect.DelegatingMethodAccessorImpl.invoke(DelegatingMethodAccessorImpl.java:43)
	at java.lang.reflect.Method.invoke(Method.java:498)
	at org.springframework.web.method.support.InvocableHandlerMethod.doInvoke(InvocableHandlerMethod.java:197)
	at org.springframework.web.method.support.InvocableHandlerMethod.invokeForRequest(InvocableHandlerMethod.java:141)
	at org.springframework.web.servlet.mvc.method.annotation.ServletInvocableHandlerMethod.invokeAndHandle(ServletInvocableHandlerMethod.java:106)
	at org.springframework.web.servlet.mvc.method.annotation.RequestMappingHandlerAdapter.invokeHandlerMethod(RequestMappingHandlerAdapter.java:894)
	at org.springframework.web.servlet.mvc.method.annotation.RequestMappingHandlerAdapter.handleInternal(RequestMappingHandlerAdapter.java:808)
	at org.springframework.web.servlet.mvc.method.AbstractHandlerMethodAdapter.handle(AbstractHandlerMethodAdapter.java:87)
	at org.springframework.web.servlet.DispatcherServlet.doDispatch(DispatcherServlet.java:1063)
	at org.springframework.web.servlet.DispatcherServlet.doService(DispatcherServlet.java:963)
	at org.springframework.web.servlet.FrameworkServlet.processRequest(FrameworkServlet.java:1006)
	at org.springframework.web.servlet.FrameworkServlet.doGet(FrameworkServlet.java:898)
	at javax.servlet.http.HttpServlet.service(HttpServlet.java:626)
	at org.springframework.web.servlet.FrameworkServlet.service(FrameworkServlet.java:883)
	at javax.servlet.http.HttpServlet.service(HttpServlet.java:733)
	at org.apache.catalina.core.ApplicationFilterChain.internalDoFilter(ApplicationFilterChain.java:227)
	at org.apache.catalina.core.ApplicationFilterChain.doFilter(ApplicationFilterChain.java:162)
	at org.apache.tomcat.websocket.server.WsFilter.doFilter(WsFilter.java:53)
	at org.apache.catalina.core.ApplicationFilterChain.internalDoFilter(ApplicationFilterChain.java:189)
	at org.apache.catalina.core.ApplicationFilterChain.doFilter(ApplicationFilterChain.java:162)
	at org.springframework.web.filter.RequestContextFilter.doFilterInternal(RequestContextFilter.java:100)
	at org.springframework.web.filter.OncePerRequestFilter.doFilter(OncePerRequestFilter.java:119)
	at org.apache.catalina.core.ApplicationFilterChain.internalDoFilter(ApplicationFilterChain.java:189)
	at org.apache.catalina.core.ApplicationFilterChain.doFilter(ApplicationFilterChain.java:162)
	at org.springframework.web.filter.FormContentFilter.doFilterInternal(FormContentFilter.java:93)
	at org.springframework.web.filter.OncePerRequestFilter.doFilter(OncePerRequestFilter.java:119)
	at org.apache.catalina.core.ApplicationFilterChain.internalDoFilter(ApplicationFilterChain.java:189)
	at org.apache.catalina.core.ApplicationFilterChain.doFilter(ApplicationFilterChain.java:162)
	at org.springframework.web.filter.CharacterEncodingFilter.doFilterInternal(CharacterEncodingFilter.java:201)
	at org.springframework.web.filter.OncePerRequestFilter.doFilter(OncePerRequestFilter.java:119)
	at org.apache.catalina.core.ApplicationFilterChain.internalDoFilter(ApplicationFilterChain.java:189)
	at org.apache.catalina.core.ApplicationFilterChain.doFilter(ApplicationFilterChain.java:162)
	at org.apache.catalina.core.StandardWrapperValve.invoke(StandardWrapperValve.java:202)
	at org.apache.catalina.core.StandardContextValve.invoke(StandardContextValve.java:97)
	at org.apache.catalina.authenticator.AuthenticatorBase.invoke(AuthenticatorBase.java:542)
	at org.apache.catalina.core.StandardHostValve.invoke(StandardHostValve.java:143)
	at org.apache.catalina.valves.ErrorReportValve.invoke(ErrorReportValve.java:92)
	at org.apache.catalina.core.StandardEngineValve.invoke(StandardEngineValve.java:78)
	at org.apache.catalina.connector.CoyoteAdapter.service(CoyoteAdapter.java:357)
	at org.apache.coyote.http11.Http11Processor.service(Http11Processor.java:374)
	at org.apache.coyote.AbstractProcessorLight.process(AbstractProcessorLight.java:65)
	at org.apache.coyote.AbstractProtocol$ConnectionHandler.process(AbstractProtocol.java:893)
	at org.apache.tomcat.util.net.NioEndpoint$SocketProcessor.doRun(NioEndpoint.java:1707)
	at org.apache.tomcat.util.net.SocketProcessorBase.run(SocketProcessorBase.java:49)
	at java.util.concurrent.ThreadPoolExecutor.runWorker(ThreadPoolExecutor.java:1149)
	at java.util.concurrent.ThreadPoolExecutor$Worker.run(ThreadPoolExecutor.java:624)
	at org.apache.tomcat.util.threads.TaskThread$WrappingRunnable.run(TaskThread.java:61)
	at java.lang.Thread.run(Thread.java:748)
Caused by: io.lettuce.core.RedisCommandTimeoutException: Command timed out after 2 second(s)
	at io.lettuce.core.internal.ExceptionFactory.createTimeoutException(ExceptionFactory.java:53)
	at io.lettuce.core.internal.Futures.awaitOrCancel(Futures.java:246)
	at io.lettuce.core.LettuceFutures.awaitOrCancel(LettuceFutures.java:74)
	at org.springframework.data.redis.connection.lettuce.LettuceConnection.await(LettuceConnection.java:1060)
	... 86 common frames omitted
2021-10-13 14:33:33.816 WARN  o.s.w.s.m.m.a.ExceptionHandlerExceptionResolver   :207  [32m103379576515858432[0;39m Resolved [org.springframework.dao.QueryTimeoutException: Redis command timed out; nested exception is io.lettuce.core.RedisCommandTimeoutException: Command timed out after 2 second(s)]
2021-10-13 14:33:40.040 INFO  rainclassv3.aspect.LogAspect                      :62   [32m103379611324387328[0;39m ------------- 开始 -------------
2021-10-13 14:33:40.040 INFO  rainclassv3.aspect.LogAspect                      :63   [32m103379611324387328[0;39m 请求地址: http://127.0.0.1:9000/user/changePassword POST
2021-10-13 14:33:40.041 INFO  rainclassv3.aspect.LogAspect                      :64   [32m103379611324387328[0;39m 类名方法: rainclassv3.controller.UserController.changePassword
2021-10-13 14:33:40.042 INFO  rainclassv3.aspect.LogAspect                      :65   [32m103379611324387328[0;39m 远程地址: 127.0.0.1
2021-10-13 14:33:40.044 INFO  rainclassv3.aspect.LogAspect                      :87   [32m103379611324387328[0;39m 请求参数: [{"id":"1","newPassword":"admin","origin":"admin","role":"admin"}]
2021-10-13 14:33:40.044 INFO  rainclassv3.aspect.LogAspect                      :99   [32m103379611324387328[0;39m 返回结果: {"success":true}
2021-10-13 14:33:40.045 INFO  rainclassv3.aspect.LogAspect                      :100  [32m103379611324387328[0;39m ------------- 结束 耗时：5 ms -------------
2021-10-13 14:33:47.195 INFO  rainclassv3.aspect.LogAspect                      :62   [32m103379641334632448[0;39m ------------- 开始 -------------
2021-10-13 14:33:47.195 INFO  rainclassv3.aspect.LogAspect                      :63   [32m103379641334632448[0;39m 请求地址: http://127.0.0.1:9000/class/list GET
2021-10-13 14:33:47.195 INFO  rainclassv3.aspect.LogAspect                      :64   [32m103379641334632448[0;39m 类名方法: rainclassv3.controller.ClassController.list
2021-10-13 14:33:47.196 INFO  rainclassv3.aspect.LogAspect                      :65   [32m103379641334632448[0;39m 远程地址: 127.0.0.1
2021-10-13 14:33:47.196 INFO  rainclassv3.aspect.LogAspect                      :87   [32m103379641334632448[0;39m 请求参数: [{"classname":"","pageNum":1,"pageSize":3}]
2021-10-13 14:33:47.204 INFO  rainclassv3.aspect.LogAspect                      :99   [32m103379641334632448[0;39m 返回结果: {"content":{"list":[{"classname":"tset","code":"","credit":1,"desc":"asdgasdg","id":102661292975853568,"notice":"","path":"102661134905118720.jpg","place":"","starttime":"","teacher":{"id":1,"loginname":"admin","realname":"admin"},"teacherid":1,"type":"专业主干课"},{"classname":"","code":"","desc":"","id":102671213423366144,"notice":"","path":"","place":"","starttime":"","type":"博雅课"}],"pageNum":1,"pageSize":3,"total":2},"success":true}
2021-10-13 14:33:47.205 INFO  rainclassv3.aspect.LogAspect                      :100  [32m103379641334632448[0;39m ------------- 结束 耗时：10 ms -------------
2021-10-13 14:35:44.312 INFO  rainclassv3.aspect.LogAspect                      :62   [32m103380132558934016[0;39m ------------- 开始 -------------
2021-10-13 14:35:44.313 INFO  rainclassv3.aspect.LogAspect                      :63   [32m103380132558934016[0;39m 请求地址: http://127.0.0.1:9000/user/logout/undefined POST
2021-10-13 14:35:44.314 INFO  rainclassv3.aspect.LogAspect                      :64   [32m103380132558934016[0;39m 类名方法: rainclassv3.controller.UserController.logout
2021-10-13 14:35:44.314 INFO  rainclassv3.aspect.LogAspect                      :65   [32m103380132558934016[0;39m 远程地址: 127.0.0.1
2021-10-13 14:35:44.315 INFO  rainclassv3.aspect.LogAspect                      :87   [32m103380132558934016[0;39m 请求参数: ["undefined"]
2021-10-13 14:35:46.370 ERROR rainclassv3.controller.ControllerExceptionHandler :69   [32m103380132558934016[0;39m 系统异常：
org.springframework.dao.QueryTimeoutException: Redis command timed out; nested exception is io.lettuce.core.RedisCommandTimeoutException: Command timed out after 2 second(s)
	at org.springframework.data.redis.connection.lettuce.LettuceExceptionConverter.convert(LettuceExceptionConverter.java:70)
	at org.springframework.data.redis.connection.lettuce.LettuceExceptionConverter.convert(LettuceExceptionConverter.java:41)
	at org.springframework.data.redis.PassThroughExceptionTranslationStrategy.translate(PassThroughExceptionTranslationStrategy.java:44)
	at org.springframework.data.redis.FallbackExceptionTranslationStrategy.translate(FallbackExceptionTranslationStrategy.java:42)
	at org.springframework.data.redis.connection.lettuce.LettuceConnection.convertLettuceAccessException(LettuceConnection.java:271)
	at org.springframework.data.redis.connection.lettuce.LettuceConnection.await(LettuceConnection.java:1062)
	at org.springframework.data.redis.connection.lettuce.LettuceConnection.lambda$doInvoke$4(LettuceConnection.java:919)
	at org.springframework.data.redis.connection.lettuce.LettuceInvoker$Synchronizer.invoke(LettuceInvoker.java:665)
	at org.springframework.data.redis.connection.lettuce.LettuceInvoker.just(LettuceInvoker.java:94)
	at org.springframework.data.redis.connection.lettuce.LettuceKeyCommands.del(LettuceKeyCommands.java:90)
	at org.springframework.data.redis.connection.DefaultedRedisConnection.del(DefaultedRedisConnection.java:83)
	at org.springframework.data.redis.core.RedisTemplate.lambda$delete$2(RedisTemplate.java:708)
	at org.springframework.data.redis.core.RedisTemplate.execute(RedisTemplate.java:222)
	at org.springframework.data.redis.core.RedisTemplate.execute(RedisTemplate.java:189)
	at org.springframework.data.redis.core.RedisTemplate.delete(RedisTemplate.java:708)
	at rainclassv3.controller.UserController.logout(UserController.java:79)
	at rainclassv3.controller.UserController$$FastClassBySpringCGLIB$$5fd8e6ac.invoke(<generated>)
	at org.springframework.cglib.proxy.MethodProxy.invoke(MethodProxy.java:218)
	at org.springframework.aop.framework.CglibAopProxy$CglibMethodInvocation.invokeJoinpoint(CglibAopProxy.java:779)
	at org.springframework.aop.framework.ReflectiveMethodInvocation.proceed(ReflectiveMethodInvocation.java:163)
	at org.springframework.aop.framework.CglibAopProxy$CglibMethodInvocation.proceed(CglibAopProxy.java:750)
	at org.springframework.aop.framework.adapter.MethodBeforeAdviceInterceptor.invoke(MethodBeforeAdviceInterceptor.java:58)
	at org.springframework.aop.framework.ReflectiveMethodInvocation.proceed(ReflectiveMethodInvocation.java:186)
	at org.springframework.aop.framework.CglibAopProxy$CglibMethodInvocation.proceed(CglibAopProxy.java:750)
	at org.springframework.aop.aspectj.MethodInvocationProceedingJoinPoint.proceed(MethodInvocationProceedingJoinPoint.java:89)
	at rainclassv3.aspect.LogAspect.doAround(LogAspect.java:93)
	at sun.reflect.NativeMethodAccessorImpl.invoke0(Native Method)
	at sun.reflect.NativeMethodAccessorImpl.invoke(NativeMethodAccessorImpl.java:62)
	at sun.reflect.DelegatingMethodAccessorImpl.invoke(DelegatingMethodAccessorImpl.java:43)
	at java.lang.reflect.Method.invoke(Method.java:498)
	at org.springframework.aop.aspectj.AbstractAspectJAdvice.invokeAdviceMethodWithGivenArgs(AbstractAspectJAdvice.java:634)
	at org.springframework.aop.aspectj.AbstractAspectJAdvice.invokeAdviceMethod(AbstractAspectJAdvice.java:624)
	at org.springframework.aop.aspectj.AspectJAroundAdvice.invoke(AspectJAroundAdvice.java:72)
	at org.springframework.aop.framework.ReflectiveMethodInvocation.proceed(ReflectiveMethodInvocation.java:186)
	at org.springframework.aop.framework.CglibAopProxy$CglibMethodInvocation.proceed(CglibAopProxy.java:750)
	at org.springframework.aop.interceptor.ExposeInvocationInterceptor.invoke(ExposeInvocationInterceptor.java:97)
	at org.springframework.aop.framework.ReflectiveMethodInvocation.proceed(ReflectiveMethodInvocation.java:186)
	at org.springframework.aop.framework.CglibAopProxy$CglibMethodInvocation.proceed(CglibAopProxy.java:750)
	at org.springframework.aop.framework.CglibAopProxy$DynamicAdvisedInterceptor.intercept(CglibAopProxy.java:692)
	at rainclassv3.controller.UserController$$EnhancerBySpringCGLIB$$13f7009a.logout(<generated>)
	at sun.reflect.NativeMethodAccessorImpl.invoke0(Native Method)
	at sun.reflect.NativeMethodAccessorImpl.invoke(NativeMethodAccessorImpl.java:62)
	at sun.reflect.DelegatingMethodAccessorImpl.invoke(DelegatingMethodAccessorImpl.java:43)
	at java.lang.reflect.Method.invoke(Method.java:498)
	at org.springframework.web.method.support.InvocableHandlerMethod.doInvoke(InvocableHandlerMethod.java:197)
	at org.springframework.web.method.support.InvocableHandlerMethod.invokeForRequest(InvocableHandlerMethod.java:141)
	at org.springframework.web.servlet.mvc.method.annotation.ServletInvocableHandlerMethod.invokeAndHandle(ServletInvocableHandlerMethod.java:106)
	at org.springframework.web.servlet.mvc.method.annotation.RequestMappingHandlerAdapter.invokeHandlerMethod(RequestMappingHandlerAdapter.java:894)
	at org.springframework.web.servlet.mvc.method.annotation.RequestMappingHandlerAdapter.handleInternal(RequestMappingHandlerAdapter.java:808)
	at org.springframework.web.servlet.mvc.method.AbstractHandlerMethodAdapter.handle(AbstractHandlerMethodAdapter.java:87)
	at org.springframework.web.servlet.DispatcherServlet.doDispatch(DispatcherServlet.java:1063)
	at org.springframework.web.servlet.DispatcherServlet.doService(DispatcherServlet.java:963)
	at org.springframework.web.servlet.FrameworkServlet.processRequest(FrameworkServlet.java:1006)
	at org.springframework.web.servlet.FrameworkServlet.doPost(FrameworkServlet.java:909)
	at javax.servlet.http.HttpServlet.service(HttpServlet.java:652)
	at org.springframework.web.servlet.FrameworkServlet.service(FrameworkServlet.java:883)
	at javax.servlet.http.HttpServlet.service(HttpServlet.java:733)
	at org.apache.catalina.core.ApplicationFilterChain.internalDoFilter(ApplicationFilterChain.java:227)
	at org.apache.catalina.core.ApplicationFilterChain.doFilter(ApplicationFilterChain.java:162)
	at org.apache.tomcat.websocket.server.WsFilter.doFilter(WsFilter.java:53)
	at org.apache.catalina.core.ApplicationFilterChain.internalDoFilter(ApplicationFilterChain.java:189)
	at org.apache.catalina.core.ApplicationFilterChain.doFilter(ApplicationFilterChain.java:162)
	at org.springframework.web.filter.RequestContextFilter.doFilterInternal(RequestContextFilter.java:100)
	at org.springframework.web.filter.OncePerRequestFilter.doFilter(OncePerRequestFilter.java:119)
	at org.apache.catalina.core.ApplicationFilterChain.internalDoFilter(ApplicationFilterChain.java:189)
	at org.apache.catalina.core.ApplicationFilterChain.doFilter(ApplicationFilterChain.java:162)
	at org.springframework.web.filter.FormContentFilter.doFilterInternal(FormContentFilter.java:93)
	at org.springframework.web.filter.OncePerRequestFilter.doFilter(OncePerRequestFilter.java:119)
	at org.apache.catalina.core.ApplicationFilterChain.internalDoFilter(ApplicationFilterChain.java:189)
	at org.apache.catalina.core.ApplicationFilterChain.doFilter(ApplicationFilterChain.java:162)
	at org.springframework.web.filter.CharacterEncodingFilter.doFilterInternal(CharacterEncodingFilter.java:201)
	at org.springframework.web.filter.OncePerRequestFilter.doFilter(OncePerRequestFilter.java:119)
	at org.apache.catalina.core.ApplicationFilterChain.internalDoFilter(ApplicationFilterChain.java:189)
	at org.apache.catalina.core.ApplicationFilterChain.doFilter(ApplicationFilterChain.java:162)
	at org.apache.catalina.core.StandardWrapperValve.invoke(StandardWrapperValve.java:202)
	at org.apache.catalina.core.StandardContextValve.invoke(StandardContextValve.java:97)
	at org.apache.catalina.authenticator.AuthenticatorBase.invoke(AuthenticatorBase.java:542)
	at org.apache.catalina.core.StandardHostValve.invoke(StandardHostValve.java:143)
	at org.apache.catalina.valves.ErrorReportValve.invoke(ErrorReportValve.java:92)
	at org.apache.catalina.core.StandardEngineValve.invoke(StandardEngineValve.java:78)
	at org.apache.catalina.connector.CoyoteAdapter.service(CoyoteAdapter.java:357)
	at org.apache.coyote.http11.Http11Processor.service(Http11Processor.java:374)
	at org.apache.coyote.AbstractProcessorLight.process(AbstractProcessorLight.java:65)
	at org.apache.coyote.AbstractProtocol$ConnectionHandler.process(AbstractProtocol.java:893)
	at org.apache.tomcat.util.net.NioEndpoint$SocketProcessor.doRun(NioEndpoint.java:1707)
	at org.apache.tomcat.util.net.SocketProcessorBase.run(SocketProcessorBase.java:49)
	at java.util.concurrent.ThreadPoolExecutor.runWorker(ThreadPoolExecutor.java:1149)
	at java.util.concurrent.ThreadPoolExecutor$Worker.run(ThreadPoolExecutor.java:624)
	at org.apache.tomcat.util.threads.TaskThread$WrappingRunnable.run(TaskThread.java:61)
	at java.lang.Thread.run(Thread.java:748)
Caused by: io.lettuce.core.RedisCommandTimeoutException: Command timed out after 2 second(s)
	at io.lettuce.core.internal.ExceptionFactory.createTimeoutException(ExceptionFactory.java:53)
	at io.lettuce.core.internal.Futures.awaitOrCancel(Futures.java:246)
	at io.lettuce.core.LettuceFutures.awaitOrCancel(LettuceFutures.java:74)
	at org.springframework.data.redis.connection.lettuce.LettuceConnection.await(LettuceConnection.java:1060)
	... 84 common frames omitted
2021-10-13 14:35:46.372 WARN  o.s.w.s.m.m.a.ExceptionHandlerExceptionResolver   :207  [32m103380132558934016[0;39m Resolved [org.springframework.dao.QueryTimeoutException: Redis command timed out; nested exception is io.lettuce.core.RedisCommandTimeoutException: Command timed out after 2 second(s)]
2021-10-13 14:35:46.549 INFO  rainclassv3.aspect.LogAspect                      :62   [32m103380141941592064[0;39m ------------- 开始 -------------
2021-10-13 14:35:46.550 INFO  rainclassv3.aspect.LogAspect                      :63   [32m103380141941592064[0;39m 请求地址: http://127.0.0.1:9000/user/logout/undefined POST
2021-10-13 14:35:46.550 INFO  rainclassv3.aspect.LogAspect                      :64   [32m103380141941592064[0;39m 类名方法: rainclassv3.controller.UserController.logout
2021-10-13 14:35:46.550 INFO  rainclassv3.aspect.LogAspect                      :65   [32m103380141941592064[0;39m 远程地址: 127.0.0.1
2021-10-13 14:35:46.550 INFO  rainclassv3.aspect.LogAspect                      :87   [32m103380141941592064[0;39m 请求参数: ["undefined"]
2021-10-13 14:35:48.552 ERROR rainclassv3.controller.ControllerExceptionHandler :69   [32m103380141941592064[0;39m 系统异常：
org.springframework.dao.QueryTimeoutException: Redis command timed out; nested exception is io.lettuce.core.RedisCommandTimeoutException: Command timed out after 2 second(s)
	at org.springframework.data.redis.connection.lettuce.LettuceExceptionConverter.convert(LettuceExceptionConverter.java:70)
	at org.springframework.data.redis.connection.lettuce.LettuceExceptionConverter.convert(LettuceExceptionConverter.java:41)
	at org.springframework.data.redis.PassThroughExceptionTranslationStrategy.translate(PassThroughExceptionTranslationStrategy.java:44)
	at org.springframework.data.redis.FallbackExceptionTranslationStrategy.translate(FallbackExceptionTranslationStrategy.java:42)
	at org.springframework.data.redis.connection.lettuce.LettuceConnection.convertLettuceAccessException(LettuceConnection.java:271)
	at org.springframework.data.redis.connection.lettuce.LettuceConnection.await(LettuceConnection.java:1062)
	at org.springframework.data.redis.connection.lettuce.LettuceConnection.lambda$doInvoke$4(LettuceConnection.java:919)
	at org.springframework.data.redis.connection.lettuce.LettuceInvoker$Synchronizer.invoke(LettuceInvoker.java:665)
	at org.springframework.data.redis.connection.lettuce.LettuceInvoker.just(LettuceInvoker.java:94)
	at org.springframework.data.redis.connection.lettuce.LettuceKeyCommands.del(LettuceKeyCommands.java:90)
	at org.springframework.data.redis.connection.DefaultedRedisConnection.del(DefaultedRedisConnection.java:83)
	at org.springframework.data.redis.core.RedisTemplate.lambda$delete$2(RedisTemplate.java:708)
	at org.springframework.data.redis.core.RedisTemplate.execute(RedisTemplate.java:222)
	at org.springframework.data.redis.core.RedisTemplate.execute(RedisTemplate.java:189)
	at org.springframework.data.redis.core.RedisTemplate.delete(RedisTemplate.java:708)
	at rainclassv3.controller.UserController.logout(UserController.java:79)
	at rainclassv3.controller.UserController$$FastClassBySpringCGLIB$$5fd8e6ac.invoke(<generated>)
	at org.springframework.cglib.proxy.MethodProxy.invoke(MethodProxy.java:218)
	at org.springframework.aop.framework.CglibAopProxy$CglibMethodInvocation.invokeJoinpoint(CglibAopProxy.java:779)
	at org.springframework.aop.framework.ReflectiveMethodInvocation.proceed(ReflectiveMethodInvocation.java:163)
	at org.springframework.aop.framework.CglibAopProxy$CglibMethodInvocation.proceed(CglibAopProxy.java:750)
	at org.springframework.aop.framework.adapter.MethodBeforeAdviceInterceptor.invoke(MethodBeforeAdviceInterceptor.java:58)
	at org.springframework.aop.framework.ReflectiveMethodInvocation.proceed(ReflectiveMethodInvocation.java:186)
	at org.springframework.aop.framework.CglibAopProxy$CglibMethodInvocation.proceed(CglibAopProxy.java:750)
	at org.springframework.aop.aspectj.MethodInvocationProceedingJoinPoint.proceed(MethodInvocationProceedingJoinPoint.java:89)
	at rainclassv3.aspect.LogAspect.doAround(LogAspect.java:93)
	at sun.reflect.NativeMethodAccessorImpl.invoke0(Native Method)
	at sun.reflect.NativeMethodAccessorImpl.invoke(NativeMethodAccessorImpl.java:62)
	at sun.reflect.DelegatingMethodAccessorImpl.invoke(DelegatingMethodAccessorImpl.java:43)
	at java.lang.reflect.Method.invoke(Method.java:498)
	at org.springframework.aop.aspectj.AbstractAspectJAdvice.invokeAdviceMethodWithGivenArgs(AbstractAspectJAdvice.java:634)
	at org.springframework.aop.aspectj.AbstractAspectJAdvice.invokeAdviceMethod(AbstractAspectJAdvice.java:624)
	at org.springframework.aop.aspectj.AspectJAroundAdvice.invoke(AspectJAroundAdvice.java:72)
	at org.springframework.aop.framework.ReflectiveMethodInvocation.proceed(ReflectiveMethodInvocation.java:186)
	at org.springframework.aop.framework.CglibAopProxy$CglibMethodInvocation.proceed(CglibAopProxy.java:750)
	at org.springframework.aop.interceptor.ExposeInvocationInterceptor.invoke(ExposeInvocationInterceptor.java:97)
	at org.springframework.aop.framework.ReflectiveMethodInvocation.proceed(ReflectiveMethodInvocation.java:186)
	at org.springframework.aop.framework.CglibAopProxy$CglibMethodInvocation.proceed(CglibAopProxy.java:750)
	at org.springframework.aop.framework.CglibAopProxy$DynamicAdvisedInterceptor.intercept(CglibAopProxy.java:692)
	at rainclassv3.controller.UserController$$EnhancerBySpringCGLIB$$13f7009a.logout(<generated>)
	at sun.reflect.NativeMethodAccessorImpl.invoke0(Native Method)
	at sun.reflect.NativeMethodAccessorImpl.invoke(NativeMethodAccessorImpl.java:62)
	at sun.reflect.DelegatingMethodAccessorImpl.invoke(DelegatingMethodAccessorImpl.java:43)
	at java.lang.reflect.Method.invoke(Method.java:498)
	at org.springframework.web.method.support.InvocableHandlerMethod.doInvoke(InvocableHandlerMethod.java:197)
	at org.springframework.web.method.support.InvocableHandlerMethod.invokeForRequest(InvocableHandlerMethod.java:141)
	at org.springframework.web.servlet.mvc.method.annotation.ServletInvocableHandlerMethod.invokeAndHandle(ServletInvocableHandlerMethod.java:106)
	at org.springframework.web.servlet.mvc.method.annotation.RequestMappingHandlerAdapter.invokeHandlerMethod(RequestMappingHandlerAdapter.java:894)
	at org.springframework.web.servlet.mvc.method.annotation.RequestMappingHandlerAdapter.handleInternal(RequestMappingHandlerAdapter.java:808)
	at org.springframework.web.servlet.mvc.method.AbstractHandlerMethodAdapter.handle(AbstractHandlerMethodAdapter.java:87)
	at org.springframework.web.servlet.DispatcherServlet.doDispatch(DispatcherServlet.java:1063)
	at org.springframework.web.servlet.DispatcherServlet.doService(DispatcherServlet.java:963)
	at org.springframework.web.servlet.FrameworkServlet.processRequest(FrameworkServlet.java:1006)
	at org.springframework.web.servlet.FrameworkServlet.doPost(FrameworkServlet.java:909)
	at javax.servlet.http.HttpServlet.service(HttpServlet.java:652)
	at org.springframework.web.servlet.FrameworkServlet.service(FrameworkServlet.java:883)
	at javax.servlet.http.HttpServlet.service(HttpServlet.java:733)
	at org.apache.catalina.core.ApplicationFilterChain.internalDoFilter(ApplicationFilterChain.java:227)
	at org.apache.catalina.core.ApplicationFilterChain.doFilter(ApplicationFilterChain.java:162)
	at org.apache.tomcat.websocket.server.WsFilter.doFilter(WsFilter.java:53)
	at org.apache.catalina.core.ApplicationFilterChain.internalDoFilter(ApplicationFilterChain.java:189)
	at org.apache.catalina.core.ApplicationFilterChain.doFilter(ApplicationFilterChain.java:162)
	at org.springframework.web.filter.RequestContextFilter.doFilterInternal(RequestContextFilter.java:100)
	at org.springframework.web.filter.OncePerRequestFilter.doFilter(OncePerRequestFilter.java:119)
	at org.apache.catalina.core.ApplicationFilterChain.internalDoFilter(ApplicationFilterChain.java:189)
	at org.apache.catalina.core.ApplicationFilterChain.doFilter(ApplicationFilterChain.java:162)
	at org.springframework.web.filter.FormContentFilter.doFilterInternal(FormContentFilter.java:93)
	at org.springframework.web.filter.OncePerRequestFilter.doFilter(OncePerRequestFilter.java:119)
	at org.apache.catalina.core.ApplicationFilterChain.internalDoFilter(ApplicationFilterChain.java:189)
	at org.apache.catalina.core.ApplicationFilterChain.doFilter(ApplicationFilterChain.java:162)
	at org.springframework.web.filter.CharacterEncodingFilter.doFilterInternal(CharacterEncodingFilter.java:201)
	at org.springframework.web.filter.OncePerRequestFilter.doFilter(OncePerRequestFilter.java:119)
	at org.apache.catalina.core.ApplicationFilterChain.internalDoFilter(ApplicationFilterChain.java:189)
	at org.apache.catalina.core.ApplicationFilterChain.doFilter(ApplicationFilterChain.java:162)
	at org.apache.catalina.core.StandardWrapperValve.invoke(StandardWrapperValve.java:202)
	at org.apache.catalina.core.StandardContextValve.invoke(StandardContextValve.java:97)
	at org.apache.catalina.authenticator.AuthenticatorBase.invoke(AuthenticatorBase.java:542)
	at org.apache.catalina.core.StandardHostValve.invoke(StandardHostValve.java:143)
	at org.apache.catalina.valves.ErrorReportValve.invoke(ErrorReportValve.java:92)
	at org.apache.catalina.core.StandardEngineValve.invoke(StandardEngineValve.java:78)
	at org.apache.catalina.connector.CoyoteAdapter.service(CoyoteAdapter.java:357)
	at org.apache.coyote.http11.Http11Processor.service(Http11Processor.java:374)
	at org.apache.coyote.AbstractProcessorLight.process(AbstractProcessorLight.java:65)
	at org.apache.coyote.AbstractProtocol$ConnectionHandler.process(AbstractProtocol.java:893)
	at org.apache.tomcat.util.net.NioEndpoint$SocketProcessor.doRun(NioEndpoint.java:1707)
	at org.apache.tomcat.util.net.SocketProcessorBase.run(SocketProcessorBase.java:49)
	at java.util.concurrent.ThreadPoolExecutor.runWorker(ThreadPoolExecutor.java:1149)
	at java.util.concurrent.ThreadPoolExecutor$Worker.run(ThreadPoolExecutor.java:624)
	at org.apache.tomcat.util.threads.TaskThread$WrappingRunnable.run(TaskThread.java:61)
	at java.lang.Thread.run(Thread.java:748)
Caused by: io.lettuce.core.RedisCommandTimeoutException: Command timed out after 2 second(s)
	at io.lettuce.core.internal.ExceptionFactory.createTimeoutException(ExceptionFactory.java:53)
	at io.lettuce.core.internal.Futures.awaitOrCancel(Futures.java:246)
	at io.lettuce.core.LettuceFutures.awaitOrCancel(LettuceFutures.java:74)
	at org.springframework.data.redis.connection.lettuce.LettuceConnection.await(LettuceConnection.java:1060)
	... 84 common frames omitted
2021-10-13 14:35:48.554 WARN  o.s.w.s.m.m.a.ExceptionHandlerExceptionResolver   :207  [32m103380141941592064[0;39m Resolved [org.springframework.dao.QueryTimeoutException: Redis command timed out; nested exception is io.lettuce.core.RedisCommandTimeoutException: Command timed out after 2 second(s)]
2021-10-13 14:35:49.101 INFO  rainclassv3.aspect.LogAspect                      :62   [32m103380152645455872[0;39m ------------- 开始 -------------
2021-10-13 14:35:49.102 INFO  rainclassv3.aspect.LogAspect                      :63   [32m103380152645455872[0;39m 请求地址: http://127.0.0.1:9000/class/list GET
2021-10-13 14:35:49.102 INFO  rainclassv3.aspect.LogAspect                      :64   [32m103380152645455872[0;39m 类名方法: rainclassv3.controller.ClassController.list
2021-10-13 14:35:49.102 INFO  rainclassv3.aspect.LogAspect                      :65   [32m103380152645455872[0;39m 远程地址: 127.0.0.1
2021-10-13 14:35:49.102 INFO  rainclassv3.aspect.LogAspect                      :87   [32m103380152645455872[0;39m 请求参数: [{"classname":"","pageNum":1,"pageSize":3}]
2021-10-13 14:35:49.154 INFO  rainclassv3.aspect.LogAspect                      :99   [32m103380152645455872[0;39m 返回结果: {"content":{"list":[{"classname":"tset","code":"","credit":1,"desc":"asdgasdg","id":102661292975853568,"notice":"","path":"102661134905118720.jpg","place":"","starttime":"","teacher":{"id":1,"loginname":"admin","realname":"admin"},"teacherid":1,"type":"专业主干课"},{"classname":"","code":"","desc":"","id":102671213423366144,"notice":"","path":"","place":"","starttime":"","type":"博雅课"}],"pageNum":1,"pageSize":3,"total":2},"success":true}
2021-10-13 14:35:49.154 INFO  rainclassv3.aspect.LogAspect                      :100  [32m103380152645455872[0;39m ------------- 结束 耗时：53 ms -------------
2021-10-13 14:35:51.261 INFO  rainclassv3.aspect.LogAspect                      :62   [32m103380161705152512[0;39m ------------- 开始 -------------
2021-10-13 14:35:51.261 INFO  rainclassv3.aspect.LogAspect                      :63   [32m103380161705152512[0;39m 请求地址: http://127.0.0.1:9000/user/logout/undefined POST
2021-10-13 14:35:51.261 INFO  rainclassv3.aspect.LogAspect                      :64   [32m103380161705152512[0;39m 类名方法: rainclassv3.controller.UserController.logout
2021-10-13 14:35:51.261 INFO  rainclassv3.aspect.LogAspect                      :65   [32m103380161705152512[0;39m 远程地址: 127.0.0.1
2021-10-13 14:35:51.261 INFO  rainclassv3.aspect.LogAspect                      :87   [32m103380161705152512[0;39m 请求参数: ["undefined"]
2021-10-13 14:35:53.263 ERROR rainclassv3.controller.ControllerExceptionHandler :69   [32m103380161705152512[0;39m 系统异常：
org.springframework.dao.QueryTimeoutException: Redis command timed out; nested exception is io.lettuce.core.RedisCommandTimeoutException: Command timed out after 2 second(s)
	at org.springframework.data.redis.connection.lettuce.LettuceExceptionConverter.convert(LettuceExceptionConverter.java:70)
	at org.springframework.data.redis.connection.lettuce.LettuceExceptionConverter.convert(LettuceExceptionConverter.java:41)
	at org.springframework.data.redis.PassThroughExceptionTranslationStrategy.translate(PassThroughExceptionTranslationStrategy.java:44)
	at org.springframework.data.redis.FallbackExceptionTranslationStrategy.translate(FallbackExceptionTranslationStrategy.java:42)
	at org.springframework.data.redis.connection.lettuce.LettuceConnection.convertLettuceAccessException(LettuceConnection.java:271)
	at org.springframework.data.redis.connection.lettuce.LettuceConnection.await(LettuceConnection.java:1062)
	at org.springframework.data.redis.connection.lettuce.LettuceConnection.lambda$doInvoke$4(LettuceConnection.java:919)
	at org.springframework.data.redis.connection.lettuce.LettuceInvoker$Synchronizer.invoke(LettuceInvoker.java:665)
	at org.springframework.data.redis.connection.lettuce.LettuceInvoker.just(LettuceInvoker.java:94)
	at org.springframework.data.redis.connection.lettuce.LettuceKeyCommands.del(LettuceKeyCommands.java:90)
	at org.springframework.data.redis.connection.DefaultedRedisConnection.del(DefaultedRedisConnection.java:83)
	at org.springframework.data.redis.core.RedisTemplate.lambda$delete$2(RedisTemplate.java:708)
	at org.springframework.data.redis.core.RedisTemplate.execute(RedisTemplate.java:222)
	at org.springframework.data.redis.core.RedisTemplate.execute(RedisTemplate.java:189)
	at org.springframework.data.redis.core.RedisTemplate.delete(RedisTemplate.java:708)
	at rainclassv3.controller.UserController.logout(UserController.java:79)
	at rainclassv3.controller.UserController$$FastClassBySpringCGLIB$$5fd8e6ac.invoke(<generated>)
	at org.springframework.cglib.proxy.MethodProxy.invoke(MethodProxy.java:218)
	at org.springframework.aop.framework.CglibAopProxy$CglibMethodInvocation.invokeJoinpoint(CglibAopProxy.java:779)
	at org.springframework.aop.framework.ReflectiveMethodInvocation.proceed(ReflectiveMethodInvocation.java:163)
	at org.springframework.aop.framework.CglibAopProxy$CglibMethodInvocation.proceed(CglibAopProxy.java:750)
	at org.springframework.aop.framework.adapter.MethodBeforeAdviceInterceptor.invoke(MethodBeforeAdviceInterceptor.java:58)
	at org.springframework.aop.framework.ReflectiveMethodInvocation.proceed(ReflectiveMethodInvocation.java:186)
	at org.springframework.aop.framework.CglibAopProxy$CglibMethodInvocation.proceed(CglibAopProxy.java:750)
	at org.springframework.aop.aspectj.MethodInvocationProceedingJoinPoint.proceed(MethodInvocationProceedingJoinPoint.java:89)
	at rainclassv3.aspect.LogAspect.doAround(LogAspect.java:93)
	at sun.reflect.GeneratedMethodAccessor97.invoke(Unknown Source)
	at sun.reflect.DelegatingMethodAccessorImpl.invoke(DelegatingMethodAccessorImpl.java:43)
	at java.lang.reflect.Method.invoke(Method.java:498)
	at org.springframework.aop.aspectj.AbstractAspectJAdvice.invokeAdviceMethodWithGivenArgs(AbstractAspectJAdvice.java:634)
	at org.springframework.aop.aspectj.AbstractAspectJAdvice.invokeAdviceMethod(AbstractAspectJAdvice.java:624)
	at org.springframework.aop.aspectj.AspectJAroundAdvice.invoke(AspectJAroundAdvice.java:72)
	at org.springframework.aop.framework.ReflectiveMethodInvocation.proceed(ReflectiveMethodInvocation.java:186)
	at org.springframework.aop.framework.CglibAopProxy$CglibMethodInvocation.proceed(CglibAopProxy.java:750)
	at org.springframework.aop.interceptor.ExposeInvocationInterceptor.invoke(ExposeInvocationInterceptor.java:97)
	at org.springframework.aop.framework.ReflectiveMethodInvocation.proceed(ReflectiveMethodInvocation.java:186)
	at org.springframework.aop.framework.CglibAopProxy$CglibMethodInvocation.proceed(CglibAopProxy.java:750)
	at org.springframework.aop.framework.CglibAopProxy$DynamicAdvisedInterceptor.intercept(CglibAopProxy.java:692)
	at rainclassv3.controller.UserController$$EnhancerBySpringCGLIB$$13f7009a.logout(<generated>)
	at sun.reflect.NativeMethodAccessorImpl.invoke0(Native Method)
	at sun.reflect.NativeMethodAccessorImpl.invoke(NativeMethodAccessorImpl.java:62)
	at sun.reflect.DelegatingMethodAccessorImpl.invoke(DelegatingMethodAccessorImpl.java:43)
	at java.lang.reflect.Method.invoke(Method.java:498)
	at org.springframework.web.method.support.InvocableHandlerMethod.doInvoke(InvocableHandlerMethod.java:197)
	at org.springframework.web.method.support.InvocableHandlerMethod.invokeForRequest(InvocableHandlerMethod.java:141)
	at org.springframework.web.servlet.mvc.method.annotation.ServletInvocableHandlerMethod.invokeAndHandle(ServletInvocableHandlerMethod.java:106)
	at org.springframework.web.servlet.mvc.method.annotation.RequestMappingHandlerAdapter.invokeHandlerMethod(RequestMappingHandlerAdapter.java:894)
	at org.springframework.web.servlet.mvc.method.annotation.RequestMappingHandlerAdapter.handleInternal(RequestMappingHandlerAdapter.java:808)
	at org.springframework.web.servlet.mvc.method.AbstractHandlerMethodAdapter.handle(AbstractHandlerMethodAdapter.java:87)
	at org.springframework.web.servlet.DispatcherServlet.doDispatch(DispatcherServlet.java:1063)
	at org.springframework.web.servlet.DispatcherServlet.doService(DispatcherServlet.java:963)
	at org.springframework.web.servlet.FrameworkServlet.processRequest(FrameworkServlet.java:1006)
	at org.springframework.web.servlet.FrameworkServlet.doPost(FrameworkServlet.java:909)
	at javax.servlet.http.HttpServlet.service(HttpServlet.java:652)
	at org.springframework.web.servlet.FrameworkServlet.service(FrameworkServlet.java:883)
	at javax.servlet.http.HttpServlet.service(HttpServlet.java:733)
	at org.apache.catalina.core.ApplicationFilterChain.internalDoFilter(ApplicationFilterChain.java:227)
	at org.apache.catalina.core.ApplicationFilterChain.doFilter(ApplicationFilterChain.java:162)
	at org.apache.tomcat.websocket.server.WsFilter.doFilter(WsFilter.java:53)
	at org.apache.catalina.core.ApplicationFilterChain.internalDoFilter(ApplicationFilterChain.java:189)
	at org.apache.catalina.core.ApplicationFilterChain.doFilter(ApplicationFilterChain.java:162)
	at org.springframework.web.filter.RequestContextFilter.doFilterInternal(RequestContextFilter.java:100)
	at org.springframework.web.filter.OncePerRequestFilter.doFilter(OncePerRequestFilter.java:119)
	at org.apache.catalina.core.ApplicationFilterChain.internalDoFilter(ApplicationFilterChain.java:189)
	at org.apache.catalina.core.ApplicationFilterChain.doFilter(ApplicationFilterChain.java:162)
	at org.springframework.web.filter.FormContentFilter.doFilterInternal(FormContentFilter.java:93)
	at org.springframework.web.filter.OncePerRequestFilter.doFilter(OncePerRequestFilter.java:119)
	at org.apache.catalina.core.ApplicationFilterChain.internalDoFilter(ApplicationFilterChain.java:189)
	at org.apache.catalina.core.ApplicationFilterChain.doFilter(ApplicationFilterChain.java:162)
	at org.springframework.web.filter.CharacterEncodingFilter.doFilterInternal(CharacterEncodingFilter.java:201)
	at org.springframework.web.filter.OncePerRequestFilter.doFilter(OncePerRequestFilter.java:119)
	at org.apache.catalina.core.ApplicationFilterChain.internalDoFilter(ApplicationFilterChain.java:189)
	at org.apache.catalina.core.ApplicationFilterChain.doFilter(ApplicationFilterChain.java:162)
	at org.apache.catalina.core.StandardWrapperValve.invoke(StandardWrapperValve.java:202)
	at org.apache.catalina.core.StandardContextValve.invoke(StandardContextValve.java:97)
	at org.apache.catalina.authenticator.AuthenticatorBase.invoke(AuthenticatorBase.java:542)
	at org.apache.catalina.core.StandardHostValve.invoke(StandardHostValve.java:143)
	at org.apache.catalina.valves.ErrorReportValve.invoke(ErrorReportValve.java:92)
	at org.apache.catalina.core.StandardEngineValve.invoke(StandardEngineValve.java:78)
	at org.apache.catalina.connector.CoyoteAdapter.service(CoyoteAdapter.java:357)
	at org.apache.coyote.http11.Http11Processor.service(Http11Processor.java:374)
	at org.apache.coyote.AbstractProcessorLight.process(AbstractProcessorLight.java:65)
	at org.apache.coyote.AbstractProtocol$ConnectionHandler.process(AbstractProtocol.java:893)
	at org.apache.tomcat.util.net.NioEndpoint$SocketProcessor.doRun(NioEndpoint.java:1707)
	at org.apache.tomcat.util.net.SocketProcessorBase.run(SocketProcessorBase.java:49)
	at java.util.concurrent.ThreadPoolExecutor.runWorker(ThreadPoolExecutor.java:1149)
	at java.util.concurrent.ThreadPoolExecutor$Worker.run(ThreadPoolExecutor.java:624)
	at org.apache.tomcat.util.threads.TaskThread$WrappingRunnable.run(TaskThread.java:61)
	at java.lang.Thread.run(Thread.java:748)
Caused by: io.lettuce.core.RedisCommandTimeoutException: Command timed out after 2 second(s)
	at io.lettuce.core.internal.ExceptionFactory.createTimeoutException(ExceptionFactory.java:53)
	at io.lettuce.core.internal.Futures.awaitOrCancel(Futures.java:246)
	at io.lettuce.core.LettuceFutures.awaitOrCancel(LettuceFutures.java:74)
	at org.springframework.data.redis.connection.lettuce.LettuceConnection.await(LettuceConnection.java:1060)
	... 83 common frames omitted
2021-10-13 14:35:53.265 WARN  o.s.w.s.m.m.a.ExceptionHandlerExceptionResolver   :207  [32m103380161705152512[0;39m Resolved [org.springframework.dao.QueryTimeoutException: Redis command timed out; nested exception is io.lettuce.core.RedisCommandTimeoutException: Command timed out after 2 second(s)]
2021-10-13 14:35:53.733 INFO  rainclassv3.aspect.LogAspect                      :62   [32m103380172073472000[0;39m ------------- 开始 -------------
2021-10-13 14:35:53.733 INFO  rainclassv3.aspect.LogAspect                      :63   [32m103380172073472000[0;39m 请求地址: http://127.0.0.1:9000/class/list GET
2021-10-13 14:35:53.733 INFO  rainclassv3.aspect.LogAspect                      :64   [32m103380172073472000[0;39m 类名方法: rainclassv3.controller.ClassController.list
2021-10-13 14:35:53.733 INFO  rainclassv3.aspect.LogAspect                      :65   [32m103380172073472000[0;39m 远程地址: 127.0.0.1
2021-10-13 14:35:53.733 INFO  rainclassv3.aspect.LogAspect                      :87   [32m103380172073472000[0;39m 请求参数: [{"classname":"","pageNum":1,"pageSize":3}]
2021-10-13 14:35:53.741 INFO  rainclassv3.aspect.LogAspect                      :99   [32m103380172073472000[0;39m 返回结果: {"content":{"list":[{"classname":"tset","code":"","credit":1,"desc":"asdgasdg","id":102661292975853568,"notice":"","path":"102661134905118720.jpg","place":"","starttime":"","teacher":{"id":1,"loginname":"admin","realname":"admin"},"teacherid":1,"type":"专业主干课"},{"classname":"","code":"","desc":"","id":102671213423366144,"notice":"","path":"","place":"","starttime":"","type":"博雅课"}],"pageNum":1,"pageSize":3,"total":2},"success":true}
2021-10-13 14:35:53.741 INFO  rainclassv3.aspect.LogAspect                      :100  [32m103380172073472000[0;39m ------------- 结束 耗时：8 ms -------------
2021-10-13 14:35:55.976 INFO  rainclassv3.aspect.LogAspect                      :62   [32m103380181481295872[0;39m ------------- 开始 -------------
2021-10-13 14:35:55.976 INFO  rainclassv3.aspect.LogAspect                      :63   [32m103380181481295872[0;39m 请求地址: http://127.0.0.1:9000/user/logout/undefined POST
2021-10-13 14:35:55.976 INFO  rainclassv3.aspect.LogAspect                      :64   [32m103380181481295872[0;39m 类名方法: rainclassv3.controller.UserController.logout
2021-10-13 14:35:55.976 INFO  rainclassv3.aspect.LogAspect                      :65   [32m103380181481295872[0;39m 远程地址: 127.0.0.1
2021-10-13 14:35:55.977 INFO  rainclassv3.aspect.LogAspect                      :87   [32m103380181481295872[0;39m 请求参数: ["undefined"]
2021-10-13 14:35:57.977 ERROR rainclassv3.controller.ControllerExceptionHandler :69   [32m103380181481295872[0;39m 系统异常：
org.springframework.dao.QueryTimeoutException: Redis command timed out; nested exception is io.lettuce.core.RedisCommandTimeoutException: Command timed out after 2 second(s)
	at org.springframework.data.redis.connection.lettuce.LettuceExceptionConverter.convert(LettuceExceptionConverter.java:70)
	at org.springframework.data.redis.connection.lettuce.LettuceExceptionConverter.convert(LettuceExceptionConverter.java:41)
	at org.springframework.data.redis.PassThroughExceptionTranslationStrategy.translate(PassThroughExceptionTranslationStrategy.java:44)
	at org.springframework.data.redis.FallbackExceptionTranslationStrategy.translate(FallbackExceptionTranslationStrategy.java:42)
	at org.springframework.data.redis.connection.lettuce.LettuceConnection.convertLettuceAccessException(LettuceConnection.java:271)
	at org.springframework.data.redis.connection.lettuce.LettuceConnection.await(LettuceConnection.java:1062)
	at org.springframework.data.redis.connection.lettuce.LettuceConnection.lambda$doInvoke$4(LettuceConnection.java:919)
	at org.springframework.data.redis.connection.lettuce.LettuceInvoker$Synchronizer.invoke(LettuceInvoker.java:665)
	at org.springframework.data.redis.connection.lettuce.LettuceInvoker.just(LettuceInvoker.java:94)
	at org.springframework.data.redis.connection.lettuce.LettuceKeyCommands.del(LettuceKeyCommands.java:90)
	at org.springframework.data.redis.connection.DefaultedRedisConnection.del(DefaultedRedisConnection.java:83)
	at org.springframework.data.redis.core.RedisTemplate.lambda$delete$2(RedisTemplate.java:708)
	at org.springframework.data.redis.core.RedisTemplate.execute(RedisTemplate.java:222)
	at org.springframework.data.redis.core.RedisTemplate.execute(RedisTemplate.java:189)
	at org.springframework.data.redis.core.RedisTemplate.delete(RedisTemplate.java:708)
	at rainclassv3.controller.UserController.logout(UserController.java:79)
	at rainclassv3.controller.UserController$$FastClassBySpringCGLIB$$5fd8e6ac.invoke(<generated>)
	at org.springframework.cglib.proxy.MethodProxy.invoke(MethodProxy.java:218)
	at org.springframework.aop.framework.CglibAopProxy$CglibMethodInvocation.invokeJoinpoint(CglibAopProxy.java:779)
	at org.springframework.aop.framework.ReflectiveMethodInvocation.proceed(ReflectiveMethodInvocation.java:163)
	at org.springframework.aop.framework.CglibAopProxy$CglibMethodInvocation.proceed(CglibAopProxy.java:750)
	at org.springframework.aop.framework.adapter.MethodBeforeAdviceInterceptor.invoke(MethodBeforeAdviceInterceptor.java:58)
	at org.springframework.aop.framework.ReflectiveMethodInvocation.proceed(ReflectiveMethodInvocation.java:186)
	at org.springframework.aop.framework.CglibAopProxy$CglibMethodInvocation.proceed(CglibAopProxy.java:750)
	at org.springframework.aop.aspectj.MethodInvocationProceedingJoinPoint.proceed(MethodInvocationProceedingJoinPoint.java:89)
	at rainclassv3.aspect.LogAspect.doAround(LogAspect.java:93)
	at sun.reflect.GeneratedMethodAccessor97.invoke(Unknown Source)
	at sun.reflect.DelegatingMethodAccessorImpl.invoke(DelegatingMethodAccessorImpl.java:43)
	at java.lang.reflect.Method.invoke(Method.java:498)
	at org.springframework.aop.aspectj.AbstractAspectJAdvice.invokeAdviceMethodWithGivenArgs(AbstractAspectJAdvice.java:634)
	at org.springframework.aop.aspectj.AbstractAspectJAdvice.invokeAdviceMethod(AbstractAspectJAdvice.java:624)
	at org.springframework.aop.aspectj.AspectJAroundAdvice.invoke(AspectJAroundAdvice.java:72)
	at org.springframework.aop.framework.ReflectiveMethodInvocation.proceed(ReflectiveMethodInvocation.java:186)
	at org.springframework.aop.framework.CglibAopProxy$CglibMethodInvocation.proceed(CglibAopProxy.java:750)
	at org.springframework.aop.interceptor.ExposeInvocationInterceptor.invoke(ExposeInvocationInterceptor.java:97)
	at org.springframework.aop.framework.ReflectiveMethodInvocation.proceed(ReflectiveMethodInvocation.java:186)
	at org.springframework.aop.framework.CglibAopProxy$CglibMethodInvocation.proceed(CglibAopProxy.java:750)
	at org.springframework.aop.framework.CglibAopProxy$DynamicAdvisedInterceptor.intercept(CglibAopProxy.java:692)
	at rainclassv3.controller.UserController$$EnhancerBySpringCGLIB$$13f7009a.logout(<generated>)
	at sun.reflect.NativeMethodAccessorImpl.invoke0(Native Method)
	at sun.reflect.NativeMethodAccessorImpl.invoke(NativeMethodAccessorImpl.java:62)
	at sun.reflect.DelegatingMethodAccessorImpl.invoke(DelegatingMethodAccessorImpl.java:43)
	at java.lang.reflect.Method.invoke(Method.java:498)
	at org.springframework.web.method.support.InvocableHandlerMethod.doInvoke(InvocableHandlerMethod.java:197)
	at org.springframework.web.method.support.InvocableHandlerMethod.invokeForRequest(InvocableHandlerMethod.java:141)
	at org.springframework.web.servlet.mvc.method.annotation.ServletInvocableHandlerMethod.invokeAndHandle(ServletInvocableHandlerMethod.java:106)
	at org.springframework.web.servlet.mvc.method.annotation.RequestMappingHandlerAdapter.invokeHandlerMethod(RequestMappingHandlerAdapter.java:894)
	at org.springframework.web.servlet.mvc.method.annotation.RequestMappingHandlerAdapter.handleInternal(RequestMappingHandlerAdapter.java:808)
	at org.springframework.web.servlet.mvc.method.AbstractHandlerMethodAdapter.handle(AbstractHandlerMethodAdapter.java:87)
	at org.springframework.web.servlet.DispatcherServlet.doDispatch(DispatcherServlet.java:1063)
	at org.springframework.web.servlet.DispatcherServlet.doService(DispatcherServlet.java:963)
	at org.springframework.web.servlet.FrameworkServlet.processRequest(FrameworkServlet.java:1006)
	at org.springframework.web.servlet.FrameworkServlet.doPost(FrameworkServlet.java:909)
	at javax.servlet.http.HttpServlet.service(HttpServlet.java:652)
	at org.springframework.web.servlet.FrameworkServlet.service(FrameworkServlet.java:883)
	at javax.servlet.http.HttpServlet.service(HttpServlet.java:733)
	at org.apache.catalina.core.ApplicationFilterChain.internalDoFilter(ApplicationFilterChain.java:227)
	at org.apache.catalina.core.ApplicationFilterChain.doFilter(ApplicationFilterChain.java:162)
	at org.apache.tomcat.websocket.server.WsFilter.doFilter(WsFilter.java:53)
	at org.apache.catalina.core.ApplicationFilterChain.internalDoFilter(ApplicationFilterChain.java:189)
	at org.apache.catalina.core.ApplicationFilterChain.doFilter(ApplicationFilterChain.java:162)
	at org.springframework.web.filter.RequestContextFilter.doFilterInternal(RequestContextFilter.java:100)
	at org.springframework.web.filter.OncePerRequestFilter.doFilter(OncePerRequestFilter.java:119)
	at org.apache.catalina.core.ApplicationFilterChain.internalDoFilter(ApplicationFilterChain.java:189)
	at org.apache.catalina.core.ApplicationFilterChain.doFilter(ApplicationFilterChain.java:162)
	at org.springframework.web.filter.FormContentFilter.doFilterInternal(FormContentFilter.java:93)
	at org.springframework.web.filter.OncePerRequestFilter.doFilter(OncePerRequestFilter.java:119)
	at org.apache.catalina.core.ApplicationFilterChain.internalDoFilter(ApplicationFilterChain.java:189)
	at org.apache.catalina.core.ApplicationFilterChain.doFilter(ApplicationFilterChain.java:162)
	at org.springframework.web.filter.CharacterEncodingFilter.doFilterInternal(CharacterEncodingFilter.java:201)
	at org.springframework.web.filter.OncePerRequestFilter.doFilter(OncePerRequestFilter.java:119)
	at org.apache.catalina.core.ApplicationFilterChain.internalDoFilter(ApplicationFilterChain.java:189)
	at org.apache.catalina.core.ApplicationFilterChain.doFilter(ApplicationFilterChain.java:162)
	at org.apache.catalina.core.StandardWrapperValve.invoke(StandardWrapperValve.java:202)
	at org.apache.catalina.core.StandardContextValve.invoke(StandardContextValve.java:97)
	at org.apache.catalina.authenticator.AuthenticatorBase.invoke(AuthenticatorBase.java:542)
	at org.apache.catalina.core.StandardHostValve.invoke(StandardHostValve.java:143)
	at org.apache.catalina.valves.ErrorReportValve.invoke(ErrorReportValve.java:92)
	at org.apache.catalina.core.StandardEngineValve.invoke(StandardEngineValve.java:78)
	at org.apache.catalina.connector.CoyoteAdapter.service(CoyoteAdapter.java:357)
	at org.apache.coyote.http11.Http11Processor.service(Http11Processor.java:374)
	at org.apache.coyote.AbstractProcessorLight.process(AbstractProcessorLight.java:65)
	at org.apache.coyote.AbstractProtocol$ConnectionHandler.process(AbstractProtocol.java:893)
	at org.apache.tomcat.util.net.NioEndpoint$SocketProcessor.doRun(NioEndpoint.java:1707)
	at org.apache.tomcat.util.net.SocketProcessorBase.run(SocketProcessorBase.java:49)
	at java.util.concurrent.ThreadPoolExecutor.runWorker(ThreadPoolExecutor.java:1149)
	at java.util.concurrent.ThreadPoolExecutor$Worker.run(ThreadPoolExecutor.java:624)
	at org.apache.tomcat.util.threads.TaskThread$WrappingRunnable.run(TaskThread.java:61)
	at java.lang.Thread.run(Thread.java:748)
Caused by: io.lettuce.core.RedisCommandTimeoutException: Command timed out after 2 second(s)
	at io.lettuce.core.internal.ExceptionFactory.createTimeoutException(ExceptionFactory.java:53)
	at io.lettuce.core.protocol.CommandExpiryWriter.lambda$potentiallyExpire$0(CommandExpiryWriter.java:172)
	at io.netty.util.concurrent.PromiseTask.runTask(PromiseTask.java:98)
	at io.netty.util.concurrent.ScheduledFutureTask.run(ScheduledFutureTask.java:170)
	at io.netty.util.concurrent.DefaultEventExecutor.run(DefaultEventExecutor.java:66)
	at io.netty.util.concurrent.SingleThreadEventExecutor$4.run(SingleThreadEventExecutor.java:989)
	at io.netty.util.internal.ThreadExecutorMap$2.run(ThreadExecutorMap.java:74)
	at io.netty.util.concurrent.FastThreadLocalRunnable.run(FastThreadLocalRunnable.java:30)
	... 1 common frames omitted
2021-10-13 14:35:57.978 WARN  o.s.w.s.m.m.a.ExceptionHandlerExceptionResolver   :207  [32m103380181481295872[0;39m Resolved [org.springframework.dao.QueryTimeoutException: Redis command timed out; nested exception is io.lettuce.core.RedisCommandTimeoutException: Command timed out after 2 second(s)]
2021-10-13 14:36:16.162 INFO  rainclassv3.aspect.LogAspect                      :62   [32m103380266147516416[0;39m ------------- 开始 -------------
2021-10-13 14:36:16.162 INFO  rainclassv3.aspect.LogAspect                      :63   [32m103380266147516416[0;39m 请求地址: http://127.0.0.1:9000/class/list GET
2021-10-13 14:36:16.162 INFO  rainclassv3.aspect.LogAspect                      :64   [32m103380266147516416[0;39m 类名方法: rainclassv3.controller.ClassController.list
2021-10-13 14:36:16.162 INFO  rainclassv3.aspect.LogAspect                      :65   [32m103380266147516416[0;39m 远程地址: 127.0.0.1
2021-10-13 14:36:16.162 INFO  rainclassv3.aspect.LogAspect                      :87   [32m103380266147516416[0;39m 请求参数: [{"classname":"","pageNum":1,"pageSize":3}]
2021-10-13 14:36:16.168 INFO  rainclassv3.aspect.LogAspect                      :99   [32m103380266147516416[0;39m 返回结果: {"content":{"list":[{"classname":"tset","code":"","credit":1,"desc":"asdgasdg","id":102661292975853568,"notice":"","path":"102661134905118720.jpg","place":"","starttime":"","teacher":{"id":1,"loginname":"admin","realname":"admin"},"teacherid":1,"type":"专业主干课"},{"classname":"","code":"","desc":"","id":102671213423366144,"notice":"","path":"","place":"","starttime":"","type":"博雅课"}],"pageNum":1,"pageSize":3,"total":2},"success":true}
2021-10-13 14:36:16.169 INFO  rainclassv3.aspect.LogAspect                      :100  [32m103380266147516416[0;39m ------------- 结束 耗时：7 ms -------------
2021-10-13 14:38:13.670 INFO  rainclassv3.aspect.LogAspect                      :62   [32m103380759011790848[0;39m ------------- 开始 -------------
2021-10-13 14:38:13.670 INFO  rainclassv3.aspect.LogAspect                      :63   [32m103380759011790848[0;39m 请求地址: http://127.0.0.1:9000/user/logout/undefined POST
2021-10-13 14:38:13.670 INFO  rainclassv3.aspect.LogAspect                      :64   [32m103380759011790848[0;39m 类名方法: rainclassv3.controller.UserController.logout
2021-10-13 14:38:13.670 INFO  rainclassv3.aspect.LogAspect                      :65   [32m103380759011790848[0;39m 远程地址: 127.0.0.1
2021-10-13 14:38:13.671 INFO  rainclassv3.aspect.LogAspect                      :87   [32m103380759011790848[0;39m 请求参数: ["undefined"]
2021-10-13 14:38:15.673 ERROR rainclassv3.controller.ControllerExceptionHandler :69   [32m103380759011790848[0;39m 系统异常：
org.springframework.dao.QueryTimeoutException: Redis command timed out; nested exception is io.lettuce.core.RedisCommandTimeoutException: Command timed out after 2 second(s)
	at org.springframework.data.redis.connection.lettuce.LettuceExceptionConverter.convert(LettuceExceptionConverter.java:70)
	at org.springframework.data.redis.connection.lettuce.LettuceExceptionConverter.convert(LettuceExceptionConverter.java:41)
	at org.springframework.data.redis.PassThroughExceptionTranslationStrategy.translate(PassThroughExceptionTranslationStrategy.java:44)
	at org.springframework.data.redis.FallbackExceptionTranslationStrategy.translate(FallbackExceptionTranslationStrategy.java:42)
	at org.springframework.data.redis.connection.lettuce.LettuceConnection.convertLettuceAccessException(LettuceConnection.java:271)
	at org.springframework.data.redis.connection.lettuce.LettuceConnection.await(LettuceConnection.java:1062)
	at org.springframework.data.redis.connection.lettuce.LettuceConnection.lambda$doInvoke$4(LettuceConnection.java:919)
	at org.springframework.data.redis.connection.lettuce.LettuceInvoker$Synchronizer.invoke(LettuceInvoker.java:665)
	at org.springframework.data.redis.connection.lettuce.LettuceInvoker.just(LettuceInvoker.java:94)
	at org.springframework.data.redis.connection.lettuce.LettuceKeyCommands.del(LettuceKeyCommands.java:90)
	at org.springframework.data.redis.connection.DefaultedRedisConnection.del(DefaultedRedisConnection.java:83)
	at org.springframework.data.redis.core.RedisTemplate.lambda$delete$2(RedisTemplate.java:708)
	at org.springframework.data.redis.core.RedisTemplate.execute(RedisTemplate.java:222)
	at org.springframework.data.redis.core.RedisTemplate.execute(RedisTemplate.java:189)
	at org.springframework.data.redis.core.RedisTemplate.delete(RedisTemplate.java:708)
	at rainclassv3.controller.UserController.logout(UserController.java:79)
	at rainclassv3.controller.UserController$$FastClassBySpringCGLIB$$5fd8e6ac.invoke(<generated>)
	at org.springframework.cglib.proxy.MethodProxy.invoke(MethodProxy.java:218)
	at org.springframework.aop.framework.CglibAopProxy$CglibMethodInvocation.invokeJoinpoint(CglibAopProxy.java:779)
	at org.springframework.aop.framework.ReflectiveMethodInvocation.proceed(ReflectiveMethodInvocation.java:163)
	at org.springframework.aop.framework.CglibAopProxy$CglibMethodInvocation.proceed(CglibAopProxy.java:750)
	at org.springframework.aop.framework.adapter.MethodBeforeAdviceInterceptor.invoke(MethodBeforeAdviceInterceptor.java:58)
	at org.springframework.aop.framework.ReflectiveMethodInvocation.proceed(ReflectiveMethodInvocation.java:186)
	at org.springframework.aop.framework.CglibAopProxy$CglibMethodInvocation.proceed(CglibAopProxy.java:750)
	at org.springframework.aop.aspectj.MethodInvocationProceedingJoinPoint.proceed(MethodInvocationProceedingJoinPoint.java:89)
	at rainclassv3.aspect.LogAspect.doAround(LogAspect.java:93)
	at sun.reflect.GeneratedMethodAccessor97.invoke(Unknown Source)
	at sun.reflect.DelegatingMethodAccessorImpl.invoke(DelegatingMethodAccessorImpl.java:43)
	at java.lang.reflect.Method.invoke(Method.java:498)
	at org.springframework.aop.aspectj.AbstractAspectJAdvice.invokeAdviceMethodWithGivenArgs(AbstractAspectJAdvice.java:634)
	at org.springframework.aop.aspectj.AbstractAspectJAdvice.invokeAdviceMethod(AbstractAspectJAdvice.java:624)
	at org.springframework.aop.aspectj.AspectJAroundAdvice.invoke(AspectJAroundAdvice.java:72)
	at org.springframework.aop.framework.ReflectiveMethodInvocation.proceed(ReflectiveMethodInvocation.java:186)
	at org.springframework.aop.framework.CglibAopProxy$CglibMethodInvocation.proceed(CglibAopProxy.java:750)
	at org.springframework.aop.interceptor.ExposeInvocationInterceptor.invoke(ExposeInvocationInterceptor.java:97)
	at org.springframework.aop.framework.ReflectiveMethodInvocation.proceed(ReflectiveMethodInvocation.java:186)
	at org.springframework.aop.framework.CglibAopProxy$CglibMethodInvocation.proceed(CglibAopProxy.java:750)
	at org.springframework.aop.framework.CglibAopProxy$DynamicAdvisedInterceptor.intercept(CglibAopProxy.java:692)
	at rainclassv3.controller.UserController$$EnhancerBySpringCGLIB$$13f7009a.logout(<generated>)
	at sun.reflect.NativeMethodAccessorImpl.invoke0(Native Method)
	at sun.reflect.NativeMethodAccessorImpl.invoke(NativeMethodAccessorImpl.java:62)
	at sun.reflect.DelegatingMethodAccessorImpl.invoke(DelegatingMethodAccessorImpl.java:43)
	at java.lang.reflect.Method.invoke(Method.java:498)
	at org.springframework.web.method.support.InvocableHandlerMethod.doInvoke(InvocableHandlerMethod.java:197)
	at org.springframework.web.method.support.InvocableHandlerMethod.invokeForRequest(InvocableHandlerMethod.java:141)
	at org.springframework.web.servlet.mvc.method.annotation.ServletInvocableHandlerMethod.invokeAndHandle(ServletInvocableHandlerMethod.java:106)
	at org.springframework.web.servlet.mvc.method.annotation.RequestMappingHandlerAdapter.invokeHandlerMethod(RequestMappingHandlerAdapter.java:894)
	at org.springframework.web.servlet.mvc.method.annotation.RequestMappingHandlerAdapter.handleInternal(RequestMappingHandlerAdapter.java:808)
	at org.springframework.web.servlet.mvc.method.AbstractHandlerMethodAdapter.handle(AbstractHandlerMethodAdapter.java:87)
	at org.springframework.web.servlet.DispatcherServlet.doDispatch(DispatcherServlet.java:1063)
	at org.springframework.web.servlet.DispatcherServlet.doService(DispatcherServlet.java:963)
	at org.springframework.web.servlet.FrameworkServlet.processRequest(FrameworkServlet.java:1006)
	at org.springframework.web.servlet.FrameworkServlet.doPost(FrameworkServlet.java:909)
	at javax.servlet.http.HttpServlet.service(HttpServlet.java:652)
	at org.springframework.web.servlet.FrameworkServlet.service(FrameworkServlet.java:883)
	at javax.servlet.http.HttpServlet.service(HttpServlet.java:733)
	at org.apache.catalina.core.ApplicationFilterChain.internalDoFilter(ApplicationFilterChain.java:227)
	at org.apache.catalina.core.ApplicationFilterChain.doFilter(ApplicationFilterChain.java:162)
	at org.apache.tomcat.websocket.server.WsFilter.doFilter(WsFilter.java:53)
	at org.apache.catalina.core.ApplicationFilterChain.internalDoFilter(ApplicationFilterChain.java:189)
	at org.apache.catalina.core.ApplicationFilterChain.doFilter(ApplicationFilterChain.java:162)
	at org.springframework.web.filter.RequestContextFilter.doFilterInternal(RequestContextFilter.java:100)
	at org.springframework.web.filter.OncePerRequestFilter.doFilter(OncePerRequestFilter.java:119)
	at org.apache.catalina.core.ApplicationFilterChain.internalDoFilter(ApplicationFilterChain.java:189)
	at org.apache.catalina.core.ApplicationFilterChain.doFilter(ApplicationFilterChain.java:162)
	at org.springframework.web.filter.FormContentFilter.doFilterInternal(FormContentFilter.java:93)
	at org.springframework.web.filter.OncePerRequestFilter.doFilter(OncePerRequestFilter.java:119)
	at org.apache.catalina.core.ApplicationFilterChain.internalDoFilter(ApplicationFilterChain.java:189)
	at org.apache.catalina.core.ApplicationFilterChain.doFilter(ApplicationFilterChain.java:162)
	at org.springframework.web.filter.CharacterEncodingFilter.doFilterInternal(CharacterEncodingFilter.java:201)
	at org.springframework.web.filter.OncePerRequestFilter.doFilter(OncePerRequestFilter.java:119)
	at org.apache.catalina.core.ApplicationFilterChain.internalDoFilter(ApplicationFilterChain.java:189)
	at org.apache.catalina.core.ApplicationFilterChain.doFilter(ApplicationFilterChain.java:162)
	at org.apache.catalina.core.StandardWrapperValve.invoke(StandardWrapperValve.java:202)
	at org.apache.catalina.core.StandardContextValve.invoke(StandardContextValve.java:97)
	at org.apache.catalina.authenticator.AuthenticatorBase.invoke(AuthenticatorBase.java:542)
	at org.apache.catalina.core.StandardHostValve.invoke(StandardHostValve.java:143)
	at org.apache.catalina.valves.ErrorReportValve.invoke(ErrorReportValve.java:92)
	at org.apache.catalina.core.StandardEngineValve.invoke(StandardEngineValve.java:78)
	at org.apache.catalina.connector.CoyoteAdapter.service(CoyoteAdapter.java:357)
	at org.apache.coyote.http11.Http11Processor.service(Http11Processor.java:374)
	at org.apache.coyote.AbstractProcessorLight.process(AbstractProcessorLight.java:65)
	at org.apache.coyote.AbstractProtocol$ConnectionHandler.process(AbstractProtocol.java:893)
	at org.apache.tomcat.util.net.NioEndpoint$SocketProcessor.doRun(NioEndpoint.java:1707)
	at org.apache.tomcat.util.net.SocketProcessorBase.run(SocketProcessorBase.java:49)
	at java.util.concurrent.ThreadPoolExecutor.runWorker(ThreadPoolExecutor.java:1149)
	at java.util.concurrent.ThreadPoolExecutor$Worker.run(ThreadPoolExecutor.java:624)
	at org.apache.tomcat.util.threads.TaskThread$WrappingRunnable.run(TaskThread.java:61)
	at java.lang.Thread.run(Thread.java:748)
Caused by: io.lettuce.core.RedisCommandTimeoutException: Command timed out after 2 second(s)
	at io.lettuce.core.internal.ExceptionFactory.createTimeoutException(ExceptionFactory.java:53)
	at io.lettuce.core.internal.Futures.awaitOrCancel(Futures.java:246)
	at io.lettuce.core.LettuceFutures.awaitOrCancel(LettuceFutures.java:74)
	at org.springframework.data.redis.connection.lettuce.LettuceConnection.await(LettuceConnection.java:1060)
	... 83 common frames omitted
2021-10-13 14:38:15.674 WARN  o.s.w.s.m.m.a.ExceptionHandlerExceptionResolver   :207  [32m103380759011790848[0;39m Resolved [org.springframework.dao.QueryTimeoutException: Redis command timed out; nested exception is io.lettuce.core.RedisCommandTimeoutException: Command timed out after 2 second(s)]
