2021-10-11 12:35:29.742 INFO  rainclassv3.config.RainClassV3Application         :55   [32m                  [0;39m Starting RainClassV3Application using Java 1.8.0_261 on DESKTOP-6AM15DO with PID 15448 (F:\private\rain-class-v3-main\target\classes started by Administrator in F:\private\rain-class-v3-main)
2021-10-11 12:35:29.742 INFO  org.hibernate.validator.internal.util.Version     :21   [32m                  [0;39m HV000001: Hibernate Validator 6.2.0.Final
2021-10-11 12:35:29.744 INFO  rainclassv3.config.RainClassV3Application         :659  [32m                  [0;39m No active profile set, falling back to default profiles: default
2021-10-11 12:35:29.784 INFO  o.s.b.d.env.DevToolsPropertyDefaultsPostProcessor :255  [32m                  [0;39m Devtools property defaults active! Set 'spring.devtools.add-properties' to 'false' to disable
2021-10-11 12:35:29.784 INFO  o.s.b.d.env.DevToolsPropertyDefaultsPostProcessor :255  [32m                  [0;39m For additional web related logging consider setting the 'logging.level.web' property to 'DEBUG'
2021-10-11 12:35:30.301 INFO  o.s.d.r.config.RepositoryConfigurationDelegate    :262  [32m                  [0;39m Multiple Spring Data modules found, entering strict repository configuration mode!
2021-10-11 12:35:30.302 INFO  o.s.d.r.config.RepositoryConfigurationDelegate    :132  [32m                  [0;39m Bootstrapping Spring Data JDBC repositories in DEFAULT mode.
2021-10-11 12:35:30.309 INFO  o.s.d.r.config.RepositoryConfigurationDelegate    :201  [32m                  [0;39m Finished Spring Data repository scanning in 3 ms. Found 0 JDBC repository interfaces.
2021-10-11 12:35:30.317 INFO  o.s.d.r.config.RepositoryConfigurationDelegate    :262  [32m                  [0;39m Multiple Spring Data modules found, entering strict repository configuration mode!
2021-10-11 12:35:30.318 INFO  o.s.d.r.config.RepositoryConfigurationDelegate    :132  [32m                  [0;39m Bootstrapping Spring Data Redis repositories in DEFAULT mode.
2021-10-11 12:35:30.325 INFO  o.s.d.r.config.RepositoryConfigurationDelegate    :201  [32m                  [0;39m Finished Spring Data repository scanning in 0 ms. Found 0 Redis repository interfaces.
2021-10-11 12:35:30.911 INFO  o.s.boot.web.embedded.tomcat.TomcatWebServer      :108  [32m                  [0;39m Tomcat initialized with port(s): 9000 (http)
2021-10-11 12:35:30.917 INFO  org.apache.coyote.http11.Http11NioProtocol        :173  [32m                  [0;39m Initializing ProtocolHandler ["http-nio-9000"]
2021-10-11 12:35:30.918 INFO  org.apache.catalina.core.StandardService          :173  [32m                  [0;39m Starting service [Tomcat]
2021-10-11 12:35:30.918 INFO  org.apache.catalina.core.StandardEngine           :173  [32m                  [0;39m Starting Servlet engine: [Apache Tomcat/9.0.46]
2021-10-11 12:35:30.979 INFO  o.a.c.core.ContainerBase.[Tomcat].[localhost].[/] :173  [32m                  [0;39m Initializing Spring embedded WebApplicationContext
2021-10-11 12:35:30.979 INFO  o.s.b.w.s.c.ServletWebServerApplicationContext    :290  [32m                  [0;39m Root WebApplicationContext: initialization completed in 1194 ms
2021-10-11 12:35:31.795 INFO  rainclassv3.config.CorsConfig                     :43   [32m                  [0;39m å¤–éƒ¨å°è¯•è®¿é—®ç£ç›˜å›¾ç‰‡
2021-10-11 12:35:31.795 INFO  rainclassv3.config.CorsConfig                     :44   [32m                  [0;39m æ‹¦æˆªå™¨ä¸­è®¾ç½®çš„è·¯å¾„ä¸º:file:/root/disPic
2021-10-11 12:35:31.829 WARN  o.s.b.a.t.ThymeleafAutoConfiguration$DefaultTemplateResolverConfiguration:105  [32m                  [0;39m Cannot find template location: classpath:/templates/ (please add some templates or check your Thymeleaf configuration)
2021-10-11 12:35:31.914 INFO  com.zaxxer.hikari.HikariDataSource                :110  [32m                  [0;39m HikariPool-1 - Starting...
2021-10-11 12:35:32.124 INFO  com.zaxxer.hikari.HikariDataSource                :123  [32m                  [0;39m HikariPool-1 - Start completed.
2021-10-11 12:35:32.339 INFO  o.s.b.d.autoconfigure.OptionalLiveReloadServer    :58   [32m                  [0;39m LiveReload server is running on port 35729
2021-10-11 12:35:32.356 INFO  org.apache.coyote.http11.Http11NioProtocol        :173  [32m                  [0;39m Starting ProtocolHandler ["http-nio-9000"]
2021-10-11 12:35:32.373 INFO  o.s.boot.web.embedded.tomcat.TomcatWebServer      :220  [32m                  [0;39m Tomcat started on port(s): 9000 (http) with context path ''
2021-10-11 12:35:32.381 INFO  rainclassv3.config.RainClassV3Application         :61   [32m                  [0;39m Started RainClassV3Application in 3.163 seconds (JVM running for 4.068)
2021-10-11 12:58:28.458 INFO  org.hibernate.validator.internal.util.Version     :21   [32m                  [0;39m HV000001: Hibernate Validator 6.2.0.Final
2021-10-11 12:58:28.465 INFO  rainclassv3.config.RainClassV3Application         :55   [32m                  [0;39m Starting RainClassV3Application using Java 1.8.0_261 on DESKTOP-6AM15DO with PID 5884 (F:\private\rain-class-v3-main\target\classes started by Administrator in F:\private\rain-class-v3-main)
2021-10-11 12:58:28.465 INFO  rainclassv3.config.RainClassV3Application         :659  [32m                  [0;39m No active profile set, falling back to default profiles: default
2021-10-11 12:58:28.511 INFO  o.s.b.d.env.DevToolsPropertyDefaultsPostProcessor :255  [32m                  [0;39m Devtools property defaults active! Set 'spring.devtools.add-properties' to 'false' to disable
2021-10-11 12:58:28.511 INFO  o.s.b.d.env.DevToolsPropertyDefaultsPostProcessor :255  [32m                  [0;39m For additional web related logging consider setting the 'logging.level.web' property to 'DEBUG'
2021-10-11 12:58:29.059 INFO  o.s.d.r.config.RepositoryConfigurationDelegate    :262  [32m                  [0;39m Multiple Spring Data modules found, entering strict repository configuration mode!
2021-10-11 12:58:29.059 INFO  o.s.d.r.config.RepositoryConfigurationDelegate    :132  [32m                  [0;39m Bootstrapping Spring Data JDBC repositories in DEFAULT mode.
2021-10-11 12:58:29.066 INFO  o.s.d.r.config.RepositoryConfigurationDelegate    :201  [32m                  [0;39m Finished Spring Data repository scanning in 3 ms. Found 0 JDBC repository interfaces.
2021-10-11 12:58:29.076 INFO  o.s.d.r.config.RepositoryConfigurationDelegate    :262  [32m                  [0;39m Multiple Spring Data modules found, entering strict repository configuration mode!
2021-10-11 12:58:29.076 INFO  o.s.d.r.config.RepositoryConfigurationDelegate    :132  [32m                  [0;39m Bootstrapping Spring Data Redis repositories in DEFAULT mode.
2021-10-11 12:58:29.084 INFO  o.s.d.r.config.RepositoryConfigurationDelegate    :201  [32m                  [0;39m Finished Spring Data repository scanning in 1 ms. Found 0 Redis repository interfaces.
2021-10-11 12:58:29.665 INFO  o.s.boot.web.embedded.tomcat.TomcatWebServer      :108  [32m                  [0;39m Tomcat initialized with port(s): 9000 (http)
2021-10-11 12:58:29.672 INFO  org.apache.coyote.http11.Http11NioProtocol        :173  [32m                  [0;39m Initializing ProtocolHandler ["http-nio-9000"]
2021-10-11 12:58:29.672 INFO  org.apache.catalina.core.StandardService          :173  [32m                  [0;39m Starting service [Tomcat]
2021-10-11 12:58:29.672 INFO  org.apache.catalina.core.StandardEngine           :173  [32m                  [0;39m Starting Servlet engine: [Apache Tomcat/9.0.46]
2021-10-11 12:58:29.739 INFO  o.a.c.core.ContainerBase.[Tomcat].[localhost].[/] :173  [32m                  [0;39m Initializing Spring embedded WebApplicationContext
2021-10-11 12:58:29.739 INFO  o.s.b.w.s.c.ServletWebServerApplicationContext    :290  [32m                  [0;39m Root WebApplicationContext: initialization completed in 1227 ms
2021-10-11 12:58:30.608 INFO  rainclassv3.config.CorsConfig                     :43   [32m                  [0;39m å¤–éƒ¨å°è¯•è®¿é—®ç£ç›˜å›¾ç‰‡
2021-10-11 12:58:30.608 INFO  rainclassv3.config.CorsConfig                     :44   [32m                  [0;39m æ‹¦æˆªå™¨ä¸­è®¾ç½®çš„è·¯å¾„ä¸º:file:/root/disPic
2021-10-11 12:58:30.645 WARN  o.s.b.a.t.ThymeleafAutoConfiguration$DefaultTemplateResolverConfiguration:105  [32m                  [0;39m Cannot find template location: classpath:/templates/ (please add some templates or check your Thymeleaf configuration)
2021-10-11 12:58:30.727 INFO  com.zaxxer.hikari.HikariDataSource                :110  [32m                  [0;39m HikariPool-1 - Starting...
2021-10-11 12:58:30.812 INFO  com.zaxxer.hikari.HikariDataSource                :123  [32m                  [0;39m HikariPool-1 - Start completed.
2021-10-11 12:58:31.039 INFO  o.s.b.d.autoconfigure.OptionalLiveReloadServer    :58   [32m                  [0;39m LiveReload server is running on port 35729
2021-10-11 12:58:31.055 INFO  org.apache.coyote.http11.Http11NioProtocol        :173  [32m                  [0;39m Starting ProtocolHandler ["http-nio-9000"]
2021-10-11 12:58:31.072 INFO  o.s.boot.web.embedded.tomcat.TomcatWebServer      :220  [32m                  [0;39m Tomcat started on port(s): 9000 (http) with context path ''
2021-10-11 12:58:31.080 INFO  rainclassv3.config.RainClassV3Application         :61   [32m                  [0;39m Started RainClassV3Application in 2.968 seconds (JVM running for 3.666)
2021-10-11 13:19:22.453 INFO  org.hibernate.validator.internal.util.Version     :21   [32m                  [0;39m HV000001: Hibernate Validator 6.2.0.Final
2021-10-11 13:19:22.456 INFO  rainclassv3.config.RainClassV3Application         :55   [32m                  [0;39m Starting RainClassV3Application using Java 1.8.0_261 on DESKTOP-6AM15DO with PID 15828 (F:\private\rain-class-v3-main\target\classes started by Administrator in F:\private\rain-class-v3-main)
2021-10-11 13:19:22.457 INFO  rainclassv3.config.RainClassV3Application         :659  [32m                  [0;39m No active profile set, falling back to default profiles: default
2021-10-11 13:19:22.507 INFO  o.s.b.d.env.DevToolsPropertyDefaultsPostProcessor :255  [32m                  [0;39m Devtools property defaults active! Set 'spring.devtools.add-properties' to 'false' to disable
2021-10-11 13:19:22.507 INFO  o.s.b.d.env.DevToolsPropertyDefaultsPostProcessor :255  [32m                  [0;39m For additional web related logging consider setting the 'logging.level.web' property to 'DEBUG'
2021-10-11 13:19:23.025 INFO  o.s.d.r.config.RepositoryConfigurationDelegate    :262  [32m                  [0;39m Multiple Spring Data modules found, entering strict repository configuration mode!
2021-10-11 13:19:23.026 INFO  o.s.d.r.config.RepositoryConfigurationDelegate    :132  [32m                  [0;39m Bootstrapping Spring Data JDBC repositories in DEFAULT mode.
2021-10-11 13:19:23.032 INFO  o.s.d.r.config.RepositoryConfigurationDelegate    :201  [32m                  [0;39m Finished Spring Data repository scanning in 3 ms. Found 0 JDBC repository interfaces.
2021-10-11 13:19:23.041 INFO  o.s.d.r.config.RepositoryConfigurationDelegate    :262  [32m                  [0;39m Multiple Spring Data modules found, entering strict repository configuration mode!
2021-10-11 13:19:23.042 INFO  o.s.d.r.config.RepositoryConfigurationDelegate    :132  [32m                  [0;39m Bootstrapping Spring Data Redis repositories in DEFAULT mode.
2021-10-11 13:19:23.048 INFO  o.s.d.r.config.RepositoryConfigurationDelegate    :201  [32m                  [0;39m Finished Spring Data repository scanning in 0 ms. Found 0 Redis repository interfaces.
2021-10-11 13:19:23.616 INFO  o.s.boot.web.embedded.tomcat.TomcatWebServer      :108  [32m                  [0;39m Tomcat initialized with port(s): 8081 (http)
2021-10-11 13:19:23.623 INFO  org.apache.coyote.http11.Http11NioProtocol        :173  [32m                  [0;39m Initializing ProtocolHandler ["http-nio-8081"]
2021-10-11 13:19:23.623 INFO  org.apache.catalina.core.StandardService          :173  [32m                  [0;39m Starting service [Tomcat]
2021-10-11 13:19:23.624 INFO  org.apache.catalina.core.StandardEngine           :173  [32m                  [0;39m Starting Servlet engine: [Apache Tomcat/9.0.46]
2021-10-11 13:19:23.687 INFO  o.a.c.core.ContainerBase.[Tomcat].[localhost].[/] :173  [32m                  [0;39m Initializing Spring embedded WebApplicationContext
2021-10-11 13:19:23.687 INFO  o.s.b.w.s.c.ServletWebServerApplicationContext    :290  [32m                  [0;39m Root WebApplicationContext: initialization completed in 1179 ms
2021-10-11 13:19:24.511 INFO  rainclassv3.config.CorsConfig                     :43   [32m                  [0;39m å¤–éƒ¨å°è¯•è®¿é—®ç£ç›˜å›¾ç‰‡
2021-10-11 13:19:24.511 INFO  rainclassv3.config.CorsConfig                     :44   [32m                  [0;39m æ‹¦æˆªå™¨ä¸­è®¾ç½®çš„è·¯å¾„ä¸º:file:/root/disPic
2021-10-11 13:19:24.544 WARN  o.s.b.a.t.ThymeleafAutoConfiguration$DefaultTemplateResolverConfiguration:105  [32m                  [0;39m Cannot find template location: classpath:/templates/ (please add some templates or check your Thymeleaf configuration)
2021-10-11 13:19:24.619 INFO  com.zaxxer.hikari.HikariDataSource                :110  [32m                  [0;39m HikariPool-1 - Starting...
2021-10-11 13:19:24.697 INFO  com.zaxxer.hikari.HikariDataSource                :123  [32m                  [0;39m HikariPool-1 - Start completed.
2021-10-11 13:19:24.904 INFO  o.s.b.d.autoconfigure.OptionalLiveReloadServer    :58   [32m                  [0;39m LiveReload server is running on port 35729
2021-10-11 13:19:24.919 INFO  org.apache.coyote.http11.Http11NioProtocol        :173  [32m                  [0;39m Starting ProtocolHandler ["http-nio-8081"]
2021-10-11 13:19:24.928 WARN  o.s.b.w.s.c.AnnotationConfigServletWebServerApplicationContext:591  [32m                  [0;39m Exception encountered during context initialization - cancelling refresh attempt: org.springframework.context.ApplicationContextException: Failed to start bean 'webServerStartStop'; nested exception is org.springframework.boot.web.server.PortInUseException: Port 8081 is already in use
2021-10-11 13:19:24.945 INFO  com.zaxxer.hikari.HikariDataSource                :350  [32m                  [0;39m HikariPool-1 - Shutdown initiated...
2021-10-11 13:19:24.949 INFO  com.zaxxer.hikari.HikariDataSource                :352  [32m                  [0;39m HikariPool-1 - Shutdown completed.
2021-10-11 13:19:24.951 INFO  org.apache.coyote.http11.Http11NioProtocol        :173  [32m                  [0;39m Pausing ProtocolHandler ["http-nio-8081"]
2021-10-11 13:19:24.951 INFO  org.apache.catalina.core.StandardService          :173  [32m                  [0;39m Stopping service [Tomcat]
2021-10-11 13:19:24.954 INFO  org.apache.coyote.http11.Http11NioProtocol        :173  [32m                  [0;39m Stopping ProtocolHandler ["http-nio-8081"]
2021-10-11 13:19:24.955 INFO  org.apache.coyote.http11.Http11NioProtocol        :173  [32m                  [0;39m Destroying ProtocolHandler ["http-nio-8081"]
2021-10-11 13:19:24.960 INFO  o.s.b.a.l.ConditionEvaluationReportLoggingListener:136  [32m                  [0;39m 

Error starting ApplicationContext. To display the conditions report re-run your application with 'debug' enabled.
2021-10-11 13:19:24.971 ERROR o.s.b.diagnostics.LoggingFailureAnalysisReporter  :40   [32m                  [0;39m 

***************************
APPLICATION FAILED TO START
***************************

Description:

Web server failed to start. Port 8081 was already in use.

Action:

Identify and stop the process that's listening on port 8081 or configure this application to listen on another port.

2021-10-11 14:36:31.274 INFO  rainclassv3.config.RainClassV3Application         :55   [32m                  [0;39m Starting RainClassV3Application using Java 1.8.0_261 on DESKTOP-6AM15DO with PID 13864 (F:\private\rain-class-v3-main\target\classes started by Administrator in F:\private\rain-class-v3-main)
2021-10-11 14:36:31.272 INFO  org.hibernate.validator.internal.util.Version     :21   [32m                  [0;39m HV000001: Hibernate Validator 6.2.0.Final
2021-10-11 14:36:31.309 INFO  rainclassv3.config.RainClassV3Application         :659  [32m                  [0;39m No active profile set, falling back to default profiles: default
2021-10-11 14:36:31.380 INFO  o.s.b.d.env.DevToolsPropertyDefaultsPostProcessor :255  [32m                  [0;39m Devtools property defaults active! Set 'spring.devtools.add-properties' to 'false' to disable
2021-10-11 14:36:31.380 INFO  o.s.b.d.env.DevToolsPropertyDefaultsPostProcessor :255  [32m                  [0;39m For additional web related logging consider setting the 'logging.level.web' property to 'DEBUG'
2021-10-11 14:36:31.856 INFO  o.s.d.r.config.RepositoryConfigurationDelegate    :262  [32m                  [0;39m Multiple Spring Data modules found, entering strict repository configuration mode!
2021-10-11 14:36:31.857 INFO  o.s.d.r.config.RepositoryConfigurationDelegate    :132  [32m                  [0;39m Bootstrapping Spring Data JDBC repositories in DEFAULT mode.
2021-10-11 14:36:31.863 INFO  o.s.d.r.config.RepositoryConfigurationDelegate    :201  [32m                  [0;39m Finished Spring Data repository scanning in 3 ms. Found 0 JDBC repository interfaces.
2021-10-11 14:36:31.871 INFO  o.s.d.r.config.RepositoryConfigurationDelegate    :262  [32m                  [0;39m Multiple Spring Data modules found, entering strict repository configuration mode!
2021-10-11 14:36:31.872 INFO  o.s.d.r.config.RepositoryConfigurationDelegate    :132  [32m                  [0;39m Bootstrapping Spring Data Redis repositories in DEFAULT mode.
2021-10-11 14:36:31.879 INFO  o.s.d.r.config.RepositoryConfigurationDelegate    :201  [32m                  [0;39m Finished Spring Data repository scanning in 0 ms. Found 0 Redis repository interfaces.
2021-10-11 14:36:32.475 INFO  o.s.boot.web.embedded.tomcat.TomcatWebServer      :108  [32m                  [0;39m Tomcat initialized with port(s): 9000 (http)
2021-10-11 14:36:32.481 INFO  org.apache.coyote.http11.Http11NioProtocol        :173  [32m                  [0;39m Initializing ProtocolHandler ["http-nio-9000"]
2021-10-11 14:36:32.482 INFO  org.apache.catalina.core.StandardService          :173  [32m                  [0;39m Starting service [Tomcat]
2021-10-11 14:36:32.482 INFO  org.apache.catalina.core.StandardEngine           :173  [32m                  [0;39m Starting Servlet engine: [Apache Tomcat/9.0.46]
2021-10-11 14:36:32.541 INFO  o.a.c.core.ContainerBase.[Tomcat].[localhost].[/] :173  [32m                  [0;39m Initializing Spring embedded WebApplicationContext
2021-10-11 14:36:32.541 INFO  o.s.b.w.s.c.ServletWebServerApplicationContext    :290  [32m                  [0;39m Root WebApplicationContext: initialization completed in 1161 ms
2021-10-11 14:36:33.351 INFO  rainclassv3.config.CorsConfig                     :43   [32m                  [0;39m å¤–éƒ¨å°è¯•è®¿é—®ç£ç›˜å›¾ç‰‡
2021-10-11 14:36:33.351 INFO  rainclassv3.config.CorsConfig                     :44   [32m                  [0;39m æ‹¦æˆªå™¨ä¸­è®¾ç½®çš„è·¯å¾„ä¸º:file:/root/disPic
2021-10-11 14:36:33.384 WARN  o.s.b.a.t.ThymeleafAutoConfiguration$DefaultTemplateResolverConfiguration:105  [32m                  [0;39m Cannot find template location: classpath:/templates/ (please add some templates or check your Thymeleaf configuration)
2021-10-11 14:36:33.470 INFO  com.zaxxer.hikari.HikariDataSource                :110  [32m                  [0;39m HikariPool-1 - Starting...
2021-10-11 14:36:33.598 INFO  com.zaxxer.hikari.HikariDataSource                :123  [32m                  [0;39m HikariPool-1 - Start completed.
2021-10-11 14:36:33.806 INFO  o.s.b.d.autoconfigure.OptionalLiveReloadServer    :58   [32m                  [0;39m LiveReload server is running on port 35729
2021-10-11 14:36:33.821 INFO  org.apache.coyote.http11.Http11NioProtocol        :173  [32m                  [0;39m Starting ProtocolHandler ["http-nio-9000"]
2021-10-11 14:36:33.845 INFO  o.s.boot.web.embedded.tomcat.TomcatWebServer      :220  [32m                  [0;39m Tomcat started on port(s): 9000 (http) with context path ''
2021-10-11 14:36:33.854 INFO  rainclassv3.config.RainClassV3Application         :61   [32m                  [0;39m Started RainClassV3Application in 2.94 seconds (JVM running for 4.042)
2021-10-11 14:40:58.985 INFO  o.a.c.core.ContainerBase.[Tomcat].[localhost].[/] :173  [32m                  [0;39m Initializing Spring DispatcherServlet 'dispatcherServlet'
2021-10-11 14:40:58.986 INFO  org.springframework.web.servlet.DispatcherServlet :525  [32m                  [0;39m Initializing Servlet 'dispatcherServlet'
2021-10-11 14:40:58.987 INFO  org.springframework.web.servlet.DispatcherServlet :547  [32m                  [0;39m Completed initialization in 1 ms
2021-10-11 14:40:59.272 INFO  rainclassv3.aspect.LogAspect                      :62   [32m102656677861527552[0;39m ------------- å¼€å§‹ -------------
2021-10-11 14:40:59.273 INFO  rainclassv3.aspect.LogAspect                      :63   [32m102656677861527552[0;39m è¯·æ±‚åœ°å€: http://127.0.0.1:9000/class/list GET
2021-10-11 14:40:59.273 INFO  rainclassv3.aspect.LogAspect                      :64   [32m102656677861527552[0;39m ç±»åæ–¹æ³•: rainclassv3.controller.ClassController.list
2021-10-11 14:40:59.274 INFO  rainclassv3.aspect.LogAspect                      :65   [32m102656677861527552[0;39m è¿œç¨‹åœ°å€: 127.0.0.1
2021-10-11 14:40:59.394 INFO  rainclassv3.aspect.LogAspect                      :87   [32m102656677861527552[0;39m è¯·æ±‚å‚æ•°: [{"classname":"","pageNum":1,"pageSize":3}]
2021-10-11 14:41:00.060 INFO  rainclassv3.aspect.LogAspect                      :99   [32m102656677861527552[0;39m è¿”å›ç»“æœ: {"content":{"list":[],"pageNum":1,"pageSize":3,"total":0},"success":true}
2021-10-11 14:41:00.060 INFO  rainclassv3.aspect.LogAspect                      :100  [32m102656677861527552[0;39m ------------- ç»“æŸ è€—æ—¶ï¼š789 ms -------------
2021-10-11 14:41:45.899 INFO  rainclassv3.aspect.LogAspect                      :62   [32m102656873433534464[0;39m ------------- å¼€å§‹ -------------
2021-10-11 14:41:45.899 INFO  rainclassv3.aspect.LogAspect                      :63   [32m102656873433534464[0;39m è¯·æ±‚åœ°å€: http://127.0.0.1:9000/user/login POST
2021-10-11 14:41:45.899 INFO  rainclassv3.aspect.LogAspect                      :64   [32m102656873433534464[0;39m ç±»åæ–¹æ³•: rainclassv3.controller.UserController.login
2021-10-11 14:41:45.900 INFO  rainclassv3.aspect.LogAspect                      :65   [32m102656873433534464[0;39m è¿œç¨‹åœ°å€: 127.0.0.1
2021-10-11 14:41:45.901 INFO  rainclassv3.aspect.LogAspect                      :87   [32m102656873433534464[0;39m è¯·æ±‚å‚æ•°: [{"loginname":"student","role":"student"}]
2021-10-11 14:41:45.903 INFO  rainclassv3.controller.UserController             :53   [32m102656873433534464[0;39m ä¼ å…¥çš„å¯†ç ä¿¡æ¯ä¸º:123
2021-10-11 14:41:45.903 INFO  rainclassv3.service.impl.UserServiceImpl          :63   [32m102656873433534464[0;39m ç™»å½•çš„è§’è‰²ä¸º:student
2021-10-11 14:41:46.004 WARN  rainclassv3.controller.ControllerExceptionHandler :54   [32m102656873433534464[0;39m ä¸šåŠ¡å¼‚å¸¸ï¼šç”¨æˆ·åä¸å­˜åœ¨æˆ–å¯†ç é”™è¯¯
2021-10-11 14:41:46.005 WARN  o.s.w.s.m.m.a.ExceptionHandlerExceptionResolver   :207  [32m102656873433534464[0;39m Resolved [rainclassv3.exception.BusinessException: ç”¨æˆ·åä¸å­˜åœ¨æˆ–å¯†ç é”™è¯¯]
2021-10-11 14:43:01.957 INFO  rainclassv3.aspect.LogAspect                      :62   [32m102657192443908096[0;39m ------------- å¼€å§‹ -------------
2021-10-11 14:43:01.958 INFO  rainclassv3.aspect.LogAspect                      :63   [32m102657192443908096[0;39m è¯·æ±‚åœ°å€: http://127.0.0.1:9000/user/register POST
2021-10-11 14:43:01.958 INFO  rainclassv3.aspect.LogAspect                      :64   [32m102657192443908096[0;39m ç±»åæ–¹æ³•: rainclassv3.controller.UserController.register
2021-10-11 14:43:01.958 INFO  rainclassv3.aspect.LogAspect                      :65   [32m102657192443908096[0;39m è¿œç¨‹åœ°å€: 127.0.0.1
2021-10-11 14:43:01.961 INFO  rainclassv3.aspect.LogAspect                      :87   [32m102657192443908096[0;39m è¯·æ±‚å‚æ•°: [{"loginname":"test","realname":"test"}]
2021-10-11 14:43:02.140 INFO  rainclassv3.aspect.LogAspect                      :99   [32m102657192443908096[0;39m è¿”å›ç»“æœ: {"success":true}
2021-10-11 14:43:02.140 INFO  rainclassv3.aspect.LogAspect                      :100  [32m102657192443908096[0;39m ------------- ç»“æŸ è€—æ—¶ï¼š183 ms -------------
2021-10-11 14:43:35.232 INFO  rainclassv3.aspect.LogAspect                      :62   [32m102657332009373696[0;39m ------------- å¼€å§‹ -------------
2021-10-11 14:43:35.233 INFO  rainclassv3.aspect.LogAspect                      :63   [32m102657332009373696[0;39m è¯·æ±‚åœ°å€: http://127.0.0.1:9000/user/login POST
2021-10-11 14:43:35.233 INFO  rainclassv3.aspect.LogAspect                      :64   [32m102657332009373696[0;39m ç±»åæ–¹æ³•: rainclassv3.controller.UserController.login
2021-10-11 14:43:35.233 INFO  rainclassv3.aspect.LogAspect                      :65   [32m102657332009373696[0;39m è¿œç¨‹åœ°å€: 127.0.0.1
2021-10-11 14:43:35.233 INFO  rainclassv3.aspect.LogAspect                      :87   [32m102657332009373696[0;39m è¯·æ±‚å‚æ•°: [{"loginname":"test","role":"student"}]
2021-10-11 14:43:35.233 INFO  rainclassv3.controller.UserController             :53   [32m102657332009373696[0;39m ä¼ å…¥çš„å¯†ç ä¿¡æ¯ä¸º:test
2021-10-11 14:43:35.234 INFO  rainclassv3.service.impl.UserServiceImpl          :63   [32m102657332009373696[0;39m ç™»å½•çš„è§’è‰²ä¸º:student
2021-10-11 14:43:35.312 INFO  rainclassv3.controller.UserController             :62   [32m102657332009373696[0;39m ç”Ÿæˆçš„ç”¨æˆ· token ä¸º:102657332344918016
2021-10-11 14:43:36.987 INFO  rainclassv3.aspect.LogAspect                      :99   [32m102657332009373696[0;39m è¿”å›ç»“æœ: {"content":{"createtime":1633934581000,"id":102657192481656832,"loginname":"test","realname":"test","role":"student","token":"102657332344918016"},"success":true}
2021-10-11 14:43:36.988 INFO  rainclassv3.aspect.LogAspect                      :100  [32m102657332009373696[0;39m ------------- ç»“æŸ è€—æ—¶ï¼š1756 ms -------------
2021-10-11 14:48:34.347 INFO  rainclassv3.aspect.LogAspect                      :62   [32m102658586588614656[0;39m ------------- å¼€å§‹ -------------
2021-10-11 14:48:34.347 INFO  rainclassv3.aspect.LogAspect                      :63   [32m102658586588614656[0;39m è¯·æ±‚åœ°å€: http://127.0.0.1:9000/class/list GET
2021-10-11 14:48:34.348 INFO  rainclassv3.aspect.LogAspect                      :64   [32m102658586588614656[0;39m ç±»åæ–¹æ³•: rainclassv3.controller.ClassController.list
2021-10-11 14:48:34.348 INFO  rainclassv3.aspect.LogAspect                      :65   [32m102658586588614656[0;39m è¿œç¨‹åœ°å€: 127.0.0.1
2021-10-11 14:48:34.348 INFO  rainclassv3.aspect.LogAspect                      :87   [32m102658586588614656[0;39m è¯·æ±‚å‚æ•°: [{"classname":"","pageNum":1,"pageSize":3}]
2021-10-11 14:48:34.351 INFO  rainclassv3.aspect.LogAspect                      :99   [32m102658586588614656[0;39m è¿”å›ç»“æœ: {"content":{"list":[],"pageNum":1,"pageSize":3,"total":0},"success":true}
2021-10-11 14:48:34.352 INFO  rainclassv3.aspect.LogAspect                      :100  [32m102658586588614656[0;39m ------------- ç»“æŸ è€—æ—¶ï¼š5 ms -------------
2021-10-11 14:48:37.744 INFO  rainclassv3.aspect.LogAspect                      :62   [32m102658600836665344[0;39m ------------- å¼€å§‹ -------------
2021-10-11 14:48:37.745 INFO  rainclassv3.aspect.LogAspect                      :63   [32m102658600836665344[0;39m è¯·æ±‚åœ°å€: http://127.0.0.1:9000/student/myClass GET
2021-10-11 14:48:37.745 INFO  rainclassv3.aspect.LogAspect                      :64   [32m102658600836665344[0;39m ç±»åæ–¹æ³•: rainclassv3.controller.StudentController.getMyClass
2021-10-11 14:48:37.745 INFO  rainclassv3.aspect.LogAspect                      :65   [32m102658600836665344[0;39m è¿œç¨‹åœ°å€: 127.0.0.1
2021-10-11 14:48:37.748 INFO  rainclassv3.aspect.LogAspect                      :87   [32m102658600836665344[0;39m è¯·æ±‚å‚æ•°: [{"classname":"","pageNum":1,"pageSize":3,"studentid":"102657192481656832"}]
2021-10-11 14:48:37.759 INFO  rainclassv3.aspect.LogAspect                      :99   [32m102658600836665344[0;39m è¿”å›ç»“æœ: {"content":{"list":[],"pageNum":1,"pageSize":3,"total":0},"success":true}
2021-10-11 14:48:37.759 INFO  rainclassv3.aspect.LogAspect                      :100  [32m102658600836665344[0;39m ------------- ç»“æŸ è€—æ—¶ï¼š15 ms -------------
2021-10-11 14:48:39.706 INFO  rainclassv3.aspect.LogAspect                      :62   [32m102658609065889792[0;39m ------------- å¼€å§‹ -------------
2021-10-11 14:48:39.706 INFO  rainclassv3.aspect.LogAspect                      :63   [32m102658609065889792[0;39m è¯·æ±‚åœ°å€: http://127.0.0.1:9000/student/myScore GET
2021-10-11 14:48:39.707 INFO  rainclassv3.aspect.LogAspect                      :64   [32m102658609065889792[0;39m ç±»åæ–¹æ³•: rainclassv3.controller.StudentController.myScore
2021-10-11 14:48:39.707 INFO  rainclassv3.aspect.LogAspect                      :65   [32m102658609065889792[0;39m è¿œç¨‹åœ°å€: 127.0.0.1
2021-10-11 14:48:39.708 INFO  rainclassv3.aspect.LogAspect                      :87   [32m102658609065889792[0;39m è¯·æ±‚å‚æ•°: [{"classname":"","pageNum":1,"pageSize":3,"studentid":"102657192481656832"}]
2021-10-11 14:48:39.711 INFO  rainclassv3.controller.StudentController          :108  [32m102658609065889792[0;39m æŸ¥è¯¢åˆ°çš„å­¦ç”Ÿæˆç»©ä¿¡æ¯ä¸º:PageResp(total=0, pageNum=1, pageSize=3, list=[])
2021-10-11 14:48:39.711 INFO  rainclassv3.aspect.LogAspect                      :99   [32m102658609065889792[0;39m è¿”å›ç»“æœ: {"content":{"list":[],"pageNum":1,"pageSize":3,"total":0},"success":true}
2021-10-11 14:48:39.711 INFO  rainclassv3.aspect.LogAspect                      :100  [32m102658609065889792[0;39m ------------- ç»“æŸ è€—æ—¶ï¼š5 ms -------------
2021-10-11 14:49:52.969 INFO  rainclassv3.aspect.LogAspect                      :62   [32m102658916353183744[0;39m ------------- å¼€å§‹ -------------
2021-10-11 14:49:52.969 INFO  rainclassv3.aspect.LogAspect                      :63   [32m102658916353183744[0;39m è¯·æ±‚åœ°å€: http://127.0.0.1:9000/class/list GET
2021-10-11 14:49:52.969 INFO  rainclassv3.aspect.LogAspect                      :64   [32m102658916353183744[0;39m ç±»åæ–¹æ³•: rainclassv3.controller.ClassController.list
2021-10-11 14:49:52.969 INFO  rainclassv3.aspect.LogAspect                      :65   [32m102658916353183744[0;39m è¿œç¨‹åœ°å€: 127.0.0.1
2021-10-11 14:49:52.970 INFO  rainclassv3.aspect.LogAspect                      :87   [32m102658916353183744[0;39m è¯·æ±‚å‚æ•°: [{"classname":"","pageNum":1,"pageSize":3}]
2021-10-11 14:49:52.974 INFO  rainclassv3.aspect.LogAspect                      :99   [32m102658916353183744[0;39m è¿”å›ç»“æœ: {"content":{"list":[],"pageNum":1,"pageSize":3,"total":0},"success":true}
2021-10-11 14:49:52.974 INFO  rainclassv3.aspect.LogAspect                      :100  [32m102658916353183744[0;39m ------------- ç»“æŸ è€—æ—¶ï¼š5 ms -------------
2021-10-11 14:51:37.748 INFO  rainclassv3.aspect.LogAspect                      :62   [32m102659355823968256[0;39m ------------- å¼€å§‹ -------------
2021-10-11 14:51:37.748 INFO  rainclassv3.aspect.LogAspect                      :63   [32m102659355823968256[0;39m è¯·æ±‚åœ°å€: http://127.0.0.1:9000/class/list GET
2021-10-11 14:51:37.748 INFO  rainclassv3.aspect.LogAspect                      :64   [32m102659355823968256[0;39m ç±»åæ–¹æ³•: rainclassv3.controller.ClassController.list
2021-10-11 14:51:37.748 INFO  rainclassv3.aspect.LogAspect                      :65   [32m102659355823968256[0;39m è¿œç¨‹åœ°å€: 127.0.0.1
2021-10-11 14:51:37.749 INFO  rainclassv3.aspect.LogAspect                      :87   [32m102659355823968256[0;39m è¯·æ±‚å‚æ•°: [{"classname":"","pageNum":1,"pageSize":3}]
2021-10-11 14:51:37.753 INFO  rainclassv3.aspect.LogAspect                      :99   [32m102659355823968256[0;39m è¿”å›ç»“æœ: {"content":{"list":[],"pageNum":1,"pageSize":3,"total":0},"success":true}
2021-10-11 14:51:37.753 INFO  rainclassv3.aspect.LogAspect                      :100  [32m102659355823968256[0;39m ------------- ç»“æŸ è€—æ—¶ï¼š6 ms -------------
2021-10-11 14:51:39.884 INFO  rainclassv3.aspect.LogAspect                      :62   [32m102659364787195904[0;39m ------------- å¼€å§‹ -------------
2021-10-11 14:51:39.885 INFO  rainclassv3.aspect.LogAspect                      :63   [32m102659364787195904[0;39m è¯·æ±‚åœ°å€: http://127.0.0.1:9000/class/list GET
2021-10-11 14:51:39.885 INFO  rainclassv3.aspect.LogAspect                      :64   [32m102659364787195904[0;39m ç±»åæ–¹æ³•: rainclassv3.controller.ClassController.list
2021-10-11 14:51:39.885 INFO  rainclassv3.aspect.LogAspect                      :65   [32m102659364787195904[0;39m è¿œç¨‹åœ°å€: 127.0.0.1
2021-10-11 14:51:39.886 INFO  rainclassv3.aspect.LogAspect                      :87   [32m102659364787195904[0;39m è¯·æ±‚å‚æ•°: [{"classname":"","pageNum":1,"pageSize":3}]
2021-10-11 14:51:39.889 INFO  rainclassv3.aspect.LogAspect                      :99   [32m102659364787195904[0;39m è¿”å›ç»“æœ: {"content":{"list":[],"pageNum":1,"pageSize":3,"total":0},"success":true}
2021-10-11 14:51:39.889 INFO  rainclassv3.aspect.LogAspect                      :100  [32m102659364787195904[0;39m ------------- ç»“æŸ è€—æ—¶ï¼š5 ms -------------
2021-10-11 14:54:28.928 INFO  rainclassv3.aspect.LogAspect                      :62   [32m102660073809121280[0;39m ------------- å¼€å§‹ -------------
2021-10-11 14:54:28.968 INFO  rainclassv3.aspect.LogAspect                      :63   [32m102660073809121280[0;39m è¯·æ±‚åœ°å€: http://127.0.0.1:9000/student/myScore GET
2021-10-11 14:54:28.968 INFO  rainclassv3.aspect.LogAspect                      :64   [32m102660073809121280[0;39m ç±»åæ–¹æ³•: rainclassv3.controller.StudentController.myScore
2021-10-11 14:54:28.968 INFO  rainclassv3.aspect.LogAspect                      :65   [32m102660073809121280[0;39m è¿œç¨‹åœ°å€: 127.0.0.1
2021-10-11 14:54:28.968 INFO  rainclassv3.aspect.LogAspect                      :87   [32m102660073809121280[0;39m è¯·æ±‚å‚æ•°: [{"classname":"","pageNum":1,"pageSize":3,"studentid":"102657192481656832"}]
2021-10-11 14:54:28.973 INFO  rainclassv3.controller.StudentController          :108  [32m102660073809121280[0;39m æŸ¥è¯¢åˆ°çš„å­¦ç”Ÿæˆç»©ä¿¡æ¯ä¸º:PageResp(total=0, pageNum=1, pageSize=3, list=[])
2021-10-11 14:54:28.973 INFO  rainclassv3.aspect.LogAspect                      :99   [32m102660073809121280[0;39m è¿”å›ç»“æœ: {"content":{"list":[],"pageNum":1,"pageSize":3,"total":0},"success":true}
2021-10-11 14:54:28.974 INFO  rainclassv3.aspect.LogAspect                      :100  [32m102660073809121280[0;39m ------------- ç»“æŸ è€—æ—¶ï¼š46 ms -------------
2021-10-11 14:54:37.654 INFO  rainclassv3.aspect.LogAspect                      :62   [32m102660110408617984[0;39m ------------- å¼€å§‹ -------------
2021-10-11 14:54:37.655 INFO  rainclassv3.aspect.LogAspect                      :63   [32m102660110408617984[0;39m è¯·æ±‚åœ°å€: http://127.0.0.1:9000/student/myClass GET
2021-10-11 14:54:37.655 INFO  rainclassv3.aspect.LogAspect                      :64   [32m102660110408617984[0;39m ç±»åæ–¹æ³•: rainclassv3.controller.StudentController.getMyClass
2021-10-11 14:54:37.656 INFO  rainclassv3.aspect.LogAspect                      :65   [32m102660110408617984[0;39m è¿œç¨‹åœ°å€: 127.0.0.1
2021-10-11 14:54:37.656 INFO  rainclassv3.aspect.LogAspect                      :87   [32m102660110408617984[0;39m è¯·æ±‚å‚æ•°: [{"classname":"","pageNum":1,"pageSize":3,"studentid":"102657192481656832"}]
2021-10-11 14:54:37.660 INFO  rainclassv3.aspect.LogAspect                      :99   [32m102660110408617984[0;39m è¿”å›ç»“æœ: {"content":{"list":[],"pageNum":1,"pageSize":3,"total":0},"success":true}
2021-10-11 14:54:37.660 INFO  rainclassv3.aspect.LogAspect                      :100  [32m102660110408617984[0;39m ------------- ç»“æŸ è€—æ—¶ï¼š6 ms -------------
2021-10-11 14:54:39.789 INFO  rainclassv3.aspect.LogAspect                      :62   [32m102660119363457024[0;39m ------------- å¼€å§‹ -------------
2021-10-11 14:54:39.790 INFO  rainclassv3.aspect.LogAspect                      :63   [32m102660119363457024[0;39m è¯·æ±‚åœ°å€: http://127.0.0.1:9000/class/list GET
2021-10-11 14:54:39.790 INFO  rainclassv3.aspect.LogAspect                      :64   [32m102660119363457024[0;39m ç±»åæ–¹æ³•: rainclassv3.controller.ClassController.list
2021-10-11 14:54:39.790 INFO  rainclassv3.aspect.LogAspect                      :65   [32m102660119363457024[0;39m è¿œç¨‹åœ°å€: 127.0.0.1
2021-10-11 14:54:39.790 INFO  rainclassv3.aspect.LogAspect                      :87   [32m102660119363457024[0;39m è¯·æ±‚å‚æ•°: [{"classname":"","pageNum":1,"pageSize":3}]
2021-10-11 14:54:39.796 INFO  rainclassv3.aspect.LogAspect                      :99   [32m102660119363457024[0;39m è¿”å›ç»“æœ: {"content":{"list":[],"pageNum":1,"pageSize":3,"total":0},"success":true}
2021-10-11 14:54:39.797 INFO  rainclassv3.aspect.LogAspect                      :100  [32m102660119363457024[0;39m ------------- ç»“æŸ è€—æ—¶ï¼š8 ms -------------
2021-10-11 14:54:46.458 INFO  rainclassv3.aspect.LogAspect                      :62   [32m102660147335270400[0;39m ------------- å¼€å§‹ -------------
2021-10-11 14:54:46.458 INFO  rainclassv3.aspect.LogAspect                      :63   [32m102660147335270400[0;39m è¯·æ±‚åœ°å€: http://127.0.0.1:9000/user/logout/undefined POST
2021-10-11 14:54:46.458 INFO  rainclassv3.aspect.LogAspect                      :64   [32m102660147335270400[0;39m ç±»åæ–¹æ³•: rainclassv3.controller.UserController.logout
2021-10-11 14:54:46.458 INFO  rainclassv3.aspect.LogAspect                      :65   [32m102660147335270400[0;39m è¿œç¨‹åœ°å€: 127.0.0.1
2021-10-11 14:54:46.459 INFO  rainclassv3.aspect.LogAspect                      :87   [32m102660147335270400[0;39m è¯·æ±‚å‚æ•°: ["undefined"]
2021-10-11 14:54:46.523 INFO  rainclassv3.aspect.LogAspect                      :99   [32m102660147335270400[0;39m è¿”å›ç»“æœ: {"success":true}
2021-10-11 14:54:46.523 INFO  rainclassv3.aspect.LogAspect                      :100  [32m102660147335270400[0;39m ------------- ç»“æŸ è€—æ—¶ï¼š65 ms -------------
2021-10-11 14:56:23.193 INFO  rainclassv3.aspect.LogAspect                      :62   [32m102660553071267840[0;39m ------------- å¼€å§‹ -------------
2021-10-11 14:56:23.194 INFO  rainclassv3.aspect.LogAspect                      :63   [32m102660553071267840[0;39m è¯·æ±‚åœ°å€: http://127.0.0.1:9000/user/login POST
2021-10-11 14:56:23.194 INFO  rainclassv3.aspect.LogAspect                      :64   [32m102660553071267840[0;39m ç±»åæ–¹æ³•: rainclassv3.controller.UserController.login
2021-10-11 14:56:23.194 INFO  rainclassv3.aspect.LogAspect                      :65   [32m102660553071267840[0;39m è¿œç¨‹åœ°å€: 127.0.0.1
2021-10-11 14:56:23.194 INFO  rainclassv3.aspect.LogAspect                      :87   [32m102660553071267840[0;39m è¯·æ±‚å‚æ•°: [{"loginname":"admin","role":"teacher"}]
2021-10-11 14:56:23.194 INFO  rainclassv3.controller.UserController             :53   [32m102660553071267840[0;39m ä¼ å…¥çš„å¯†ç ä¿¡æ¯ä¸º:admin
2021-10-11 14:56:23.194 INFO  rainclassv3.service.impl.UserServiceImpl          :63   [32m102660553071267840[0;39m ç™»å½•çš„è§’è‰²ä¸º:teacher
2021-10-11 14:56:23.197 INFO  rainclassv3.service.impl.UserServiceImpl          :86   [32m102660553071267840[0;39m æŸ¥è¯¢å‡ºçš„æ•™å¸ˆä¿¡æ¯ä¸º:[Teacher [Hash = 1663338236, id=1, loginname=admin, realname=admin, password=admin, email=null, createtime=null, logintime=null]]
2021-10-11 14:56:23.231 INFO  rainclassv3.controller.UserController             :62   [32m102660553071267840[0;39m ç”Ÿæˆçš„ç”¨æˆ· token ä¸º:102660553230651392
2021-10-11 14:56:23.237 INFO  rainclassv3.aspect.LogAspect                      :99   [32m102660553071267840[0;39m è¿”å›ç»“æœ: {"content":{"id":1,"loginname":"admin","realname":"admin","role":"teacher","token":"102660553230651392"},"success":true}
2021-10-11 14:56:23.237 INFO  rainclassv3.aspect.LogAspect                      :100  [32m102660553071267840[0;39m ------------- ç»“æŸ è€—æ—¶ï¼š44 ms -------------
2021-10-11 14:56:29.787 INFO  rainclassv3.aspect.LogAspect                      :62   [32m102660580728508416[0;39m ------------- å¼€å§‹ -------------
2021-10-11 14:56:29.788 INFO  rainclassv3.aspect.LogAspect                      :63   [32m102660580728508416[0;39m è¯·æ±‚åœ°å€: http://127.0.0.1:9000/teacher/myClass GET
2021-10-11 14:56:29.788 INFO  rainclassv3.aspect.LogAspect                      :64   [32m102660580728508416[0;39m ç±»åæ–¹æ³•: rainclassv3.controller.TeacherController.myClass
2021-10-11 14:56:29.788 INFO  rainclassv3.aspect.LogAspect                      :65   [32m102660580728508416[0;39m è¿œç¨‹åœ°å€: 127.0.0.1
2021-10-11 14:56:29.791 INFO  rainclassv3.aspect.LogAspect                      :87   [32m102660580728508416[0;39m è¯·æ±‚å‚æ•°: [{"classname":"","pageNum":1,"pageSize":3,"teacherid":"1"}]
2021-10-11 14:56:29.898 INFO  rainclassv3.aspect.LogAspect                      :99   [32m102660580728508416[0;39m è¿”å›ç»“æœ: {"content":{"list":[],"pageNum":1,"pageSize":3,"total":0},"success":true}
2021-10-11 14:56:29.899 INFO  rainclassv3.aspect.LogAspect                      :100  [32m102660580728508416[0;39m ------------- ç»“æŸ è€—æ—¶ï¼š112 ms -------------
2021-10-11 14:56:34.233 INFO  rainclassv3.aspect.LogAspect                      :62   [32m102660599376384000[0;39m ------------- å¼€å§‹ -------------
2021-10-11 14:56:34.233 INFO  rainclassv3.aspect.LogAspect                      :63   [32m102660599376384000[0;39m è¯·æ±‚åœ°å€: http://127.0.0.1:9000/class/list GET
2021-10-11 14:56:34.234 INFO  rainclassv3.aspect.LogAspect                      :64   [32m102660599376384000[0;39m ç±»åæ–¹æ³•: rainclassv3.controller.ClassController.list
2021-10-11 14:56:34.234 INFO  rainclassv3.aspect.LogAspect                      :65   [32m102660599376384000[0;39m è¿œç¨‹åœ°å€: 127.0.0.1
2021-10-11 14:56:34.234 INFO  rainclassv3.aspect.LogAspect                      :87   [32m102660599376384000[0;39m è¯·æ±‚å‚æ•°: [{"classname":"","pageNum":1,"pageSize":3}]
2021-10-11 14:56:34.239 INFO  rainclassv3.aspect.LogAspect                      :99   [32m102660599376384000[0;39m è¿”å›ç»“æœ: {"content":{"list":[],"pageNum":1,"pageSize":3,"total":0},"success":true}
2021-10-11 14:56:34.240 INFO  rainclassv3.aspect.LogAspect                      :100  [32m102660599376384000[0;39m ------------- ç»“æŸ è€—æ—¶ï¼š7 ms -------------
2021-10-11 14:56:41.967 INFO  rainclassv3.aspect.LogAspect                      :62   [32m102660631815131136[0;39m ------------- å¼€å§‹ -------------
2021-10-11 14:56:41.967 INFO  rainclassv3.aspect.LogAspect                      :63   [32m102660631815131136[0;39m è¯·æ±‚åœ°å€: http://127.0.0.1:9000/class/list GET
2021-10-11 14:56:41.967 INFO  rainclassv3.aspect.LogAspect                      :64   [32m102660631815131136[0;39m ç±»åæ–¹æ³•: rainclassv3.controller.ClassController.list
2021-10-11 14:56:41.968 INFO  rainclassv3.aspect.LogAspect                      :65   [32m102660631815131136[0;39m è¿œç¨‹åœ°å€: 127.0.0.1
2021-10-11 14:56:41.968 INFO  rainclassv3.aspect.LogAspect                      :87   [32m102660631815131136[0;39m è¯·æ±‚å‚æ•°: [{"classname":"","pageNum":1,"pageSize":3}]
2021-10-11 14:56:41.972 INFO  rainclassv3.aspect.LogAspect                      :99   [32m102660631815131136[0;39m è¿”å›ç»“æœ: {"content":{"list":[],"pageNum":1,"pageSize":3,"total":0},"success":true}
2021-10-11 14:56:41.973 INFO  rainclassv3.aspect.LogAspect                      :100  [32m102660631815131136[0;39m ------------- ç»“æŸ è€—æ—¶ï¼š7 ms -------------
2021-10-11 14:56:44.869 INFO  rainclassv3.aspect.LogAspect                      :62   [32m102660643987001344[0;39m ------------- å¼€å§‹ -------------
2021-10-11 14:56:44.869 INFO  rainclassv3.aspect.LogAspect                      :63   [32m102660643987001344[0;39m è¯·æ±‚åœ°å€: http://127.0.0.1:9000/teacher/myClass GET
2021-10-11 14:56:44.869 INFO  rainclassv3.aspect.LogAspect                      :64   [32m102660643987001344[0;39m ç±»åæ–¹æ³•: rainclassv3.controller.TeacherController.myClass
2021-10-11 14:56:44.870 INFO  rainclassv3.aspect.LogAspect                      :65   [32m102660643987001344[0;39m è¿œç¨‹åœ°å€: 127.0.0.1
2021-10-11 14:56:44.870 INFO  rainclassv3.aspect.LogAspect                      :87   [32m102660643987001344[0;39m è¯·æ±‚å‚æ•°: [{"classname":"","pageNum":1,"pageSize":3,"teacherid":"1"}]
2021-10-11 14:56:44.875 INFO  rainclassv3.aspect.LogAspect                      :99   [32m102660643987001344[0;39m è¿”å›ç»“æœ: {"content":{"list":[],"pageNum":1,"pageSize":3,"total":0},"success":true}
2021-10-11 14:56:44.876 INFO  rainclassv3.aspect.LogAspect                      :100  [32m102660643987001344[0;39m ------------- ç»“æŸ è€—æ—¶ï¼š7 ms -------------
2021-10-11 14:56:52.854 INFO  rainclassv3.aspect.LogAspect                      :62   [32m102660677478518784[0;39m ------------- å¼€å§‹ -------------
2021-10-11 14:56:52.855 INFO  rainclassv3.aspect.LogAspect                      :63   [32m102660677478518784[0;39m è¯·æ±‚åœ°å€: http://127.0.0.1:9000/teacher/myClass GET
2021-10-11 14:56:52.855 INFO  rainclassv3.aspect.LogAspect                      :64   [32m102660677478518784[0;39m ç±»åæ–¹æ³•: rainclassv3.controller.TeacherController.myClass
2021-10-11 14:56:52.855 INFO  rainclassv3.aspect.LogAspect                      :65   [32m102660677478518784[0;39m è¿œç¨‹åœ°å€: 127.0.0.1
2021-10-11 14:56:52.855 INFO  rainclassv3.aspect.LogAspect                      :87   [32m102660677478518784[0;39m è¯·æ±‚å‚æ•°: [{"classname":"","pageNum":1,"pageSize":3,"teacherid":"1"}]
2021-10-11 14:56:52.861 INFO  rainclassv3.aspect.LogAspect                      :99   [32m102660677478518784[0;39m è¿”å›ç»“æœ: {"content":{"list":[],"pageNum":1,"pageSize":3,"total":0},"success":true}
2021-10-11 14:56:52.861 INFO  rainclassv3.aspect.LogAspect                      :100  [32m102660677478518784[0;39m ------------- ç»“æŸ è€—æ—¶ï¼š7 ms -------------
2021-10-11 14:57:13.357 INFO  rainclassv3.aspect.LogAspect                      :62   [32m102660763474333696[0;39m ------------- å¼€å§‹ -------------
2021-10-11 14:57:13.358 INFO  rainclassv3.aspect.LogAspect                      :63   [32m102660763474333696[0;39m è¯·æ±‚åœ°å€: http://127.0.0.1:9000/user/logout/undefined POST
2021-10-11 14:57:13.358 INFO  rainclassv3.aspect.LogAspect                      :64   [32m102660763474333696[0;39m ç±»åæ–¹æ³•: rainclassv3.controller.UserController.logout
2021-10-11 14:57:13.358 INFO  rainclassv3.aspect.LogAspect                      :65   [32m102660763474333696[0;39m è¿œç¨‹åœ°å€: 127.0.0.1
2021-10-11 14:57:13.358 INFO  rainclassv3.aspect.LogAspect                      :87   [32m102660763474333696[0;39m è¯·æ±‚å‚æ•°: ["undefined"]
2021-10-11 14:57:13.359 INFO  rainclassv3.aspect.LogAspect                      :99   [32m102660763474333696[0;39m è¿”å›ç»“æœ: {"success":true}
2021-10-11 14:57:13.359 INFO  rainclassv3.aspect.LogAspect                      :100  [32m102660763474333696[0;39m ------------- ç»“æŸ è€—æ—¶ï¼š2 ms -------------
2021-10-11 14:57:13.418 INFO  rainclassv3.aspect.LogAspect                      :62   [32m102660763730186240[0;39m ------------- å¼€å§‹ -------------
2021-10-11 14:57:13.419 INFO  rainclassv3.aspect.LogAspect                      :63   [32m102660763730186240[0;39m è¯·æ±‚åœ°å€: http://127.0.0.1:9000/class/list GET
2021-10-11 14:57:13.419 INFO  rainclassv3.aspect.LogAspect                      :64   [32m102660763730186240[0;39m ç±»åæ–¹æ³•: rainclassv3.controller.ClassController.list
2021-10-11 14:57:13.419 INFO  rainclassv3.aspect.LogAspect                      :65   [32m102660763730186240[0;39m è¿œç¨‹åœ°å€: 127.0.0.1
2021-10-11 14:57:13.420 INFO  rainclassv3.aspect.LogAspect                      :87   [32m102660763730186240[0;39m è¯·æ±‚å‚æ•°: [{"classname":"","pageNum":1,"pageSize":3}]
2021-10-11 14:57:13.426 INFO  rainclassv3.aspect.LogAspect                      :99   [32m102660763730186240[0;39m è¿”å›ç»“æœ: {"content":{"list":[],"pageNum":1,"pageSize":3,"total":0},"success":true}
2021-10-11 14:57:13.427 INFO  rainclassv3.aspect.LogAspect                      :100  [32m102660763730186240[0;39m ------------- ç»“æŸ è€—æ—¶ï¼š9 ms -------------
2021-10-11 14:57:24.479 INFO  rainclassv3.aspect.LogAspect                      :62   [32m102660810123382784[0;39m ------------- å¼€å§‹ -------------
2021-10-11 14:57:24.480 INFO  rainclassv3.aspect.LogAspect                      :63   [32m102660810123382784[0;39m è¯·æ±‚åœ°å€: http://127.0.0.1:9000/user/login POST
2021-10-11 14:57:24.480 INFO  rainclassv3.aspect.LogAspect                      :64   [32m102660810123382784[0;39m ç±»åæ–¹æ³•: rainclassv3.controller.UserController.login
2021-10-11 14:57:24.480 INFO  rainclassv3.aspect.LogAspect                      :65   [32m102660810123382784[0;39m è¿œç¨‹åœ°å€: 127.0.0.1
2021-10-11 14:57:24.480 INFO  rainclassv3.aspect.LogAspect                      :87   [32m102660810123382784[0;39m è¯·æ±‚å‚æ•°: [{"loginname":"admin","role":"admin"}]
2021-10-11 14:57:24.480 INFO  rainclassv3.controller.UserController             :53   [32m102660810123382784[0;39m ä¼ å…¥çš„å¯†ç ä¿¡æ¯ä¸º:admin
2021-10-11 14:57:24.480 INFO  rainclassv3.service.impl.UserServiceImpl          :63   [32m102660810123382784[0;39m ç™»å½•çš„è§’è‰²ä¸º:admin
2021-10-11 14:57:24.536 INFO  rainclassv3.controller.UserController             :62   [32m102660810123382784[0;39m ç”Ÿæˆçš„ç”¨æˆ· token ä¸º:102660810362458112
2021-10-11 14:57:24.539 INFO  rainclassv3.aspect.LogAspect                      :99   [32m102660810123382784[0;39m è¿”å›ç»“æœ: {"content":{"id":1,"loginname":"admin","realname":"admin","role":"admin","token":"102660810362458112"},"success":true}
2021-10-11 14:57:24.539 INFO  rainclassv3.aspect.LogAspect                      :100  [32m102660810123382784[0;39m ------------- ç»“æŸ è€—æ—¶ï¼š60 ms -------------
2021-10-11 14:58:30.722 INFO  rainclassv3.aspect.LogAspect                      :62   [32m102661087966662656[0;39m ------------- å¼€å§‹ -------------
2021-10-11 14:58:30.722 INFO  rainclassv3.aspect.LogAspect                      :63   [32m102661087966662656[0;39m è¯·æ±‚åœ°å€: http://127.0.0.1:9000/class/list GET
2021-10-11 14:58:30.722 INFO  rainclassv3.aspect.LogAspect                      :64   [32m102661087966662656[0;39m ç±»åæ–¹æ³•: rainclassv3.controller.ClassController.list
2021-10-11 14:58:30.722 INFO  rainclassv3.aspect.LogAspect                      :65   [32m102661087966662656[0;39m è¿œç¨‹åœ°å€: 127.0.0.1
2021-10-11 14:58:30.723 INFO  rainclassv3.aspect.LogAspect                      :87   [32m102661087966662656[0;39m è¯·æ±‚å‚æ•°: [{"classname":"","pageNum":1,"pageSize":3}]
2021-10-11 14:58:30.726 INFO  rainclassv3.aspect.LogAspect                      :99   [32m102661087966662656[0;39m è¿”å›ç»“æœ: {"content":{"list":[],"pageNum":1,"pageSize":3,"total":0},"success":true}
2021-10-11 14:58:30.726 INFO  rainclassv3.aspect.LogAspect                      :100  [32m102661087966662656[0;39m ------------- ç»“æŸ è€—æ—¶ï¼š4 ms -------------
2021-10-11 14:58:32.490 INFO  rainclassv3.aspect.LogAspect                      :62   [32m102661095382192128[0;39m ------------- å¼€å§‹ -------------
2021-10-11 14:58:32.490 INFO  rainclassv3.aspect.LogAspect                      :63   [32m102661095382192128[0;39m è¯·æ±‚åœ°å€: http://127.0.0.1:9000/teacher/getAll GET
2021-10-11 14:58:32.490 INFO  rainclassv3.aspect.LogAspect                      :64   [32m102661095382192128[0;39m ç±»åæ–¹æ³•: rainclassv3.controller.TeacherController.getAll
2021-10-11 14:58:32.491 INFO  rainclassv3.aspect.LogAspect                      :65   [32m102661095382192128[0;39m è¿œç¨‹åœ°å€: 127.0.0.1
2021-10-11 14:58:32.491 INFO  rainclassv3.aspect.LogAspect                      :87   [32m102661095382192128[0;39m è¯·æ±‚å‚æ•°: []
2021-10-11 14:58:32.495 INFO  rainclassv3.aspect.LogAspect                      :99   [32m102661095382192128[0;39m è¿”å›ç»“æœ: {"content":[{"id":1,"loginname":"admin","realname":"admin"}],"success":true}
2021-10-11 14:58:32.495 INFO  rainclassv3.aspect.LogAspect                      :100  [32m102661095382192128[0;39m ------------- ç»“æŸ è€—æ—¶ï¼š5 ms -------------
2021-10-11 14:58:41.891 INFO  rainclassv3.aspect.LogAspect                      :62   [32m102661134812844032[0;39m ------------- å¼€å§‹ -------------
2021-10-11 14:58:41.891 INFO  rainclassv3.aspect.LogAspect                      :63   [32m102661134812844032[0;39m è¯·æ±‚åœ°å€: http://127.0.0.1:9000/class/uploadPic POST
2021-10-11 14:58:41.891 INFO  rainclassv3.aspect.LogAspect                      :64   [32m102661134812844032[0;39m ç±»åæ–¹æ³•: rainclassv3.controller.ClassController.uploadPic
2021-10-11 14:58:41.891 INFO  rainclassv3.aspect.LogAspect                      :65   [32m102661134812844032[0;39m è¿œç¨‹åœ°å€: 127.0.0.1
2021-10-11 14:58:41.892 INFO  rainclassv3.aspect.LogAspect                      :87   [32m102661134812844032[0;39m è¯·æ±‚å‚æ•°: [null]
2021-10-11 14:58:41.892 INFO  rainclassv3.service.impl.ClassServiceImpl         :172  [32m102661134812844032[0;39m è·å–çš„æ–‡ä»¶åä¸º:å¾®ä¿¡å›¾ç‰‡_20210930104625.jpg
2021-10-11 14:58:41.892 INFO  rainclassv3.service.impl.ClassServiceImpl         :178  [32m102661134812844032[0;39m è·å–çš„æ–‡ä»¶åç¼€ä¸º:.jpg
2021-10-11 14:58:41.927 INFO  rainclassv3.aspect.LogAspect                      :99   [32m102661134812844032[0;39m è¿”å›ç»“æœ: {"content":{"path":"102661134905118720.jpg","showPath":"http://rainclass.faroz.top/disPic/102661134905118720.jpg"},"success":true}
2021-10-11 14:58:41.928 INFO  rainclassv3.aspect.LogAspect                      :100  [32m102661134812844032[0;39m ------------- ç»“æŸ è€—æ—¶ï¼š37 ms -------------
2021-10-11 14:59:19.597 INFO  rainclassv3.aspect.LogAspect                      :62   [32m102661292959076352[0;39m ------------- å¼€å§‹ -------------
2021-10-11 14:59:19.597 INFO  rainclassv3.aspect.LogAspect                      :63   [32m102661292959076352[0;39m è¯·æ±‚åœ°å€: http://127.0.0.1:9000/class/save POST
2021-10-11 14:59:19.597 INFO  rainclassv3.aspect.LogAspect                      :64   [32m102661292959076352[0;39m ç±»åæ–¹æ³•: rainclassv3.controller.ClassController.save
2021-10-11 14:59:19.597 INFO  rainclassv3.aspect.LogAspect                      :65   [32m102661292959076352[0;39m è¿œç¨‹åœ°å€: 127.0.0.1
2021-10-11 14:59:19.599 INFO  rainclassv3.aspect.LogAspect                      :87   [32m102661292959076352[0;39m è¯·æ±‚å‚æ•°: [{"classname":"tset","code":"","credit":1,"desc":"asdgasdg","notice":"","path":"102661134905118720.jpg","place":"","starttime":"","teacherid":1,"type":"ä¸“ä¸šä¸»å¹²è¯¾"}]
2021-10-11 14:59:19.647 INFO  rainclassv3.aspect.LogAspect                      :99   [32m102661292959076352[0;39m è¿”å›ç»“æœ: {"success":true}
2021-10-11 14:59:19.648 INFO  rainclassv3.aspect.LogAspect                      :100  [32m102661292959076352[0;39m ------------- ç»“æŸ è€—æ—¶ï¼š52 ms -------------
2021-10-11 14:59:19.676 INFO  rainclassv3.aspect.LogAspect                      :62   [32m102661293294620672[0;39m ------------- å¼€å§‹ -------------
2021-10-11 14:59:19.676 INFO  rainclassv3.aspect.LogAspect                      :63   [32m102661293294620672[0;39m è¯·æ±‚åœ°å€: http://127.0.0.1:9000/class/list GET
2021-10-11 14:59:19.676 INFO  rainclassv3.aspect.LogAspect                      :64   [32m102661293294620672[0;39m ç±»åæ–¹æ³•: rainclassv3.controller.ClassController.list
2021-10-11 14:59:19.677 INFO  rainclassv3.aspect.LogAspect                      :65   [32m102661293294620672[0;39m è¿œç¨‹åœ°å€: 127.0.0.1
2021-10-11 14:59:19.677 INFO  rainclassv3.aspect.LogAspect                      :87   [32m102661293294620672[0;39m è¯·æ±‚å‚æ•°: [{"classname":"","pageNum":1,"pageSize":3}]
2021-10-11 14:59:19.689 INFO  rainclassv3.aspect.LogAspect                      :99   [32m102661293294620672[0;39m è¿”å›ç»“æœ: {"content":{"list":[{"classname":"tset","code":"","credit":1,"desc":"asdgasdg","id":102661292975853568,"notice":"","path":"102661134905118720.jpg","place":"","starttime":"","teacher":{"id":1,"loginname":"admin","realname":"admin"},"teacherid":1,"type":"ä¸“ä¸šä¸»å¹²è¯¾"}],"pageNum":1,"pageSize":3,"total":1},"success":true}
2021-10-11 14:59:19.689 INFO  rainclassv3.aspect.LogAspect                      :100  [32m102661293294620672[0;39m ------------- ç»“æŸ è€—æ—¶ï¼š13 ms -------------
2021-10-11 15:23:31.327 INFO  rainclassv3.aspect.LogAspect                      :62   [32m102667381939245056[0;39m ------------- å¼€å§‹ -------------
2021-10-11 15:23:31.397 INFO  rainclassv3.aspect.LogAspect                      :63   [32m102667381939245056[0;39m è¯·æ±‚åœ°å€: http://127.0.0.1:9000/class/list GET
2021-10-11 15:23:31.398 INFO  rainclassv3.aspect.LogAspect                      :64   [32m102667381939245056[0;39m ç±»åæ–¹æ³•: rainclassv3.controller.ClassController.list
2021-10-11 15:23:31.398 INFO  rainclassv3.aspect.LogAspect                      :65   [32m102667381939245056[0;39m è¿œç¨‹åœ°å€: 127.0.0.1
2021-10-11 15:23:31.425 INFO  rainclassv3.aspect.LogAspect                      :87   [32m102667381939245056[0;39m è¯·æ±‚å‚æ•°: [{"classname":"","pageNum":1,"pageSize":3}]
2021-10-11 15:23:31.685 INFO  rainclassv3.aspect.LogAspect                      :99   [32m102667381939245056[0;39m è¿”å›ç»“æœ: {"content":{"list":[{"classname":"tset","code":"","credit":1,"desc":"asdgasdg","id":102661292975853568,"notice":"","path":"102661134905118720.jpg","place":"","starttime":"","teacher":{"id":1,"loginname":"admin","realname":"admin"},"teacherid":1,"type":"ä¸“ä¸šä¸»å¹²è¯¾"}],"pageNum":1,"pageSize":3,"total":1},"success":true}
2021-10-11 15:23:31.685 INFO  rainclassv3.aspect.LogAspect                      :100  [32m102667381939245056[0;39m ------------- ç»“æŸ è€—æ—¶ï¼š363 ms -------------
2021-10-11 15:36:03.482 INFO  rainclassv3.aspect.LogAspect                      :62   [32m102670536726941696[0;39m ------------- å¼€å§‹ -------------
2021-10-11 15:36:03.483 INFO  rainclassv3.aspect.LogAspect                      :63   [32m102670536726941696[0;39m è¯·æ±‚åœ°å€: http://127.0.0.1:9000/teacher/getAll GET
2021-10-11 15:36:03.483 INFO  rainclassv3.aspect.LogAspect                      :64   [32m102670536726941696[0;39m ç±»åæ–¹æ³•: rainclassv3.controller.TeacherController.getAll
2021-10-11 15:36:03.483 INFO  rainclassv3.aspect.LogAspect                      :65   [32m102670536726941696[0;39m è¿œç¨‹åœ°å€: 127.0.0.1
2021-10-11 15:36:03.483 INFO  rainclassv3.aspect.LogAspect                      :87   [32m102670536726941696[0;39m è¯·æ±‚å‚æ•°: []
2021-10-11 15:36:03.532 INFO  rainclassv3.aspect.LogAspect                      :99   [32m102670536726941696[0;39m è¿”å›ç»“æœ: {"content":[{"id":1,"loginname":"admin","realname":"admin"}],"success":true}
2021-10-11 15:36:03.533 INFO  rainclassv3.aspect.LogAspect                      :100  [32m102670536726941696[0;39m ------------- ç»“æŸ è€—æ—¶ï¼š51 ms -------------
2021-10-11 15:38:44.815 INFO  rainclassv3.aspect.LogAspect                      :62   [32m102671213406588928[0;39m ------------- å¼€å§‹ -------------
2021-10-11 15:38:44.818 INFO  rainclassv3.aspect.LogAspect                      :63   [32m102671213406588928[0;39m è¯·æ±‚åœ°å€: http://127.0.0.1:9000/class/save POST
2021-10-11 15:38:44.818 INFO  rainclassv3.aspect.LogAspect                      :64   [32m102671213406588928[0;39m ç±»åæ–¹æ³•: rainclassv3.controller.ClassController.save
2021-10-11 15:38:44.818 INFO  rainclassv3.aspect.LogAspect                      :65   [32m102671213406588928[0;39m è¿œç¨‹åœ°å€: 127.0.0.1
2021-10-11 15:38:44.818 INFO  rainclassv3.aspect.LogAspect                      :87   [32m102671213406588928[0;39m è¯·æ±‚å‚æ•°: [{"classname":"","code":"","desc":"","notice":"","path":"","place":"","starttime":"","type":"åšé›…è¯¾"}]
2021-10-11 15:38:45.088 INFO  rainclassv3.aspect.LogAspect                      :99   [32m102671213406588928[0;39m è¿”å›ç»“æœ: {"success":true}
2021-10-11 15:38:45.089 INFO  rainclassv3.aspect.LogAspect                      :100  [32m102671213406588928[0;39m ------------- ç»“æŸ è€—æ—¶ï¼š274 ms -------------
2021-10-11 15:38:45.219 INFO  rainclassv3.aspect.LogAspect                      :62   [32m102671215101087744[0;39m ------------- å¼€å§‹ -------------
2021-10-11 15:38:45.220 INFO  rainclassv3.aspect.LogAspect                      :63   [32m102671215101087744[0;39m è¯·æ±‚åœ°å€: http://127.0.0.1:9000/class/list GET
2021-10-11 15:38:45.220 INFO  rainclassv3.aspect.LogAspect                      :64   [32m102671215101087744[0;39m ç±»åæ–¹æ³•: rainclassv3.controller.ClassController.list
2021-10-11 15:38:45.220 INFO  rainclassv3.aspect.LogAspect                      :65   [32m102671215101087744[0;39m è¿œç¨‹åœ°å€: 127.0.0.1
2021-10-11 15:38:45.221 INFO  rainclassv3.aspect.LogAspect                      :87   [32m102671215101087744[0;39m è¯·æ±‚å‚æ•°: [{"classname":"","pageNum":1,"pageSize":3}]
2021-10-11 15:38:45.646 INFO  rainclassv3.aspect.LogAspect                      :99   [32m102671215101087744[0;39m è¿”å›ç»“æœ: {"content":{"list":[{"classname":"tset","code":"","credit":1,"desc":"asdgasdg","id":102661292975853568,"notice":"","path":"102661134905118720.jpg","place":"","starttime":"","teacher":{"id":1,"loginname":"admin","realname":"admin"},"teacherid":1,"type":"ä¸“ä¸šä¸»å¹²è¯¾"},{"classname":"","code":"","desc":"","id":102671213423366144,"notice":"","path":"","place":"","starttime":"","type":"åšé›…è¯¾"}],"pageNum":1,"pageSize":3,"total":2},"success":true}
2021-10-11 15:38:45.647 INFO  rainclassv3.aspect.LogAspect                      :100  [32m102671215101087744[0;39m ------------- ç»“æŸ è€—æ—¶ï¼š428 ms -------------
2021-10-11 15:39:51.812 INFO  rainclassv3.aspect.LogAspect                      :62   [32m102671494412374016[0;39m ------------- å¼€å§‹ -------------
2021-10-11 15:39:51.812 INFO  rainclassv3.aspect.LogAspect                      :63   [32m102671494412374016[0;39m è¯·æ±‚åœ°å€: http://127.0.0.1:9000/class/list GET
2021-10-11 15:39:51.813 INFO  rainclassv3.aspect.LogAspect                      :64   [32m102671494412374016[0;39m ç±»åæ–¹æ³•: rainclassv3.controller.ClassController.list
2021-10-11 15:39:51.813 INFO  rainclassv3.aspect.LogAspect                      :65   [32m102671494412374016[0;39m è¿œç¨‹åœ°å€: 127.0.0.1
2021-10-11 15:39:51.813 INFO  rainclassv3.aspect.LogAspect                      :87   [32m102671494412374016[0;39m è¯·æ±‚å‚æ•°: [{"classname":"","pageNum":1,"pageSize":3}]
2021-10-11 15:39:51.872 INFO  rainclassv3.aspect.LogAspect                      :99   [32m102671494412374016[0;39m è¿”å›ç»“æœ: {"content":{"list":[{"classname":"tset","code":"","credit":1,"desc":"asdgasdg","id":102661292975853568,"notice":"","path":"102661134905118720.jpg","place":"","starttime":"","teacher":{"id":1,"loginname":"admin","realname":"admin"},"teacherid":1,"type":"ä¸“ä¸šä¸»å¹²è¯¾"},{"classname":"","code":"","desc":"","id":102671213423366144,"notice":"","path":"","place":"","starttime":"","type":"åšé›…è¯¾"}],"pageNum":1,"pageSize":3,"total":2},"success":true}
2021-10-11 15:39:51.872 INFO  rainclassv3.aspect.LogAspect                      :100  [32m102671494412374016[0;39m ------------- ç»“æŸ è€—æ—¶ï¼š60 ms -------------
2021-10-11 15:40:00.971 INFO  rainclassv3.aspect.LogAspect                      :62   [32m102671532828004352[0;39m ------------- å¼€å§‹ -------------
2021-10-11 15:40:00.972 INFO  rainclassv3.aspect.LogAspect                      :63   [32m102671532828004352[0;39m è¯·æ±‚åœ°å€: http://127.0.0.1:9000/class/selectById/102661292975853568 GET
2021-10-11 15:40:00.973 INFO  rainclassv3.aspect.LogAspect                      :64   [32m102671532828004352[0;39m ç±»åæ–¹æ³•: rainclassv3.controller.ClassController.selectById
2021-10-11 15:40:00.974 INFO  rainclassv3.aspect.LogAspect                      :65   [32m102671532828004352[0;39m è¿œç¨‹åœ°å€: 127.0.0.1
2021-10-11 15:40:00.975 INFO  rainclassv3.aspect.LogAspect                      :87   [32m102671532828004352[0;39m è¯·æ±‚å‚æ•°: ["102661292975853568"]
2021-10-11 15:40:01.084 INFO  rainclassv3.aspect.LogAspect                      :99   [32m102671532828004352[0;39m è¿”å›ç»“æœ: {"content":{"classname":"tset","code":"","credit":1,"desc":"asdgasdg","id":102661292975853568,"notice":"","path":"102661134905118720.jpg","place":"","starttime":"","teacher":{"id":1,"loginname":"admin","realname":"admin"},"teacherid":1,"type":"ä¸“ä¸šä¸»å¹²è¯¾"},"success":true}
2021-10-11 15:40:01.084 INFO  rainclassv3.aspect.LogAspect                      :100  [32m102671532828004352[0;39m ------------- ç»“æŸ è€—æ—¶ï¼š113 ms -------------
2021-10-11 15:40:14.390 INFO  rainclassv3.aspect.LogAspect                      :62   [32m102671589107175424[0;39m ------------- å¼€å§‹ -------------
2021-10-11 15:40:14.390 INFO  rainclassv3.aspect.LogAspect                      :63   [32m102671589107175424[0;39m è¯·æ±‚åœ°å€: http://127.0.0.1:9000/class/list GET
2021-10-11 15:40:14.390 INFO  rainclassv3.aspect.LogAspect                      :64   [32m102671589107175424[0;39m ç±»åæ–¹æ³•: rainclassv3.controller.ClassController.list
2021-10-11 15:40:14.391 INFO  rainclassv3.aspect.LogAspect                      :65   [32m102671589107175424[0;39m è¿œç¨‹åœ°å€: 127.0.0.1
2021-10-11 15:40:14.391 INFO  rainclassv3.aspect.LogAspect                      :87   [32m102671589107175424[0;39m è¯·æ±‚å‚æ•°: [{"classname":"","pageNum":1,"pageSize":3}]
2021-10-11 15:40:14.497 INFO  rainclassv3.aspect.LogAspect                      :99   [32m102671589107175424[0;39m è¿”å›ç»“æœ: {"content":{"list":[{"classname":"tset","code":"","credit":1,"desc":"asdgasdg","id":102661292975853568,"notice":"","path":"102661134905118720.jpg","place":"","starttime":"","teacher":{"id":1,"loginname":"admin","realname":"admin"},"teacherid":1,"type":"ä¸“ä¸šä¸»å¹²è¯¾"},{"classname":"","code":"","desc":"","id":102671213423366144,"notice":"","path":"","place":"","starttime":"","type":"åšé›…è¯¾"}],"pageNum":1,"pageSize":3,"total":2},"success":true}
2021-10-11 15:40:14.498 INFO  rainclassv3.aspect.LogAspect                      :100  [32m102671589107175424[0;39m ------------- ç»“æŸ è€—æ—¶ï¼š109 ms -------------
2021-10-11 15:40:21.740 INFO  rainclassv3.aspect.LogAspect                      :62   [32m102671619939504128[0;39m ------------- å¼€å§‹ -------------
2021-10-11 15:40:21.740 INFO  rainclassv3.aspect.LogAspect                      :63   [32m102671619939504128[0;39m è¯·æ±‚åœ°å€: http://127.0.0.1:9000/class/selectById/102661292975853568 GET
2021-10-11 15:40:21.741 INFO  rainclassv3.aspect.LogAspect                      :64   [32m102671619939504128[0;39m ç±»åæ–¹æ³•: rainclassv3.controller.ClassController.selectById
2021-10-11 15:40:21.741 INFO  rainclassv3.aspect.LogAspect                      :65   [32m102671619939504128[0;39m è¿œç¨‹åœ°å€: 127.0.0.1
2021-10-11 15:40:21.741 INFO  rainclassv3.aspect.LogAspect                      :87   [32m102671619939504128[0;39m è¯·æ±‚å‚æ•°: ["102661292975853568"]
2021-10-11 15:40:21.749 INFO  rainclassv3.aspect.LogAspect                      :99   [32m102671619939504128[0;39m è¿”å›ç»“æœ: {"content":{"classname":"tset","code":"","credit":1,"desc":"asdgasdg","id":102661292975853568,"notice":"","path":"102661134905118720.jpg","place":"","starttime":"","teacher":{"id":1,"loginname":"admin","realname":"admin"},"teacherid":1,"type":"ä¸“ä¸šä¸»å¹²è¯¾"},"success":true}
2021-10-11 15:40:21.749 INFO  rainclassv3.aspect.LogAspect                      :100  [32m102671619939504128[0;39m ------------- ç»“æŸ è€—æ—¶ï¼š9 ms -------------
2021-10-11 15:40:29.288 INFO  rainclassv3.aspect.LogAspect                      :62   [32m102671651598110720[0;39m ------------- å¼€å§‹ -------------
2021-10-11 15:40:29.288 INFO  rainclassv3.aspect.LogAspect                      :63   [32m102671651598110720[0;39m è¯·æ±‚åœ°å€: http://127.0.0.1:9000/class/list GET
2021-10-11 15:40:29.289 INFO  rainclassv3.aspect.LogAspect                      :64   [32m102671651598110720[0;39m ç±»åæ–¹æ³•: rainclassv3.controller.ClassController.list
2021-10-11 15:40:29.289 INFO  rainclassv3.aspect.LogAspect                      :65   [32m102671651598110720[0;39m è¿œç¨‹åœ°å€: 127.0.0.1
2021-10-11 15:40:29.289 INFO  rainclassv3.aspect.LogAspect                      :87   [32m102671651598110720[0;39m è¯·æ±‚å‚æ•°: [{"classname":"","pageNum":1,"pageSize":3}]
2021-10-11 15:40:29.302 INFO  rainclassv3.aspect.LogAspect                      :99   [32m102671651598110720[0;39m è¿”å›ç»“æœ: {"content":{"list":[{"classname":"tset","code":"","credit":1,"desc":"asdgasdg","id":102661292975853568,"notice":"","path":"102661134905118720.jpg","place":"","starttime":"","teacher":{"id":1,"loginname":"admin","realname":"admin"},"teacherid":1,"type":"ä¸“ä¸šä¸»å¹²è¯¾"},{"classname":"","code":"","desc":"","id":102671213423366144,"notice":"","path":"","place":"","starttime":"","type":"åšé›…è¯¾"}],"pageNum":1,"pageSize":3,"total":2},"success":true}
2021-10-11 15:40:29.302 INFO  rainclassv3.aspect.LogAspect                      :100  [32m102671651598110720[0;39m ------------- ç»“æŸ è€—æ—¶ï¼š14 ms -------------
2021-10-11 15:47:29.556 INFO  rainclassv3.aspect.LogAspect                      :62   [32m102673414329864192[0;39m ------------- å¼€å§‹ -------------
2021-10-11 15:47:29.557 INFO  rainclassv3.aspect.LogAspect                      :63   [32m102673414329864192[0;39m è¯·æ±‚åœ°å€: http://127.0.0.1:9000/class/list GET
2021-10-11 15:47:29.557 INFO  rainclassv3.aspect.LogAspect                      :64   [32m102673414329864192[0;39m ç±»åæ–¹æ³•: rainclassv3.controller.ClassController.list
2021-10-11 15:47:29.557 INFO  rainclassv3.aspect.LogAspect                      :65   [32m102673414329864192[0;39m è¿œç¨‹åœ°å€: 127.0.0.1
2021-10-11 15:47:29.557 INFO  rainclassv3.aspect.LogAspect                      :87   [32m102673414329864192[0;39m è¯·æ±‚å‚æ•°: [{"classname":"","pageNum":1,"pageSize":3}]
2021-10-11 15:47:29.565 INFO  rainclassv3.aspect.LogAspect                      :99   [32m102673414329864192[0;39m è¿”å›ç»“æœ: {"content":{"list":[{"classname":"tset","code":"","credit":1,"desc":"asdgasdg","id":102661292975853568,"notice":"","path":"102661134905118720.jpg","place":"","starttime":"","teacher":{"id":1,"loginname":"admin","realname":"admin"},"teacherid":1,"type":"ä¸“ä¸šä¸»å¹²è¯¾"},{"classname":"","code":"","desc":"","id":102671213423366144,"notice":"","path":"","place":"","starttime":"","type":"åšé›…è¯¾"}],"pageNum":1,"pageSize":3,"total":2},"success":true}
2021-10-11 15:47:29.566 INFO  rainclassv3.aspect.LogAspect                      :100  [32m102673414329864192[0;39m ------------- ç»“æŸ è€—æ—¶ï¼š10 ms -------------
2021-10-11 15:47:54.712 INFO  rainclassv3.aspect.LogAspect                      :62   [32m102673519841775616[0;39m ------------- å¼€å§‹ -------------
2021-10-11 15:47:54.712 INFO  rainclassv3.aspect.LogAspect                      :63   [32m102673519841775616[0;39m è¯·æ±‚åœ°å€: http://127.0.0.1:9000/class/list GET
2021-10-11 15:47:54.712 INFO  rainclassv3.aspect.LogAspect                      :64   [32m102673519841775616[0;39m ç±»åæ–¹æ³•: rainclassv3.controller.ClassController.list
2021-10-11 15:47:54.713 INFO  rainclassv3.aspect.LogAspect                      :65   [32m102673519841775616[0;39m è¿œç¨‹åœ°å€: 127.0.0.1
2021-10-11 15:47:54.713 INFO  rainclassv3.aspect.LogAspect                      :87   [32m102673519841775616[0;39m è¯·æ±‚å‚æ•°: [{"classname":"","pageNum":1,"pageSize":3}]
2021-10-11 15:47:54.813 INFO  rainclassv3.aspect.LogAspect                      :99   [32m102673519841775616[0;39m è¿”å›ç»“æœ: {"content":{"list":[{"classname":"tset","code":"","credit":1,"desc":"asdgasdg","id":102661292975853568,"notice":"","path":"102661134905118720.jpg","place":"","starttime":"","teacher":{"id":1,"loginname":"admin","realname":"admin"},"teacherid":1,"type":"ä¸“ä¸šä¸»å¹²è¯¾"},{"classname":"","code":"","desc":"","id":102671213423366144,"notice":"","path":"","place":"","starttime":"","type":"åšé›…è¯¾"}],"pageNum":1,"pageSize":3,"total":2},"success":true}
2021-10-11 15:47:54.813 INFO  rainclassv3.aspect.LogAspect                      :100  [32m102673519841775616[0;39m ------------- ç»“æŸ è€—æ—¶ï¼š101 ms -------------
